Frequenz   SPL  Phase

20.00	61.80	-87.70
20.21	62.67	-94.57
21.06	63.55	-100.29
21.73	64.47	-106.44
22.41	65.19	-112.93
23.12	65.81	-118.12
23.85	66.52	-122.74
24.60	67.29	-127.65
25.38	67.98	-133.31
26.18	68.48	-138.49
27.01	69.04	-142.51
27.57	69.66	-147.12
28.44	70.16	-151.59
29.04	70.69	-155.41
29.95	71.29	-159.70
30.58	71.77	-164.42
31.22	72.16	-168.42
31.88	72.62	-171.99
32.88	73.08	-175.96
33.57	73.48	-179.71
34.27	73.90	176.81
34.99	74.34	173.07
35.72	74.73	169.31
36.47	75.10	165.66
37.23	75.44	161.98
38.01	75.92	157.13
38.81	76.10	155.44
39.21	76.43	152.18
40.03	76.76	148.86
40.87	77.07	145.50
41.73	77.35	142.30
42.16	77.63	139.18
43.04	77.91	136.06
43.94	78.18	133.03
44.40	78.45	130.02
45.33	78.70	126.98
45.80	78.95	123.98
46.76	79.18	121.07
47.25	79.43	118.16
48.24	79.64	115.24
48.74	79.86	112.47
49.76	80.08	109.61
50.28	80.28	106.82
51.33	80.49	104.09
51.86	80.68	101.28
52.40	80.86	98.52
53.50	81.03	95.83
54.06	81.21	93.24
54.62	81.38	90.64
55.76	81.55	88.05
56.35	81.72	85.41
56.93	81.87	82.73
57.52	82.00	80.18
58.73	82.14	77.72
59.34	82.28	75.26
59.96	82.42	72.81
60.58	82.56	70.35
61.21	82.68	67.86
62.49	82.80	65.45
63.15	82.96	61.92
63.80	83.07	59.57
64.47	83.13	58.42
65.14	83.23	56.10
65.82	83.33	53.79
66.50	83.43	51.50
67.19	83.52	49.24
67.89	83.61	47.02
68.60	83.70	44.82
69.31	83.78	42.62
70.04	83.87	40.44
70.77	83.94	38.30
71.50	84.02	36.16
72.25	84.09	34.04
73.00	84.16	31.96
73.76	84.23	29.91
74.53	84.30	27.88
75.30	84.37	25.83
76.09	84.44	23.78
76.88	84.50	21.75
77.68	84.56	19.70
78.49	84.61	17.69
79.31	84.66	15.72
80.13	84.71	13.75
80.97	84.81	9.88
81.81	84.85	7.98
82.66	84.90	6.08
83.52	84.94	4.18
84.39	84.98	2.31
85.27	85.02	0.46
86.16	85.09	-3.19
87.05	85.13	-4.98
87.96	85.18	-7.63
88.88	85.21	-9.39
89.80	85.27	-12.01
90.74	85.30	-13.76
91.68	85.34	-15.51
92.64	85.37	-17.25
93.60	85.43	-20.69
94.57	85.46	-22.39
95.56	85.49	-24.11
96.55	85.55	-27.51
97.56	85.57	-29.21
98.57	85.62	-32.53
99.60	85.64	-34.20
100.64	85.66	-35.85
101.69	85.71	-39.10
102.74	85.73	-40.69
103.81	85.79	-43.89
104.90	85.81	-45.53
105.99	85.87	-48.80
107.09	85.89	-50.43
108.21	85.94	-53.71
109.33	85.96	-55.35
110.47	86.00	-58.60
111.62	86.02	-60.22
112.78	86.07	-64.28
113.96	86.11	-67.56
115.14	86.13	-69.21
116.34	86.16	-71.72
117.55	86.19	-75.04
118.78	86.21	-76.71
120.01	86.24	-80.08
121.26	86.27	-83.49
122.53	86.28	-85.20
123.80	86.31	-88.69
125.09	86.32	-92.24
126.39	86.33	-95.81
127.71	86.33	-97.61
129.04	86.33	-101.25
130.38	86.32	-104.92
131.74	86.30	-108.64
133.11	86.28	-112.45
134.50	86.24	-116.34
135.90	86.19	-120.29
137.31	86.16	-122.28
138.74	86.06	-127.34
140.19	85.97	-131.48
141.65	85.86	-135.69
143.12	85.75	-138.90
144.61	85.60	-143.21
146.12	85.42	-147.60
147.64	85.09	-154.28
149.18	84.83	-158.75
150.73	84.54	-163.24
152.30	84.21	-167.72
153.88	83.84	-172.19
155.49	83.43	-176.60
157.10	82.98	179.05
158.74	82.23	172.66
160.39	81.68	168.49
162.06	81.08	164.41
163.75	79.91	157.69
165.45	79.18	154.03
167.18	78.39	150.52
168.92	77.31	146.39
170.68	76.37	143.25
172.45	75.34	140.36
174.25	73.59	136.60
176.06	72.25	134.60
177.90	69.84	132.99
179.75	67.87	133.86
181.62	64.41	143.15
183.51	61.80	163.82
185.42	60.89	-179.56
187.35	61.16	-150.69
189.30	61.93	-135.25
191.27	64.25	-116.80
193.27	66.49	-110.81
195.28	68.79	-108.86
197.31	69.98	-109.27
199.36	71.44	-110.82
201.44	72.61	-113.01
203.54	73.58	-115.40
205.66	74.42	-117.92
207.80	75.16	-120.49
209.96	75.82	-123.18
212.15	76.41	-125.86
214.36	77.03	-129.05
216.59	77.52	-131.83
218.84	77.88	-134.09
221.12	78.29	-136.76
223.42	78.68	-139.37
225.75	79.05	-141.96
228.10	79.41	-144.53
230.48	79.86	-147.93
232.88	80.18	-150.47
235.30	80.49	-152.97
237.75	80.94	-156.67
240.22	81.23	-159.10
242.73	81.52	-161.49
245.25	81.86	-164.27
247.81	82.14	-166.62
250.39	82.53	-169.71
252.99	82.83	-172.04
255.63	83.23	-175.16
258.29	83.64	-178.27
260.98	83.95	179.34
263.70	84.43	175.71
266.44	84.86	172.44
269.21	85.29	169.16
272.02	85.57	167.10
274.85	86.03	163.79
277.71	86.50	160.46
280.60	87.00	157.08
283.52	87.52	153.65
286.48	88.08	150.13
289.46	88.74	146.03
292.47	89.37	142.22
295.52	90.04	138.23
298.59	90.86	133.44
301.70	91.64	128.88
304.84	92.48	123.91
308.02	93.63	116.92
311.23	94.65	110.45
314.47	95.88	101.56
317.74	97.26	89.39
321.05	98.27	77.47
324.39	99.12	61.56
327.77	99.61	42.37
331.18	99.57	26.45
334.63	98.99	7.30
338.11	97.78	-11.02
341.63	96.71	-22.42
345.19	95.27	-34.00
348.78	94.02	-42.22
352.42	92.72	-49.90
356.08	91.54	-56.43
359.79	90.46	-62.10
363.54	89.42	-67.72
367.32	88.36	-73.45
371.15	87.55	-77.90
375.01	86.87	-81.76
378.92	86.15	-85.90
382.86	85.33	-90.67
386.85	84.68	-94.42
390.87	83.89	-99.15
394.94	83.30	-102.66
399.06	82.70	-106.38
403.21	82.08	-110.40
407.41	81.58	-113.70
411.65	81.01	-117.66
415.94	80.41	-121.83
420.27	79.89	-125.69
424.64	79.41	-129.21
429.06	78.91	-133.03
433.53	78.41	-136.81
438.04	77.89	-140.87
442.61	77.40	-144.59
447.21	76.84	-148.88
451.87	76.40	-152.16
456.57	75.93	-155.74
461.33	75.37	-159.82
466.13	74.86	-163.52
470.98	74.31	-167.47
475.89	73.80	-171.06
480.84	73.23	-174.91
485.85	72.73	-178.09
490.91	72.09	178.03
496.02	71.47	174.53
501.18	70.81	171.15
506.40	70.17	168.33
511.67	69.33	165.16
517.00	68.49	162.61
522.38	67.62	160.78
527.82	66.60	159.82
533.32	65.58	160.09
538.87	64.25	163.02
544.48	63.24	168.26
550.15	62.46	177.40
555.88	62.33	-171.95
561.66	62.82	-160.33
567.51	64.13	-149.33
573.42	65.95	-141.63
579.39	67.99	-138.16
585.42	70.29	-137.82
591.52	73.01	-141.76
597.68	75.25	-147.82
603.90	77.70	-157.80
610.19	79.61	-169.17
616.54	81.63	172.81
622.96	83.00	153.16
629.45	83.67	134.58
636.00	83.76	115.14
642.62	83.29	95.20
649.31	82.35	77.31
656.07	81.41	65.08
662.90	80.37	53.79
669.80	79.39	43.82
676.78	78.60	35.88
683.82	77.88	28.28
690.94	77.23	21.19
698.14	76.62	14.15
705.41	76.08	7.39
712.75	75.61	0.82
720.17	75.18	-5.64
727.67	74.75	-12.63
735.25	74.40	-18.54
742.90	74.06	-25.04
750.64	73.71	-31.75
758.45	73.41	-38.33
766.35	73.16	-44.35
774.33	72.91	-50.96
782.39	72.66	-57.61
790.53	72.44	-64.15
798.76	72.21	-71.33
807.08	72.01	-77.87
815.48	71.83	-84.33
823.97	71.65	-91.37
832.55	71.49	-98.41
841.22	71.35	-105.46
849.98	71.22	-112.49
858.83	71.11	-119.48
867.77	71.02	-126.49
876.81	70.95	-133.52
885.93	70.90	-141.15
895.16	70.90	-148.28
904.48	70.92	-156.20
913.90	70.97	-164.49
923.41	71.01	-173.15
933.02	71.02	177.86
942.74	70.98	168.66
952.55	70.87	158.76
962.47	70.71	149.41
972.49	70.52	140.43
982.62	70.33	131.49
992.85	70.18	122.82
1003.19	70.06	114.29
1013.63	69.98	105.47
1024.18	69.95	97.16
1034.85	69.93	87.81
1045.62	69.94	78.31
1056.51	69.96	69.27
1067.51	70.00	58.66
1078.62	70.03	48.51
1089.85	70.07	37.68
1101.20	70.09	26.48
1112.66	70.03	15.00
1124.25	69.91	3.57
1135.95	69.75	-7.99
1147.78	69.59	-19.26
1159.73	69.45	-30.58
1171.81	69.33	-42.85
1184.01	69.20	-55.66
1196.33	69.00	-68.73
1208.79	68.65	-82.30
1221.37	68.03	-97.31
1234.09	67.28	-109.90
1246.94	66.37	-122.01
1259.92	65.41	-132.84
1273.04	64.31	-142.75
1286.29	63.29	-150.09
1299.69	62.38	-155.63
1313.22	61.85	-159.83
1326.89	61.63	-163.70
1340.70	61.73	-167.93
1354.66	62.15	-172.89
1368.77	62.78	-179.97
1383.02	63.41	171.70
1397.42	64.05	161.28
1411.97	64.62	150.85
1426.67	65.20	139.48
1441.52	65.78	128.14
1456.53	66.43	116.03
1471.69	67.09	103.31
1487.02	67.80	90.01
1502.50	68.57	75.16
1518.14	69.38	58.63
1533.95	70.05	41.92
1549.92	70.67	22.21
1566.06	71.03	1.43
1582.36	71.06	-19.91
1598.84	70.67	-41.84
1615.48	69.98	-62.30
1632.30	69.07	-81.14
1649.30	68.00	-97.39
1666.47	67.01	-111.15
1683.82	66.12	-123.56
1701.35	65.49	-134.66
1719.06	65.10	-144.95
1736.96	64.96	-155.36
1755.05	65.06	-165.43
1773.32	65.41	-176.52
1791.78	65.95	171.23
1810.44	66.61	157.31
1829.29	67.36	142.20
1848.33	68.16	125.50
1867.58	68.88	107.13
1887.02	69.45	87.56
1906.67	69.75	66.41
1926.52	69.56	48.77
1946.58	70.31	29.85
1966.84	70.83	9.14
1987.32	71.45	-13.10
2008.01	71.59	-40.14
2028.92	71.31	-64.24
2050.04	70.47	-92.15
2071.39	69.00	-112.78
2092.95	67.75	-129.90
2114.74	66.91	-142.83
2136.76	66.78	-154.98
2159.01	67.09	-169.60
2181.49	67.66	174.45
2204.20	68.36	155.45
2227.15	68.91	134.03
2250.34	69.44	112.29
2273.76	69.89	88.64
2297.44	70.14	63.12
2321.36	70.14	37.92
2345.53	69.83	11.84
2369.95	69.08	-13.52
2394.62	68.18	-34.59
2419.55	67.58	-52.53
2444.74	67.55	-70.55
2470.20	67.84	-90.13
2495.92	68.28	-111.29
2521.90	68.81	-134.12
2548.16	69.34	-160.47
2574.69	69.35	170.93
2601.50	68.75	142.86
2628.58	67.84	118.78
2655.95	67.21	98.84
2683.60	67.08	79.33
2711.54	67.30	59.36
2739.77	67.87	37.65
2768.30	68.75	14.51
2797.12	69.72	-12.83
2826.24	70.30	-44.00
2855.67	70.40	-75.73
2885.40	70.08	-107.63
2915.44	69.39	-137.75
2945.80	68.63	-164.66
2976.47	67.98	170.33
3007.45	67.51	146.66
3038.77	67.32	123.48
3070.41	67.53	100.73
3102.37	68.06	76.02
3134.67	68.56	49.03
3167.31	68.77	22.45
3200.29	69.67	-3.25
3233.61	70.87	-31.44
3267.27	71.94	-65.86
3301.29	72.62	-99.86
3335.66	73.23	-135.34
3370.39	73.48	-175.81
3405.48	72.91	147.63
3440.94	72.08	116.00
3476.76	71.97	87.27
3512.96	72.30	58.08
3549.54	73.18	27.17
3586.49	74.42	-8.47
3623.83	75.50	-49.35
3661.56	75.98	-93.58
3699.69	75.57	-139.16
3738.20	74.40	177.61
3777.13	73.04	141.66
3816.45	72.36	109.06
3856.19	72.44	76.14
3896.33	72.93	39.18
3936.90	73.61	-2.06
3977.89	73.67	-49.17
4019.31	72.76	-99.36
4061.15	70.83	-147.07
4103.44	67.59	172.85
4146.16	65.24	147.25
4189.33	64.50	123.43
4232.94	64.82	95.76
4277.01	65.37	61.29
4321.55	66.08	26.92
4366.54	66.88	-15.83
4412.00	66.87	-57.09
4457.94	66.81	-98.33
4504.35	66.64	-138.60
4551.25	66.62	-177.96
4598.63	66.83	142.63
4646.51	67.94	100.37
4694.89	68.08	51.62
4743.77	67.66	4.77
4793.16	67.40	-38.03
4843.06	67.50	-82.33
4893.49	67.49	-129.10
4944.44	67.15	-175.40
4995.91	66.94	140.74
5047.93	67.11	95.57
5100.49	67.23	48.86
5153.59	67.45	2.61
5207.25	67.92	-46.87
5261.46	68.21	-98.92
5316.24	68.06	-152.61
5371.59	67.17	154.42
5427.52	66.43	107.23
5484.03	66.11	58.41
5541.12	65.77	12.79
5598.82	65.82	-33.23
5657.11	66.49	-81.24
5716.01	67.68	-133.53
5775.52	68.12	170.00
5835.65	68.57	116.47
5896.41	69.14	59.62
5957.80	69.59	0.64
6019.83	69.54	-61.44
6082.50	69.27	-117.95
6145.83	69.59	-175.95
6209.82	69.67	121.17
6274.47	68.96	56.93
6339.80	67.65	-1.00
6405.81	67.50	-54.24
6472.50	67.53	-114.33
6539.89	66.61	-173.77
6607.98	66.07	134.79
6676.78	66.62	84.66
6746.29	68.33	26.75
6816.53	69.26	-33.92
6887.50	70.54	-92.66
6959.21	73.00	-155.57
7031.67	75.44	132.76
7104.88	77.27	52.66
7178.85	78.33	-26.87
7253.59	79.26	-111.02
7329.11	79.27	129.54
7405.42	77.31	-83.87
7482.52	74.17	-8.65
7560.43	72.38	22.96
7639.14	70.17	62.80
7718.68	69.09	109.49
7799.04	69.52	-132.72
7880.24	70.70	67.77
7962.29	72.52	-31.59
8045.19	73.76	-107.51
8128.95	74.62	165.43
8213.58	74.58	80.28
8299.10	74.56	-0.70
8385.50	73.96	-85.48
8472.81	73.78	-167.03
8561.02	73.52	109.45
8650.16	73.40	29.81
8740.22	73.89	-55.01
8831.22	73.37	-139.52
8923.16	74.46	133.57
9016.07	74.01	40.10
9109.94	74.00	-49.51
9204.79	73.35	-140.95
9300.62	73.37	132.91
9397.46	73.66	35.60
9495.30	73.40	-55.53
9594.16	73.95	-158.27
9694.05	74.87	55.74
9794.98	76.35	-113.09
9896.96	76.11	70.90
