Frequenz   SPL   Phase

20.00	61.73	-88.42
20.21	62.74	-94.21
21.06	63.65	-101.10
21.73	64.33	-107.07
22.41	65.06	-112.03
23.12	65.85	-116.76
23.85	66.64	-121.96
24.60	67.33	-127.27
25.38	67.98	-132.01
26.18	68.64	-137.08
27.01	69.16	-141.70
27.57	69.74	-145.67
28.44	70.36	-150.06
29.04	70.91	-154.47
29.95	71.43	-158.90
30.58	71.91	-163.12
31.22	72.38	-167.17
31.88	72.84	-171.29
32.88	73.24	-175.33
33.57	73.61	-179.14
34.27	73.97	177.48
34.99	74.38	174.14
35.72	74.76	170.74
36.47	75.14	167.51
37.23	75.55	164.11
38.01	76.07	158.79
38.81	76.23	157.18
39.21	76.55	153.88
40.03	76.85	150.67
40.87	77.16	147.64
41.73	77.48	144.56
42.16	77.78	141.48
43.04	78.08	138.41
43.94	78.37	135.28
44.40	78.63	132.14
45.33	78.88	129.11
45.80	79.11	126.12
46.76	79.33	123.25
47.25	79.55	120.51
48.24	79.78	117.81
48.74	80.01	115.13
49.76	80.25	112.38
50.28	80.47	109.61
51.33	80.68	106.81
51.86	80.88	104.03
52.40	81.06	101.32
53.50	81.24	98.65
54.06	81.41	96.05
54.62	81.57	93.53
55.76	81.74	91.06
56.35	81.92	88.57
56.93	82.09	86.02
57.52	82.24	83.45
58.73	82.39	80.92
59.34	82.52	78.46
59.96	82.65	76.09
60.58	82.79	73.77
61.21	82.92	71.44
62.49	83.06	69.07
63.15	83.24	65.58
63.80	83.37	63.24
64.47	83.42	62.09
65.14	83.53	59.80
65.82	83.64	57.54
66.50	83.74	55.30
67.19	83.84	53.06
67.89	83.94	50.87
68.60	84.03	48.71
69.31	84.12	46.58
70.04	84.21	44.48
70.77	84.29	42.38
71.50	84.38	40.29
72.25	84.46	38.21
73.00	84.54	36.16
73.76	84.62	34.13
74.53	84.70	32.11
75.30	84.77	30.09
76.09	84.84	28.10
76.88	84.91	26.14
77.68	84.98	24.20
78.49	85.04	22.26
79.31	85.11	20.30
80.13	85.16	18.39
80.97	85.28	14.65
81.81	85.34	12.78
82.66	85.40	10.92
83.52	85.45	9.09
84.39	85.50	7.28
85.27	85.55	5.46
86.16	85.65	1.89
87.05	85.70	0.11
87.96	85.76	-2.48
88.88	85.81	-4.20
89.80	85.88	-6.77
90.74	85.93	-8.48
91.68	85.97	-10.17
92.64	86.01	-11.84
93.60	86.11	-15.19
94.57	86.15	-16.85
95.56	86.19	-18.53
96.55	86.27	-21.80
97.56	86.32	-23.42
98.57	86.40	-26.72
99.60	86.44	-28.33
100.64	86.48	-29.94
101.69	86.56	-33.13
102.74	86.60	-34.74
103.81	86.68	-37.90
104.90	86.72	-39.47
105.99	86.81	-42.63
107.09	86.85	-44.23
108.21	86.93	-47.43
109.33	86.97	-49.03
110.47	87.05	-52.19
111.62	87.09	-53.76
112.78	87.19	-57.74
113.96	87.28	-60.96
115.14	87.32	-62.58
116.34	87.38	-65.03
117.55	87.45	-68.28
118.78	87.49	-69.91
120.01	87.57	-73.19
121.26	87.65	-76.49
122.53	87.69	-78.17
123.80	87.77	-81.55
125.09	87.85	-85.04
126.39	87.91	-88.57
127.71	87.94	-90.34
129.04	88.00	-93.91
130.38	88.06	-97.55
131.74	88.10	-101.24
133.11	88.15	-104.97
134.50	88.18	-108.81
135.90	88.20	-112.71
137.31	88.21	-114.67
138.74	88.21	-119.64
140.19	88.20	-123.69
141.65	88.18	-127.81
143.12	88.15	-130.96
144.61	88.09	-135.19
146.12	88.02	-139.49
147.64	87.87	-146.03
149.18	87.74	-150.41
150.73	87.58	-154.80
152.30	87.39	-159.16
153.88	87.19	-163.52
155.49	86.96	-167.84
157.10	86.72	-172.13
158.74	86.30	-178.54
160.39	86.00	177.20
162.06	85.66	172.98
163.75	85.00	165.78
165.45	84.59	161.79
167.18	84.16	157.88
168.92	83.58	153.17
170.68	83.09	149.48
172.45	82.58	145.95
174.25	81.77	140.86
176.06	81.20	137.60
177.90	80.30	132.99
179.75	79.68	130.10
181.62	78.70	125.99
183.51	77.66	122.15
185.42	76.93	119.78
187.35	75.57	115.96
189.30	74.74	113.92
191.27	73.39	111.19
193.27	72.11	109.36
195.28	70.42	107.74
197.31	69.13	107.27
199.36	66.88	108.30
201.44	64.18	113.77
203.54	61.58	127.45
205.66	59.89	147.19
207.80	59.30	169.00
209.96	59.74	-169.38
212.15	61.27	-150.30
214.36	63.92	-137.86
216.59	66.07	-133.31
218.84	67.49	-132.47
221.12	68.96	-132.45
223.42	70.19	-133.30
225.75	71.24	-134.53
228.10	72.17	-136.09
230.48	73.24	-138.53
232.88	73.95	-140.44
235.30	74.60	-142.36
237.75	75.50	-145.30
240.22	76.05	-147.30
242.73	76.58	-149.26
245.25	77.16	-151.58
247.81	77.65	-153.59
250.39	78.29	-156.26
252.99	78.75	-158.29
255.63	79.37	-161.07
258.29	79.96	-163.91
260.98	80.41	-166.07
263.70	81.07	-169.39
266.44	81.66	-172.41
269.21	82.23	-175.45
272.02	82.60	-177.35
274.85	83.19	179.59
277.71	83.79	176.48
280.60	84.41	173.32
283.52	85.04	170.09
286.48	85.71	166.78
289.46	86.50	162.88
292.47	87.23	159.28
295.52	88.00	155.49
298.59	88.94	150.91
301.70	89.82	146.53
304.84	90.77	141.73
308.02	92.08	134.88
311.23	93.21	128.44
314.47	94.58	119.39
317.74	96.11	106.81
321.05	97.22	94.35
324.39	98.10	77.77
327.77	98.59	57.98
331.18	98.52	41.77
334.63	97.87	22.61
338.11	96.60	4.77
341.63	95.51	-6.10
345.19	94.10	-16.93
348.78	92.90	-24.53
352.42	91.67	-31.62
356.08	90.58	-37.68
359.79	89.59	-42.95
363.54	88.63	-48.15
367.32	87.68	-53.49
371.15	86.96	-57.65
375.01	86.36	-61.25
378.92	85.72	-65.10
382.86	85.01	-69.56
386.85	84.44	-73.06
390.87	83.78	-77.46
394.94	83.29	-80.73
399.06	82.80	-84.25
403.21	82.29	-88.02
407.41	81.90	-91.12
411.65	81.45	-94.88
415.94	80.99	-98.86
420.27	80.58	-102.53
424.64	80.23	-105.87
429.06	79.86	-109.50
433.53	79.51	-113.12
438.04	79.14	-117.00
442.61	78.80	-120.56
447.21	78.43	-124.66
451.87	78.14	-127.83
456.57	77.85	-131.26
461.33	77.51	-135.18
466.13	77.22	-138.78
470.98	76.93	-142.66
475.89	76.68	-146.27
480.84	76.41	-150.20
485.85	76.19	-153.55
490.91	75.93	-157.75
496.02	75.69	-161.70
501.18	75.45	-165.63
506.40	75.23	-169.19
511.67	74.98	-173.55
517.00	74.76	-177.67
522.38	74.55	178.52
527.82	74.34	174.49
533.32	74.16	170.72
538.87	73.93	166.14
544.48	73.75	162.43
550.15	73.55	158.26
555.88	73.37	154.44
561.66	73.19	150.42
567.51	73.02	146.29
573.42	72.88	142.51
579.39	72.78	139.07
585.42	72.70	135.44
591.52	72.67	131.17
597.68	72.70	127.60
603.90	72.83	123.32
610.19	73.00	119.19
616.54	73.23	112.99
622.96	73.38	106.40
629.45	73.43	100.07
636.00	73.37	93.19
642.62	73.17	85.75
649.31	72.87	78.68
656.07	72.61	73.36
662.90	72.35	67.89
669.80	72.14	62.51
676.78	71.99	57.68
683.82	71.87	52.63
690.94	71.77	47.60
698.14	71.68	42.36
705.41	71.64	37.10
712.75	71.61	31.76
720.17	71.60	26.38
727.67	71.60	20.41
735.25	71.61	15.25
742.90	71.65	9.48
750.64	71.69	3.43
758.45	71.76	-2.55
766.35	71.85	-8.14
774.33	71.95	-14.30
782.39	72.07	-20.57
790.53	72.22	-26.84
798.76	72.40	-33.82
807.08	72.58	-40.25
815.48	72.79	-46.70
823.97	73.05	-53.89
832.55	73.36	-61.25
841.22	73.70	-68.83
849.98	74.08	-76.60
858.83	74.52	-84.71
867.77	75.01	-93.29
876.81	75.54	-102.37
885.93	76.17	-112.98
895.16	76.81	-123.89
904.48	77.50	-137.08
913.90	78.12	-152.29
923.41	78.53	-169.25
933.02	78.62	172.36
942.74	78.25	153.36
952.55	77.42	133.39
962.47	76.18	115.72
972.49	74.64	100.38
982.62	72.88	87.18
992.85	71.09	76.92
1003.19	69.36	68.96
1013.63	67.71	63.00
1024.18	66.36	59.14
1034.85	65.08	56.43
1045.62	64.14	55.07
1056.51	63.54	54.30
1067.51	63.24	53.42
1078.62	63.25	52.02
1089.85	63.53	49.49
1101.20	63.99	45.37
1112.66	64.50	39.82
1124.25	65.02	33.19
1135.95	65.54	25.60
1147.78	66.08	17.36
1159.73	66.64	8.41
1171.81	67.25	-2.02
1184.01	67.85	-13.48
1196.33	68.37	-25.86
1208.79	68.72	-39.18
1221.37	68.89	-54.41
1234.09	68.87	-67.77
1246.94	68.75	-81.37
1259.92	68.56	-94.61
1273.04	68.27	-108.16
1286.29	67.93	-120.14
1299.69	67.61	-132.07
1313.22	67.42	-143.39
1326.89	67.29	-154.95
1340.70	67.19	-167.32
1354.66	67.12	-179.46
1368.77	66.99	166.95
1383.02	66.71	153.70
1397.42	66.20	139.62
1411.97	65.59	127.46
1426.67	64.91	116.15
1441.52	64.32	106.76
1456.53	63.87	98.40
1471.69	63.62	90.92
1487.02	63.63	84.02
1502.50	63.95	76.73
1518.14	64.62	68.23
1533.95	65.43	58.70
1549.92	66.47	45.99
1566.06	67.44	31.00
1582.36	68.23	14.18
1598.84	68.75	-4.64
1615.48	68.98	-23.54
1632.30	68.99	-42.11
1649.30	68.80	-59.54
1666.47	68.60	-75.68
1683.82	68.41	-91.82
1701.35	68.29	-107.40
1719.06	68.23	-122.90
1736.96	68.17	-138.93
1755.05	68.16	-154.27
1773.32	68.18	-170.12
1791.78	68.24	173.83
1810.44	68.30	156.85
1829.29	68.36	139.97
1848.33	68.47	122.77
1867.58	68.59	105.12
1887.02	68.67	86.90
1906.67	68.72	67.39
1926.52	68.50	43.63
1946.58	67.29	27.42
1966.84	66.76	13.67
1987.32	66.76	0.92
2008.01	66.96	-15.69
2028.92	66.88	-31.07
2050.04	67.66	-44.50
2071.39	68.36	-63.95
2092.95	68.93	-86.05
2114.74	69.01	-107.27
2136.76	69.16	-127.25
2159.01	69.40	-149.09
2181.49	69.55	-171.71
2204.20	69.30	163.97
2227.15	68.43	141.98
2250.34	67.97	125.88
2273.76	68.18	108.89
2297.44	68.60	89.17
2321.36	69.08	68.77
2345.53	69.71	46.23
2369.95	70.33	18.60
2394.62	70.09	-10.51
2419.55	69.11	-37.98
2444.74	67.76	-60.66
2470.20	66.79	-78.63
2495.92	66.32	-94.84
2521.90	66.29	-110.66
2548.16	66.74	-127.07
2574.69	67.76	-145.83
2601.50	68.91	-170.26
2628.58	69.68	162.45
2655.95	70.09	134.41
2683.60	70.25	105.70
2711.54	70.20	77.39
2739.77	70.00	48.74
2768.30	69.75	21.57
2797.12	69.47	-5.63
2826.24	69.09	-33.68
2855.67	68.45	-61.38
2885.40	67.51	-87.21
2915.44	66.71	-109.13
2945.80	66.43	-129.15
2976.47	66.57	-149.72
3007.45	67.02	-171.18
3038.77	67.86	165.20
3070.41	68.94	138.58
3102.37	69.83	108.28
3134.67	70.40	76.42
3167.31	70.77	43.66
3200.29	70.75	10.63
3233.61	70.53	-22.54
3267.27	70.11	-53.62
3301.29	69.82	-83.58
3335.66	69.30	-113.28
3370.39	68.62	-138.87
3405.48	69.00	-162.33
3440.94	69.91	171.35
3476.76	70.77	142.33
3512.96	71.92	114.26
3549.54	73.80	81.99
3586.49	75.56	40.80
3623.83	76.38	-2.06
3661.56	76.91	-44.66
3699.69	77.04	-89.21
3738.20	76.48	-134.18
3777.13	75.59	-173.94
3816.45	74.94	148.28
3856.19	74.65	111.34
3896.33	74.49	71.97
3936.90	74.24	31.34
3977.89	73.62	-8.80
4019.31	72.90	-48.35
4061.15	72.47	-89.47
4103.44	71.53	-129.42
4146.16	70.60	-168.42
4189.33	69.90	156.06
4232.94	69.67	119.32
4277.01	69.10	76.67
4321.55	68.42	39.20
4366.54	68.05	1.61
4412.00	67.75	-38.33
4457.94	67.47	-77.55
4504.35	67.24	-117.64
4551.25	67.09	-158.87
4598.63	66.77	157.70
4646.51	65.98	115.94
4694.89	65.43	75.15
4743.77	64.79	35.86
4793.16	64.54	-1.19
4843.06	64.92	-38.62
4893.49	65.68	-81.13
4944.44	66.19	-125.94
4995.91	66.74	-172.26
5047.93	67.05	138.84
5100.49	66.86	89.01
5153.59	66.39	43.10
5207.25	66.60	-1.05
5261.46	67.33	-49.61
5316.24	67.65	-101.63
5371.59	67.57	-154.29
5427.52	67.50	154.39
5484.03	67.52	99.11
5541.12	66.81	45.87
5598.82	66.33	-7.21
5657.11	64.82	-77.97
5716.01	63.88	173.27
5775.52	63.58	59.58
5835.65	63.44	-52.04
5896.41	62.66	-166.28
5957.80	62.44	91.08
6019.83	64.26	17.93
6082.50	65.17	-35.11
6145.83	66.39	-90.00
6209.82	67.29	-147.96
6274.47	68.16	151.38
6339.80	68.63	91.20
6405.81	69.30	29.89
6472.50	69.40	-34.02
6539.89	69.11	-94.97
6607.98	69.27	-152.87
6676.78	69.39	148.27
6746.29	70.51	90.49
6816.53	71.74	26.51
6887.50	72.87	-39.09
6959.21	74.18	-106.83
7031.67	75.22	-175.85
7104.88	76.42	106.93
7178.85	76.79	28.97
7253.59	76.95	-51.80
7329.11	76.00	-162.59
7405.42	75.78	8.92
7482.52	75.74	171.17
7560.43	75.94	-27.62
7639.14	76.14	133.96
7718.68	76.85	-56.71
7799.04	78.07	171.00
7880.24	78.24	79.49
7962.29	77.67	-10.96
8045.19	76.31	-98.11
8128.95	74.65	172.34
8213.58	72.55	93.47
8299.10	71.41	13.19
8385.50	70.95	-71.35
8472.81	70.23	-160.16
8561.02	70.50	100.36
8650.16	70.69	-21.37
8740.22	70.47	-173.62
8831.22	70.94	25.20
8923.16	71.68	-140.84
9016.07	72.24	55.11
9109.94	73.64	-91.71
9204.79	75.86	134.65
9300.62	77.31	19.02
9397.46	77.72	-89.55
9495.30	79.28	170.03
9594.16	80.71	61.77
9694.05	79.99	-85.68
9794.98	79.95	113.96
9896.96	80.56	-52.37
