Frequenz   SPL  Phase

20.00	61.90	-99.16
20.21	62.80	-104.31
21.06	63.63	-109.92
21.73	64.45	-115.10
22.41	65.22	-120.55
23.12	65.92	-125.61
23.85	66.63	-130.60
24.60	67.22	-135.66
25.38	67.78	-139.84
26.18	68.43	-143.82
27.01	69.05	-148.11
27.57	69.62	-152.35
28.44	70.19	-156.36
29.04	70.76	-160.57
29.95	71.26	-164.77
30.58	71.74	-168.86
31.22	72.16	-172.75
31.88	72.59	-176.15
32.88	73.07	-179.79
33.57	73.48	176.37
34.27	73.86	173.00
34.99	74.27	169.58
35.72	74.65	166.18
36.47	75.03	162.77
37.23	75.37	159.37
38.01	75.86	154.66
38.81	76.02	153.14
39.21	76.34	150.11
40.03	76.66	147.14
40.87	76.98	144.26
41.73	77.31	141.30
42.16	77.62	138.30
43.04	77.92	135.24
43.94	78.19	132.21
44.40	78.45	129.36
45.33	78.71	126.53
45.80	78.97	123.81
46.76	79.25	121.01
47.25	79.50	118.14
48.24	79.74	115.26
48.74	79.96	112.37
49.76	80.16	109.61
50.28	80.35	106.95
51.33	80.54	104.40
51.86	80.73	101.91
52.40	80.93	99.39
53.50	81.13	96.89
54.06	81.32	94.38
54.62	81.51	91.87
55.76	81.67	89.31
56.35	81.84	86.92
56.93	82.00	84.52
57.52	82.16	82.16
58.73	82.33	79.92
59.34	82.50	77.46
59.96	82.65	75.05
60.58	82.80	72.69
61.21	82.94	70.27
62.49	83.07	67.94
63.15	83.25	64.57
63.80	83.38	62.35
64.47	83.44	61.25
65.14	83.56	59.04
65.82	83.68	56.87
66.50	83.80	54.68
67.19	83.91	52.51
67.89	84.02	50.34
68.60	84.12	48.19
69.31	84.22	46.09
70.04	84.32	44.00
70.77	84.41	41.93
71.50	84.51	39.88
72.25	84.60	37.83
73.00	84.68	35.83
73.76	84.76	33.87
74.53	84.85	31.91
75.30	84.94	29.93
76.09	85.02	27.99
76.88	85.10	26.08
77.68	85.18	24.15
78.49	85.25	22.22
79.31	85.33	20.31
80.13	85.40	18.46
80.97	85.54	14.72
81.81	85.60	12.89
82.66	85.67	11.07
83.52	85.73	9.26
84.39	85.79	7.45
85.27	85.85	5.68
86.16	85.97	2.20
87.05	86.03	0.47
87.96	86.12	-2.07
88.88	86.18	-3.77
89.80	86.26	-6.32
90.74	86.32	-7.99
91.68	86.38	-9.66
92.64	86.44	-11.32
93.60	86.55	-14.65
94.57	86.60	-16.29
95.56	86.66	-17.91
96.55	86.77	-21.18
97.56	86.82	-22.79
98.57	86.92	-25.97
99.60	86.97	-27.56
100.64	87.03	-29.14
101.69	87.13	-32.26
102.74	87.19	-33.79
103.81	87.30	-36.92
104.90	87.36	-38.48
105.99	87.48	-41.62
107.09	87.54	-43.21
108.21	87.65	-46.36
109.33	87.70	-47.93
110.47	87.81	-51.08
111.62	87.87	-52.64
112.78	88.02	-56.58
113.96	88.13	-59.77
115.14	88.19	-61.38
116.34	88.27	-63.78
117.55	88.38	-66.99
118.78	88.44	-68.60
120.01	88.56	-71.81
121.26	88.68	-75.08
122.53	88.74	-76.74
123.80	88.86	-80.12
125.09	88.98	-83.58
126.39	89.09	-87.10
127.71	89.14	-88.87
129.04	89.24	-92.43
130.38	89.34	-96.03
131.74	89.43	-99.66
133.11	89.53	-103.36
134.50	89.62	-107.15
135.90	89.69	-111.03
137.31	89.73	-112.98
138.74	89.80	-117.97
140.19	89.84	-122.02
141.65	89.87	-126.12
143.12	89.89	-129.24
144.61	89.89	-133.43
146.12	89.88	-137.67
147.64	89.84	-144.10
149.18	89.78	-148.43
150.73	89.71	-152.76
152.30	89.62	-157.11
153.88	89.51	-161.48
155.49	89.37	-165.84
157.10	89.22	-170.18
158.74	88.95	-176.67
160.39	88.75	179.02
162.06	88.52	174.76
163.75	88.05	167.50
165.45	87.76	163.49
167.18	87.45	159.59
168.92	87.05	154.84
170.68	86.71	151.13
172.45	86.36	147.52
174.25	85.81	142.31
176.06	85.43	138.97
177.90	84.83	134.17
179.75	84.42	131.15
181.62	83.81	126.83
183.51	83.19	122.72
185.42	82.78	120.10
187.35	82.05	115.67
189.30	81.63	113.18
191.27	80.98	109.53
193.27	80.42	106.60
195.28	79.74	103.20
197.31	79.27	100.99
199.36	78.54	97.81
201.44	77.79	94.81
203.54	77.00	92.02
205.66	76.19	89.48
207.80	75.35	87.05
209.96	74.47	84.81
212.15	73.54	82.76
214.36	72.37	80.71
216.59	71.27	79.16
218.84	70.25	78.36
221.12	68.94	77.93
223.42	67.47	78.37
225.75	65.80	80.34
228.10	63.96	84.99
230.48	61.51	97.38
232.88	60.15	111.38
235.30	59.42	127.75
237.75	59.83	152.56
240.22	60.79	167.38
242.73	62.28	179.35
245.25	64.29	-172.51
247.81	65.95	-168.52
250.39	67.89	-166.36
252.99	69.15	-166.05
255.63	70.64	-166.61
258.29	71.96	-167.87
260.98	72.87	-169.17
263.70	74.11	-171.41
266.44	75.14	-173.68
269.21	76.11	-176.08
272.02	76.70	-177.66
274.85	77.61	179.76
277.71	78.51	177.05
280.60	79.40	174.23
283.52	80.28	171.30
286.48	81.17	168.23
289.46	82.19	164.58
292.47	83.12	161.18
295.52	84.09	157.55
298.59	85.22	153.09
301.70	86.28	148.77
304.84	87.40	143.97
308.02	88.91	137.04
311.23	90.20	130.43
314.47	91.73	121.03
317.74	93.41	107.79
321.05	94.59	94.75
324.39	95.49	77.61
327.77	95.97	57.46
331.18	95.88	41.24
334.63	95.20	22.38
338.11	93.94	5.26
341.63	92.89	-5.01
345.19	91.56	-15.21
348.78	90.46	-22.35
352.42	89.35	-29.07
356.08	88.36	-34.85
359.79	87.48	-39.90
363.54	86.63	-44.93
367.32	85.80	-50.07
371.15	85.17	-54.11
375.01	84.66	-57.60
378.92	84.11	-61.36
382.86	83.51	-65.69
386.85	83.04	-69.12
390.87	82.48	-73.43
394.94	82.09	-76.65
399.06	81.69	-80.10
403.21	81.29	-83.84
407.41	80.98	-86.91
411.65	80.63	-90.61
415.94	80.28	-94.52
420.27	79.98	-98.15
424.64	79.72	-101.45
429.06	79.46	-105.05
433.53	79.21	-108.62
438.04	78.96	-112.47
442.61	78.74	-116.03
447.21	78.49	-120.11
451.87	78.32	-123.27
456.57	78.14	-126.69
461.33	77.95	-130.67
466.13	77.79	-134.30
470.98	77.64	-138.21
475.89	77.53	-141.87
480.84	77.41	-145.82
485.85	77.33	-149.19
490.91	77.26	-153.47
496.02	77.20	-157.50
501.18	77.14	-161.54
506.40	77.11	-165.22
511.67	77.10	-169.81
517.00	77.10	-174.17
522.38	77.12	-178.22
527.82	77.17	177.45
533.32	77.24	173.34
538.87	77.35	168.28
544.48	77.47	164.13
550.15	77.65	159.32
555.88	77.86	154.70
561.66	78.13	149.65
567.51	78.48	144.07
573.42	78.88	138.56
579.39	79.33	133.01
585.42	79.90	126.55
591.52	80.68	117.75
597.68	81.43	109.11
603.90	82.34	97.29
610.19	83.04	85.06
616.54	83.62	66.57
622.96	83.67	47.09
629.45	83.22	29.04
636.00	82.15	10.56
642.62	80.41	-7.85
649.31	78.14	-23.52
656.07	76.07	-33.34
662.90	73.77	-41.19
669.80	71.46	-46.66
676.78	69.49	-49.47
683.82	67.58	-50.32
690.94	65.85	-49.17
698.14	64.29	-46.16
705.41	63.10	-41.58
712.75	62.34	-36.16
720.17	61.96	-30.79
727.67	61.95	-25.62
735.25	62.24	-22.37
742.90	62.76	-20.38
750.64	63.41	-19.95
758.45	64.13	-20.92
766.35	64.78	-23.01
774.33	65.50	-26.09
782.39	66.18	-29.94
790.53	66.85	-34.28
798.76	67.58	-39.54
807.08	68.22	-44.72
815.48	68.88	-50.21
823.97	69.60	-56.51
832.55	70.35	-63.18
841.22	71.12	-70.28
849.98	71.91	-77.66
858.83	72.74	-85.51
867.77	73.63	-93.88
876.81	74.55	-102.87
885.93	75.61	-113.48
895.16	76.65	-124.46
904.48	77.79	-137.86
913.90	78.85	-153.42
923.41	79.74	-170.90
933.02	80.31	170.00
942.74	80.46	150.03
952.55	80.20	128.71
962.47	79.53	109.33
972.49	78.58	91.82
982.62	77.44	75.80
992.85	76.28	61.96
1003.19	75.16	49.58
1013.63	74.09	38.03
1024.18	73.16	28.06
1034.85	72.22	17.62
1045.62	71.36	7.68
1056.51	70.61	-1.30
1067.51	69.83	-11.34
1078.62	69.13	-20.59
1089.85	68.45	-30.03
1101.20	67.77	-39.42
1112.66	67.07	-48.63
1124.25	66.33	-57.35
1135.95	65.58	-65.60
1147.78	64.88	-73.01
1159.73	64.27	-79.81
1171.81	63.76	-86.53
1184.01	63.38	-93.14
1196.33	63.13	-99.70
1208.79	62.94	-106.56
1221.37	62.77	-114.22
1234.09	62.66	-120.91
1246.94	62.67	-127.88
1259.92	62.78	-135.22
1273.04	62.94	-143.37
1286.29	63.12	-151.15
1299.69	63.43	-159.36
1313.22	63.90	-167.89
1326.89	64.45	-177.36
1340.70	65.09	171.80
1354.66	65.73	160.44
1368.77	66.38	147.02
1383.02	66.83	133.34
1397.42	67.14	118.02
1411.97	67.31	103.85
1426.67	67.43	89.56
1441.52	67.56	76.24
1456.53	67.76	62.82
1471.69	68.03	49.32
1487.02	68.38	35.56
1502.50	68.80	20.68
1518.14	69.31	4.41
1533.95	69.74	-11.88
1549.92	70.14	-31.01
1566.06	70.32	-51.01
1582.36	70.21	-71.39
1598.84	69.76	-92.36
1615.48	69.04	-111.86
1632.30	68.15	-129.85
1649.30	67.17	-145.42
1666.47	66.30	-158.91
1683.82	65.55	-171.58
1701.35	65.02	176.85
1719.06	64.71	165.74
1736.96	64.60	154.30
1755.05	64.66	143.24
1773.32	64.93	131.47
1791.78	65.39	118.96
1810.44	65.98	104.83
1829.29	66.65	89.80
1848.33	67.40	73.65
1867.58	68.18	56.19
1887.02	68.90	37.58
1906.67	69.56	17.76
1926.52	70.52	-2.72
1946.58	71.13	-29.17
1966.84	71.19	-54.59
1987.32	70.99	-79.08
2008.01	70.59	-104.61
2028.92	69.88	-129.38
2050.04	68.47	-151.77
2071.39	67.00	-169.56
2092.95	65.90	179.38
2114.74	66.04	168.58
2136.76	66.56	154.99
2159.01	67.36	138.88
2181.49	68.54	121.54
2204.20	70.24	97.69
2227.15	71.03	64.57
2250.34	70.59	33.16
2273.76	69.55	6.17
2297.44	68.54	-17.73
2321.36	67.65	-39.02
2345.53	66.78	-59.11
2369.95	66.08	-77.27
2394.62	65.88	-94.34
2419.55	65.77	-112.94
2444.74	65.79	-131.05
2470.20	66.15	-149.19
2495.92	66.79	-168.21
2521.90	67.68	171.44
2548.16	68.88	148.18
2574.69	70.11	120.74
2601.50	70.98	89.07
2628.58	71.32	55.80
2655.95	71.08	22.22
2683.60	70.24	-10.24
2711.54	69.08	-39.24
2739.77	67.82	-65.46
2768.30	66.78	-87.54
2797.12	66.12	-107.27
2826.24	66.07	-126.73
2855.67	66.48	-147.96
2885.40	67.08	-172.08
2915.44	67.72	161.64
2945.80	68.31	134.20
2976.47	68.78	105.15
3007.45	69.06	75.31
3038.77	69.20	44.69
3070.41	69.28	14.99
3102.37	69.36	-14.86
3134.67	69.36	-45.06
3167.31	69.11	-73.35
3200.29	69.83	-100.75
3233.61	70.38	-132.55
3267.27	70.85	-166.80
3301.29	70.79	159.20
3335.66	70.90	127.82
3370.39	71.17	90.52
3405.48	70.56	56.28
3440.94	70.02	25.83
3476.76	69.93	-1.96
3512.96	70.56	-30.89
3549.54	71.37	-63.40
3586.49	72.12	-97.88
3623.83	73.05	-133.89
3661.56	73.84	-171.63
3699.69	74.61	147.96
3738.20	74.94	104.62
3777.13	74.91	64.16
3816.45	75.12	23.83
3856.19	75.58	-18.14
3896.33	75.70	-64.53
3936.90	75.40	-110.56
3977.89	74.52	-157.44
4019.31	73.22	157.93
4061.15	71.82	114.70
4103.44	70.13	76.44
4146.16	68.82	40.34
4189.33	67.92	7.91
4232.94	67.98	-25.69
4277.01	67.93	-65.66
4321.55	68.00	-104.63
4366.54	67.18	-144.17
4412.00	67.38	177.18
4457.94	67.53	138.69
4504.35	67.79	99.64
4551.25	68.46	58.29
4598.63	69.17	15.55
4646.51	70.12	-34.60
4694.89	70.34	-85.94
4743.77	69.73	-136.43
4793.16	69.00	176.60
4843.06	68.60	132.05
4893.49	68.50	85.80
4944.44	68.33	38.46
4995.91	68.21	-8.37
5047.93	68.24	-56.09
5100.49	68.21	-105.85
5153.59	67.96	-154.29
5207.25	68.02	157.62
5261.46	68.43	107.62
5316.24	68.78	54.85
5371.59	68.74	-0.17
5427.52	68.49	-54.41
5484.03	68.21	-108.53
5541.12	68.05	-162.83
5598.82	67.64	141.50
5657.11	66.66	85.65
5716.01	66.31	37.15
5775.52	66.47	-15.99
5835.65	66.53	-70.18
5896.41	66.76	-124.51
5957.80	67.27	-179.01
6019.83	68.63	117.28
6082.50	68.03	48.79
6145.83	67.26	-12.28
6209.82	66.74	-75.29
6274.47	65.62	-142.61
6339.80	62.16	156.44
6405.81	60.85	115.03
6472.50	61.30	63.85
6539.89	60.67	10.79
6607.98	60.77	-36.06
6676.78	62.15	-79.03
6746.29	66.20	-141.96
6816.53	67.35	149.60
6887.50	69.04	87.13
6959.21	71.31	17.49
7031.67	73.03	-53.61
7104.88	74.89	-132.18
7178.85	76.34	149.76
7253.59	77.79	64.29
7329.11	77.87	-49.48
7405.42	78.00	170.32
7482.52	77.91	23.71
7560.43	77.62	-123.75
7639.14	77.16	93.18
7718.68	77.16	-48.68
7799.04	77.52	-157.01
7880.24	75.24	101.66
7962.29	71.07	-2.00
8045.19	67.69	-149.64
8128.95	64.18	33.69
8213.58	61.30	-139.86
8299.10	61.16	52.56
8385.50	63.32	-124.00
8472.81	66.50	79.24
8561.02	69.29	-35.56
8650.16	72.82	-137.15
8740.22	74.69	114.06
8831.22	74.52	9.63
8923.16	74.42	-85.67
9016.07	73.79	171.91
9109.94	72.62	82.37
9204.79	73.05	-7.21
9300.62	73.98	-102.23
9397.46	75.09	156.12
9495.30	76.16	53.25
9594.16	78.72	-60.52
9694.05	79.46	171.45
9794.98	80.01	43.78
9896.96	80.00	-89.86
