Frequenz   SPL   Phase

20.00	60.98	-86.96
20.21	61.99	-89.86
21.06	63.08	-95.04
21.73	63.98	-100.57
22.41	64.93	-105.70
23.12	65.77	-111.69
23.85	66.49	-117.20
24.60	67.17	-122.43
25.38	67.77	-127.30
26.18	68.42	-131.59
27.01	69.06	-136.30
27.57	69.62	-140.74
28.44	70.18	-144.87
29.04	70.75	-148.93
29.95	71.32	-153.15
30.58	71.83	-157.32
31.22	72.35	-161.39
31.88	72.80	-165.79
32.88	73.15	-169.53
33.57	73.60	-172.74
34.27	74.07	-176.46
34.99	74.45	179.81
35.72	74.83	176.45
36.47	75.24	173.06
37.23	75.62	169.54
38.01	76.13	164.51
38.81	76.30	162.93
39.21	76.63	159.77
40.03	76.96	156.66
40.87	77.30	153.53
41.73	77.61	150.39
42.16	77.91	147.32
43.04	78.20	144.31
43.94	78.49	141.32
44.40	78.77	138.39
45.33	79.05	135.40
45.80	79.31	132.43
46.76	79.55	129.56
47.25	79.79	126.67
48.24	80.01	123.92
48.74	80.24	121.23
49.76	80.46	118.54
50.28	80.68	115.93
51.33	80.91	113.28
51.86	81.11	110.62
52.40	81.32	108.05
53.50	81.53	105.47
54.06	81.72	102.84
54.62	81.90	100.28
55.76	82.08	97.71
56.35	82.24	95.25
56.93	82.41	92.86
57.52	82.58	90.45
58.73	82.75	88.02
59.34	82.91	85.56
59.96	83.06	83.17
60.58	83.20	80.81
61.21	83.33	78.52
62.49	83.47	76.25
63.15	83.68	72.87
63.80	83.82	70.61
64.47	83.88	69.48
65.14	84.01	67.23
65.82	84.13	64.99
66.50	84.24	62.77
67.19	84.35	60.61
67.89	84.46	58.48
68.60	84.56	56.35
69.31	84.67	54.27
70.04	84.77	52.22
70.77	84.87	50.19
71.50	84.97	48.15
72.25	85.06	46.13
73.00	85.16	44.13
73.76	85.25	42.14
74.53	85.34	40.16
75.30	85.43	38.20
76.09	85.51	36.26
76.88	85.59	34.36
77.68	85.67	32.46
78.49	85.75	30.55
79.31	85.82	28.69
80.13	85.90	26.86
80.97	86.05	23.19
81.81	86.12	21.39
82.66	86.19	19.62
83.52	86.26	17.85
84.39	86.33	16.08
85.27	86.40	14.31
86.16	86.52	10.84
87.05	86.59	9.15
87.96	86.68	6.67
88.88	86.75	5.00
89.80	86.84	2.54
90.74	86.90	0.93
91.68	86.97	-0.70
92.64	87.04	-2.33
93.60	87.17	-5.57
94.57	87.23	-7.19
95.56	87.29	-8.80
96.55	87.42	-12.03
97.56	87.47	-13.61
98.57	87.59	-16.73
99.60	87.65	-18.28
100.64	87.71	-19.81
101.69	87.83	-22.87
102.74	87.89	-24.36
103.81	88.02	-27.41
104.90	88.09	-28.94
105.99	88.22	-31.98
107.09	88.28	-33.51
108.21	88.41	-36.56
109.33	88.47	-38.08
110.47	88.60	-41.13
111.62	88.67	-42.66
112.78	88.83	-46.47
113.96	88.97	-49.52
115.14	89.04	-51.07
116.34	89.14	-53.40
117.55	89.28	-56.53
118.78	89.34	-58.08
120.01	89.48	-61.23
121.26	89.63	-64.41
122.53	89.70	-66.03
123.80	89.84	-69.30
125.09	89.97	-72.61
126.39	90.11	-75.97
127.71	90.17	-77.67
129.04	90.30	-81.11
130.38	90.42	-84.55
131.74	90.55	-88.03
133.11	90.68	-91.62
134.50	90.79	-95.26
135.90	90.90	-98.97
137.31	90.95	-100.83
138.74	91.08	-105.62
140.19	91.16	-109.52
141.65	91.24	-113.46
143.12	91.29	-116.47
144.61	91.34	-120.53
146.12	91.38	-124.66
147.64	91.41	-130.91
149.18	91.41	-135.14
150.73	91.40	-139.39
152.30	91.36	-143.70
153.88	91.30	-147.98
155.49	91.23	-152.28
157.10	91.13	-156.58
158.74	90.95	-163.01
160.39	90.80	-167.24
162.06	90.62	-171.42
163.75	90.26	-178.56
165.45	90.04	177.51
167.18	89.80	173.66
168.92	89.48	169.02
170.68	89.21	165.38
172.45	88.93	161.85
174.25	88.50	156.77
176.06	88.20	153.49
177.90	87.74	148.79
179.75	87.42	145.82
181.62	86.95	141.58
183.51	86.48	137.51
185.42	86.17	134.93
187.35	85.64	130.59
189.30	85.34	128.14
191.27	84.88	124.55
193.27	84.50	121.65
195.28	84.05	118.26
197.31	83.74	116.04
199.36	83.27	112.81
201.44	82.79	109.72
203.54	82.31	106.80
205.66	81.84	104.04
207.80	81.38	101.34
209.96	80.91	98.75
212.15	80.45	96.23
214.36	79.90	93.40
216.59	79.44	91.03
218.84	79.04	89.16
221.12	78.56	86.98
223.42	78.08	84.91
225.75	77.60	82.96
228.10	77.12	81.04
230.48	76.47	78.61
232.88	75.98	76.85
235.30	75.48	75.15
237.75	74.69	72.76
240.22	74.15	71.26
242.73	73.58	69.88
245.25	72.89	68.40
247.81	72.26	67.28
250.39	71.38	66.02
252.99	70.65	65.28
255.63	69.58	64.72
258.29	68.35	65.05
260.98	67.32	66.11
263.70	65.53	70.50
266.44	63.87	78.29
269.21	62.50	90.89
272.02	62.09	101.11
274.85	61.92	117.70
277.71	62.55	134.38
280.60	63.93	149.26
283.52	65.90	160.27
286.48	68.07	166.62
289.46	70.38	169.46
292.47	72.30	170.06
295.52	74.10	169.29
298.59	76.01	167.17
301.70	77.67	164.53
304.84	79.32	161.07
308.02	81.40	155.52
311.23	83.10	149.77
314.47	85.05	141.14
317.74	87.14	128.57
321.05	88.60	115.90
324.39	89.77	99.12
327.77	90.51	79.35
331.18	90.60	63.44
334.63	90.12	45.05
338.11	89.06	28.52
341.63	88.14	18.73
345.19	86.99	9.16
348.78	86.04	2.53
352.42	85.09	-3.65
356.08	84.26	-8.90
359.79	83.53	-13.49
363.54	82.84	-18.04
367.32	82.17	-22.69
371.15	81.67	-26.33
375.01	81.26	-29.50
378.92	80.84	-32.88
382.86	80.37	-36.78
386.85	80.01	-39.88
390.87	79.59	-43.76
394.94	79.29	-46.64
399.06	79.00	-49.75
403.21	78.71	-53.09
407.41	78.49	-55.87
411.65	78.25	-59.19
415.94	78.01	-62.71
420.27	77.81	-65.95
424.64	77.64	-68.90
429.06	77.47	-72.10
433.53	77.32	-75.27
438.04	77.18	-78.70
442.61	77.05	-81.85
447.21	76.93	-85.49
451.87	76.84	-88.32
456.57	76.76	-91.39
461.33	76.69	-94.94
466.13	76.64	-98.19
470.98	76.61	-101.72
475.89	76.61	-105.02
480.84	76.62	-108.62
485.85	76.64	-111.72
490.91	76.68	-115.63
496.02	76.74	-119.32
501.18	76.80	-123.03
506.40	76.88	-126.40
511.67	77.01	-130.57
517.00	77.15	-134.57
522.38	77.30	-138.30
527.82	77.49	-142.30
533.32	77.70	-146.09
538.87	77.98	-150.78
544.48	78.24	-154.67
550.15	78.58	-159.14
555.88	78.95	-163.47
561.66	79.40	-168.24
567.51	79.95	-173.53
573.42	80.54	-178.80
579.39	81.17	175.87
585.42	81.93	169.68
591.52	82.96	161.24
597.68	83.92	152.94
603.90	85.10	141.66
610.19	86.06	129.98
616.54	87.06	112.13
622.96	87.59	92.91
629.45	87.60	74.75
636.00	87.07	55.62
642.62	85.93	35.91
649.31	84.31	18.17
656.07	82.79	6.12
662.90	81.10	-4.75
669.80	79.43	-14.01
676.78	78.06	-21.07
683.82	76.74	-27.57
690.94	75.52	-33.41
698.14	74.33	-39.02
705.41	73.23	-44.19
712.75	72.20	-49.05
720.17	71.23	-53.66
727.67	70.21	-58.47
735.25	69.35	-62.32
742.90	68.44	-66.29
750.64	67.51	-70.06
758.45	66.62	-73.38
766.35	65.84	-75.94
774.33	65.02	-78.29
782.39	64.24	-80.12
790.53	63.51	-81.10
798.76	62.80	-81.30
807.08	62.28	-80.63
815.48	61.95	-79.13
823.97	61.79	-77.00
832.55	61.93	-74.51
841.22	62.39	-72.40
849.98	63.10	-70.96
858.83	64.07	-70.61
867.77	65.26	-71.82
876.81	66.59	-74.56
885.93	68.16	-79.53
895.16	69.69	-86.24
904.48	71.36	-95.77
913.90	72.94	-108.21
923.41	74.30	-122.96
933.02	75.32	-139.69
942.74	75.90	-157.53
952.55	76.08	-176.73
962.47	75.84	165.80
972.49	75.32	150.03
982.62	74.64	135.60
992.85	73.94	123.09
1003.19	73.29	111.87
1013.63	72.69	101.25
1024.18	72.21	91.94
1034.85	71.76	82.03
1045.62	71.38	72.43
1056.51	71.10	63.57
1067.51	70.84	53.45
1078.62	70.64	43.91
1089.85	70.47	33.89
1101.20	70.32	23.64
1112.66	70.15	13.19
1124.25	69.95	2.82
1135.95	69.74	-7.59
1147.78	69.59	-17.81
1159.73	69.48	-28.11
1171.81	69.42	-39.39
1184.01	69.39	-51.26
1196.33	69.33	-63.56
1208.79	69.14	-76.39
1221.37	68.75	-90.69
1234.09	68.29	-102.93
1246.94	67.74	-115.16
1259.92	67.19	-126.90
1273.04	66.53	-138.78
1286.29	65.88	-149.15
1299.69	65.23	-159.11
1313.22	64.74	-168.30
1326.89	64.34	-177.41
1340.70	64.00	173.20
1354.66	63.75	164.12
1368.77	63.53	154.14
1383.02	63.26	144.49
1397.42	62.88	134.38
1411.97	62.52	125.87
1426.67	62.23	118.10
1441.52	62.16	111.43
1456.53	62.34	104.91
1471.69	62.76	98.06
1487.02	63.44	90.51
1502.50	64.35	81.36
1518.14	65.48	70.08
1533.95	66.57	57.53
1549.92	67.74	41.54
1566.06	68.70	23.66
1582.36	69.39	4.50
1598.84	69.74	-16.15
1615.48	69.79	-36.27
1632.30	69.63	-55.61
1649.30	69.29	-73.36
1666.47	68.97	-89.65
1683.82	68.68	-105.79
1701.35	68.49	-121.37
1719.06	68.36	-136.61
1736.96	68.30	-152.44
1755.05	68.28	-167.57
1773.32	68.31	176.75
1791.78	68.41	160.88
1810.44	68.56	143.99
1829.29	68.71	126.78
1848.33	68.90	108.92
1867.58	69.04	90.46
1887.02	69.05	71.38
1906.67	68.79	51.32
1926.52	68.39	36.61
1946.58	68.78	17.33
1966.84	68.64	-3.06
1987.32	68.21	-19.49
2008.01	68.48	-36.61
2028.92	69.07	-55.45
2050.04	68.93	-80.28
2071.39	68.65	-100.90
2092.95	68.46	-124.63
2114.74	67.20	-146.21
2136.76	66.23	-161.21
2159.01	65.75	-175.76
2181.49	65.61	170.45
2204.20	65.78	156.48
2227.15	66.62	141.36
2250.34	67.44	120.19
2273.76	67.83	98.75
2297.44	68.18	76.74
2321.36	68.45	55.39
2345.53	68.72	33.93
2369.95	69.22	12.04
2394.62	69.88	-11.70
2419.55	70.29	-38.34
2444.74	70.35	-66.46
2470.20	70.06	-93.56
2495.92	69.67	-118.99
2521.90	69.31	-143.59
2548.16	68.91	-168.28
2574.69	68.56	167.78
2601.50	68.31	143.08
2628.58	67.99	117.24
2655.95	67.36	91.36
2683.60	66.40	66.97
2711.54	65.44	45.95
2739.77	64.72	27.12
2768.30	64.48	10.73
2797.12	64.83	-5.45
2826.24	65.84	-23.74
2855.67	67.25	-46.20
2885.40	68.68	-73.91
2915.44	69.79	-105.67
2945.80	70.38	-138.94
2976.47	70.43	-172.74
3007.45	70.04	154.62
3038.77	69.38	123.56
3070.41	68.73	95.83
3102.37	68.34	69.81
3134.67	68.26	43.58
3167.31	68.35	15.20
3200.29	67.69	-10.99
3233.61	68.13	-36.26
3267.27	68.39	-63.32
3301.29	69.07	-90.00
3335.66	69.74	-119.56
3370.39	70.57	-148.46
3405.48	71.47	174.24
3440.94	71.79	141.42
3476.76	72.20	106.45
3512.96	72.38	73.29
3549.54	72.92	39.89
3586.49	73.63	3.97
3623.83	74.26	-34.56
3661.56	74.52	-74.18
3699.69	74.52	-114.19
3738.20	74.26	-154.75
3777.13	73.83	167.28
3816.45	73.55	130.10
3856.19	73.63	93.16
3896.33	73.76	52.22
3936.90	73.50	9.74
3977.89	72.54	-30.92
4019.31	71.73	-69.87
4061.15	71.14	-108.22
4103.44	70.40	-145.41
4146.16	69.88	178.28
4189.33	69.86	143.63
4232.94	70.25	104.11
4277.01	70.10	59.14
4321.55	69.60	18.16
4366.54	69.19	-23.20
4412.00	68.70	-67.02
4457.94	67.61	-109.39
4504.35	66.53	-147.81
4551.25	65.85	176.35
4598.63	65.39	139.91
4646.51	65.39	105.54
4694.89	66.02	68.41
4743.77	66.76	27.19
4793.16	67.58	-13.94
4843.06	68.61	-58.06
4893.49	69.63	-107.88
4944.44	69.87	-159.09
4995.91	69.97	151.03
5047.93	69.98	99.81
5100.49	69.57	47.84
5153.59	68.77	-1.22
5207.25	68.22	-46.84
5261.46	68.35	-92.83
5316.24	68.63	-141.47
5371.59	68.67	167.27
5427.52	68.67	117.46
5484.03	69.00	64.98
5541.12	68.87	9.85
5598.82	68.18	-40.72
5657.11	68.34	-91.85
5716.01	68.93	-143.69
5775.52	69.19	155.46
5835.65	68.48	99.47
5896.41	68.41	43.20
5957.80	67.52	-14.72
6019.83	66.73	-68.81
6082.50	65.84	-120.35
6145.83	66.04	-168.62
6209.82	66.61	137.65
6274.47	67.27	81.79
6339.80	68.01	23.13
6405.81	68.58	-36.78
6472.50	69.32	-98.24
6539.89	69.87	-164.60
6607.98	69.67	129.86
6676.78	69.60	65.45
6746.29	69.60	0.51
6816.53	69.48	-67.82
6887.50	68.41	-137.50
6959.21	67.22	169.89
7031.67	67.97	106.69
7104.88	67.83	43.28
7178.85	67.52	-17.29
7253.59	68.51	-74.12
7329.11	71.30	-179.55
7405.42	73.26	37.85
7482.52	75.29	-102.00
7560.43	77.35	110.12
7639.14	78.39	-50.85
7718.68	76.62	158.33
7799.04	73.49	70.23
7880.24	70.29	0.39
7962.29	68.73	-71.09
8045.19	66.82	-132.49
8128.95	67.23	166.52
8213.58	69.39	97.12
8299.10	71.79	13.39
8385.50	71.81	-78.13
8472.81	72.67	-163.12
8561.02	72.69	94.26
8650.16	71.21	3.77
8740.22	70.89	-85.83
8831.22	71.54	178.06
8923.16	72.74	67.08
9016.07	72.64	-45.78
9109.94	74.29	-154.74
9204.79	76.00	79.86
9300.62	76.24	-46.33
9397.46	74.80	-163.83
9495.30	74.94	93.64
9594.16	75.29	-12.01
9694.05	75.49	-158.49
9794.98	76.51	39.87
9896.96	78.09	-124.92
