Frequenz   SPL   Phase

20.00	61.18	-71.91
20.21	62.23	-78.87
21.06	63.16	-84.16
21.73	64.27	-89.78
22.41	65.17	-96.59
23.12	65.92	-102.21
23.85	66.75	-107.63
24.60	67.47	-113.44
25.38	68.12	-118.68
26.18	68.75	-123.67
27.01	69.35	-128.17
27.57	70.02	-132.65
28.44	70.63	-137.70
29.04	71.14	-142.29
29.95	71.66	-146.67
30.58	72.14	-150.86
31.22	72.62	-154.85
31.88	73.11	-158.68
32.88	73.61	-162.64
33.57	74.06	-166.66
34.27	74.49	-170.51
34.99	74.90	-174.26
35.72	75.31	-177.96
36.47	75.69	178.31
37.23	76.05	174.76
38.01	76.58	169.68
38.81	76.75	168.00
39.21	77.09	164.73
40.03	77.44	161.47
40.87	77.77	158.18
41.73	78.09	154.95
42.16	78.40	151.71
43.04	78.70	148.52
43.94	78.99	145.32
44.40	79.26	142.15
45.33	79.51	139.04
45.80	79.75	136.06
46.76	79.98	133.22
47.25	80.23	130.40
48.24	80.47	127.61
48.74	80.71	124.79
49.76	80.93	121.95
50.28	81.15	119.24
51.33	81.37	116.47
51.86	81.57	113.72
52.40	81.76	111.04
53.50	81.95	108.39
54.06	82.13	105.80
54.62	82.31	103.27
55.76	82.49	100.73
56.35	82.66	98.23
56.93	82.83	95.76
57.52	82.99	93.31
58.73	83.16	90.92
59.34	83.32	88.48
59.96	83.48	86.09
60.58	83.63	83.69
61.21	83.77	81.28
62.49	83.91	78.93
63.15	84.10	75.49
63.80	84.22	73.22
64.47	84.29	72.11
65.14	84.41	69.89
65.82	84.53	67.69
66.50	84.65	65.48
67.19	84.76	63.27
67.89	84.87	61.14
68.60	84.98	59.02
69.31	85.09	56.90
70.04	85.18	54.82
70.77	85.28	52.78
71.50	85.38	50.76
72.25	85.48	48.73
73.00	85.57	46.73
73.76	85.67	44.75
74.53	85.76	42.79
75.30	85.85	40.83
76.09	85.94	38.89
76.88	86.02	36.95
77.68	86.10	35.04
78.49	86.18	33.17
79.31	86.26	31.30
80.13	86.34	29.44
80.97	86.48	25.83
81.81	86.56	24.05
82.66	86.64	22.24
83.52	86.71	20.46
84.39	86.78	18.71
85.27	86.85	16.96
86.16	86.98	13.50
87.05	87.04	11.82
87.96	87.15	9.35
88.88	87.22	7.69
89.80	87.31	5.21
90.74	87.38	3.58
91.68	87.45	1.96
92.64	87.51	0.34
93.60	87.65	-2.86
94.57	87.71	-4.46
95.56	87.77	-6.05
96.55	87.90	-9.17
97.56	87.97	-10.71
98.57	88.10	-13.81
99.60	88.16	-15.35
100.64	88.23	-16.86
101.69	88.36	-19.88
102.74	88.43	-21.38
103.81	88.56	-24.38
104.90	88.63	-25.87
105.99	88.78	-28.86
107.09	88.85	-30.37
108.21	88.99	-33.38
109.33	89.06	-34.91
110.47	89.20	-37.94
111.62	89.27	-39.45
112.78	89.45	-43.19
113.96	89.60	-46.20
115.14	89.67	-47.71
116.34	89.78	-49.99
117.55	89.94	-53.02
118.78	90.01	-54.55
120.01	90.17	-57.63
121.26	90.33	-60.77
122.53	90.41	-62.37
123.80	90.57	-65.57
125.09	90.73	-68.84
126.39	90.88	-72.14
127.71	90.95	-73.81
129.04	91.10	-77.16
130.38	91.25	-80.55
131.74	91.40	-84.01
133.11	91.55	-87.52
134.50	91.69	-91.12
135.90	91.82	-94.79
137.31	91.89	-96.65
138.74	92.04	-101.35
140.19	92.15	-105.19
141.65	92.25	-109.09
143.12	92.32	-112.07
144.61	92.40	-116.08
146.12	92.47	-120.16
147.64	92.55	-126.35
149.18	92.58	-130.52
150.73	92.59	-134.74
152.30	92.58	-138.96
153.88	92.56	-143.20
155.49	92.52	-147.45
157.10	92.46	-151.72
158.74	92.32	-158.08
160.39	92.21	-162.27
162.06	92.08	-166.42
163.75	91.78	-173.50
165.45	91.60	-177.40
167.18	91.40	178.79
168.92	91.13	174.17
170.68	90.91	170.55
172.45	90.67	167.05
174.25	90.31	161.98
176.06	90.05	158.73
177.90	89.66	154.07
179.75	89.39	151.11
181.62	89.00	146.89
183.51	88.60	142.87
185.42	88.35	140.31
187.35	87.91	136.00
189.30	87.67	133.55
191.27	87.31	129.97
193.27	87.00	127.06
195.28	86.64	123.68
197.31	86.40	121.47
199.36	86.03	118.23
201.44	85.66	115.16
203.54	85.30	112.24
205.66	84.95	109.49
207.80	84.61	106.77
209.96	84.28	104.11
212.15	83.96	101.53
214.36	83.59	98.62
216.59	83.28	96.14
218.84	83.02	94.14
221.12	82.71	91.86
223.42	82.41	89.67
225.75	82.12	87.54
228.10	81.84	85.47
230.48	81.48	82.78
232.88	81.23	80.84
235.30	80.98	78.92
237.75	80.63	76.08
240.22	80.41	74.21
242.73	80.19	72.37
245.25	79.96	70.21
247.81	79.76	68.36
250.39	79.50	65.91
252.99	79.31	64.06
255.63	79.07	61.59
258.29	78.83	59.13
260.98	78.66	57.28
263.70	78.40	54.50
266.44	78.17	52.06
269.21	77.93	49.63
272.02	77.79	48.13
274.85	77.57	45.75
277.71	77.34	43.40
280.60	77.11	41.08
283.52	76.89	38.80
286.48	76.66	36.57
289.46	76.41	34.12
292.47	76.18	31.98
295.52	75.94	29.92
298.59	75.68	27.72
301.70	75.43	25.90
304.84	75.18	24.27
308.02	74.85	22.61
311.23	74.61	21.81
314.47	74.41	21.58
317.74	74.37	21.72
321.05	74.49	21.61
324.39	74.77	20.57
327.77	75.12	18.28
331.18	75.39	15.46
334.63	75.63	10.93
338.11	75.67	5.35
341.63	75.58	1.44
345.19	75.39	-2.84
348.78	75.19	-6.07
352.42	74.99	-9.36
356.08	74.80	-12.40
359.79	74.63	-15.23
363.54	74.48	-18.22
367.32	74.33	-21.51
371.15	74.21	-24.17
375.01	74.12	-26.59
378.92	74.01	-29.25
382.86	73.89	-32.42
386.85	73.79	-34.97
390.87	73.68	-38.23
394.94	73.60	-40.68
399.06	73.54	-43.34
403.21	73.48	-46.23
407.41	73.44	-48.66
411.65	73.40	-51.63
415.94	73.36	-54.79
420.27	73.35	-57.74
424.64	73.33	-60.46
429.06	73.32	-63.43
433.53	73.32	-66.35
438.04	73.33	-69.52
442.61	73.34	-72.45
447.21	73.36	-75.83
451.87	73.39	-78.43
456.57	73.44	-81.26
461.33	73.50	-84.56
466.13	73.58	-87.62
470.98	73.69	-90.94
475.89	73.81	-94.07
480.84	73.94	-97.50
485.85	74.07	-100.44
490.91	74.24	-104.16
496.02	74.42	-107.70
501.18	74.60	-111.24
506.40	74.78	-114.47
511.67	75.03	-118.48
517.00	75.30	-122.32
522.38	75.55	-125.90
527.82	75.86	-129.75
533.32	76.18	-133.41
538.87	76.59	-137.94
544.48	76.95	-141.67
550.15	77.42	-145.98
555.88	77.91	-150.14
561.66	78.48	-154.72
567.51	79.18	-159.84
573.42	79.90	-164.98
579.39	80.66	-170.21
585.42	81.56	-176.33
591.52	82.74	175.32
597.68	83.84	167.17
603.90	85.17	156.07
610.19	86.29	144.60
616.54	87.49	126.94
622.96	88.23	107.80
629.45	88.43	89.59
636.00	88.11	70.30
642.62	87.20	50.31
649.31	85.81	32.17
656.07	84.46	19.78
662.90	82.96	8.63
669.80	81.52	-0.92
676.78	80.36	-8.25
683.82	79.27	-15.07
690.94	78.30	-21.26
698.14	77.38	-27.29
705.41	76.58	-33.04
712.75	75.86	-38.59
720.17	75.20	-43.97
727.67	74.55	-49.76
735.25	74.04	-54.64
742.90	73.52	-60.00
750.64	73.02	-65.41
758.45	72.59	-70.72
766.35	72.25	-75.60
774.33	71.91	-80.94
782.39	71.61	-86.27
790.53	71.35	-91.57
798.76	71.11	-97.43
807.08	70.93	-102.73
815.48	70.80	-108.01
823.97	70.70	-113.83
832.55	70.66	-119.72
841.22	70.68	-125.78
849.98	70.75	-132.01
858.83	70.88	-138.44
867.77	71.08	-145.20
876.81	71.35	-152.39
885.93	71.71	-160.86
895.16	72.10	-169.66
904.48	72.54	179.56
913.90	72.90	167.01
923.41	73.07	153.07
933.02	72.95	138.17
942.74	72.45	123.22
952.55	71.57	108.04
962.47	70.43	95.30
972.49	69.15	84.96
982.62	67.84	76.63
992.85	66.69	70.54
1003.19	65.73	65.76
1013.63	64.98	61.74
1024.18	64.51	58.28
1034.85	64.18	54.38
1045.62	64.06	50.13
1056.51	64.06	45.73
1067.51	64.19	40.02
1078.62	64.39	34.05
1089.85	64.65	27.16
1101.20	64.94	19.54
1112.66	65.22	11.34
1124.25	65.45	2.85
1135.95	65.69	-5.93
1147.78	65.97	-14.78
1159.73	66.30	-23.89
1171.81	66.71	-34.14
1184.01	67.14	-45.17
1196.33	67.53	-56.87
1208.79	67.80	-69.35
1221.37	67.93	-83.49
1234.09	67.92	-95.78
1246.94	67.87	-108.30
1259.92	67.80	-120.59
1273.04	67.68	-133.28
1286.29	67.52	-144.70
1299.69	67.41	-156.18
1313.22	67.45	-167.27
1326.89	67.55	-178.66
1340.70	67.72	169.10
1354.66	67.93	156.89
1368.77	68.15	143.06
1383.02	68.23	129.30
1397.42	68.15	114.20
1411.97	67.99	100.44
1426.67	67.79	86.79
1441.52	67.63	74.28
1456.53	67.58	61.85
1471.69	67.61	49.48
1487.02	67.75	37.00
1502.50	68.00	23.50
1518.14	68.34	8.77
1533.95	68.66	-5.93
1549.92	68.98	-23.32
1566.06	69.12	-41.49
1582.36	69.03	-60.12
1598.84	68.63	-79.31
1615.48	68.03	-97.26
1632.30	67.31	-113.92
1649.30	66.52	-128.65
1666.47	65.83	-141.55
1683.82	65.28	-153.92
1701.35	64.94	-165.71
1719.06	64.77	-177.20
1736.96	64.77	170.74
1755.05	64.91	158.98
1773.32	65.19	146.37
1791.78	65.61	133.24
1810.44	66.16	118.66
1829.29	66.79	103.17
1848.33	67.49	86.53
1867.58	68.20	68.47
1887.02	68.83	48.87
1906.67	69.34	26.89
1926.52	69.18	4.14
1946.58	69.31	-16.51
1966.84	69.25	-39.50
1987.32	68.05	-61.84
2008.01	67.45	-75.29
2028.92	67.44	-88.88
2050.04	67.94	-106.43
2071.39	68.08	-123.61
2092.95	68.62	-139.57
2114.74	69.84	-161.63
2136.76	70.02	174.91
2159.01	70.13	152.40
2181.49	70.33	131.38
2204.20	70.66	109.77
2227.15	71.25	86.63
2250.34	71.93	60.35
2273.76	72.11	30.50
2297.44	71.65	-0.10
2321.36	70.77	-27.86
2345.53	69.55	-54.06
2369.95	68.12	-77.37
2394.62	66.95	-95.99
2419.55	66.25	-113.87
2444.74	65.78	-132.99
2470.20	65.35	-151.99
2495.92	65.06	-170.04
2521.90	65.02	172.42
2548.16	65.23	154.45
2574.69	65.79	136.03
2601.50	66.74	115.03
2628.58	67.81	90.40
2655.95	68.66	62.39
2683.60	69.04	31.73
2711.54	68.90	1.48
2739.77	68.37	-27.57
2768.30	67.81	-52.89
2797.12	67.43	-76.21
2826.24	67.42	-98.74
2855.67	67.88	-122.06
2885.40	68.62	-148.56
2915.44	69.32	-178.70
2945.80	69.67	149.18
2976.47	69.51	116.16
3007.45	68.90	84.38
3038.77	68.03	54.66
3070.41	67.23	28.69
3102.37	66.80	5.08
3134.67	66.83	-18.22
3167.31	67.24	-41.53
3200.29	68.66	-69.28
3233.61	69.28	-103.41
3267.27	69.66	-138.29
3301.29	69.35	-173.22
3335.66	68.78	155.41
3370.39	68.04	125.00
3405.48	67.83	102.70
3440.94	68.67	76.91
3476.76	69.69	49.70
3512.96	71.28	19.21
3549.54	72.98	-16.39
3586.49	74.37	-58.02
3623.83	75.06	-100.07
3661.56	75.56	-141.74
3699.69	75.79	175.40
3738.20	75.77	132.02
3777.13	75.62	90.41
3816.45	75.49	47.74
3856.19	75.33	4.57
3896.33	74.85	-41.09
3936.90	73.93	-86.71
3977.89	72.45	-130.84
4019.31	70.10	-170.39
4061.15	68.49	156.35
4103.44	67.35	126.03
4146.16	66.99	96.08
4189.33	67.43	64.64
4232.94	68.28	30.56
4277.01	69.00	-14.29
4321.55	68.98	-56.46
4366.54	68.83	-97.79
4412.00	69.05	-139.25
4457.94	69.07	178.02
4504.35	69.24	136.69
4551.25	69.73	90.90
4598.63	69.78	43.05
4646.51	69.52	-5.48
4694.89	68.96	-53.68
4743.77	67.85	-102.35
4793.16	66.47	-143.73
4843.06	66.18	177.90
4893.49	66.30	134.41
4944.44	65.94	89.37
4995.91	65.71	49.25
5047.93	66.56	6.88
5100.49	67.18	-41.63
5153.59	67.36	-89.05
5207.25	67.91	-135.10
5261.46	69.17	175.73
5316.24	70.28	120.30
5371.59	70.64	61.37
5427.52	70.55	3.37
5484.03	70.14	-55.98
5541.12	69.15	-110.55
5598.82	68.58	-164.13
5657.11	67.62	139.74
5716.01	66.76	91.33
5775.52	66.62	41.15
5835.65	67.21	-7.25
5896.41	67.65	-64.75
5957.80	67.80	-118.99
6019.83	68.81	-177.08
6082.50	68.97	119.47
6145.83	69.06	58.14
6209.82	68.78	-5.27
6274.47	67.96	-69.84
6339.80	66.58	-129.38
6405.81	65.73	177.95
6472.50	65.75	122.85
6539.89	65.54	66.72
6607.98	65.76	14.38
6676.78	67.17	-38.77
6746.29	69.31	-100.25
6816.53	70.90	-168.13
6887.50	72.39	124.49
6959.21	73.97	52.80
7031.67	75.74	-25.88
7104.88	76.41	-108.26
7178.85	75.64	168.74
7253.59	75.59	91.70
7329.11	74.13	-34.15
7405.42	74.34	121.63
7482.52	73.65	-87.19
7560.43	73.00	46.18
7639.14	73.71	154.00
7718.68	73.42	-98.33
7799.04	74.74	93.22
7880.24	74.87	-42.25
7962.29	75.61	-171.60
8045.19	76.49	81.21
8128.95	76.71	-19.08
8213.58	76.21	-118.26
8299.10	75.20	144.72
8385.50	73.95	36.18
8472.81	72.50	-75.79
8561.02	71.68	164.46
8650.16	71.26	39.84
8740.22	71.08	-85.58
8831.22	70.54	153.20
8923.16	71.29	40.34
9016.07	72.06	-69.98
9109.94	71.71	-171.08
9204.79	72.66	92.96
9300.62	74.10	-9.35
9397.46	74.75	-120.87
9495.30	75.44	124.00
9594.16	76.37	-0.14
9694.05	77.62	-158.89
9794.98	77.04	25.06
9896.96	76.93	-156.63
