Frequenz   SPL   Phase

20.00	61.84	-68.33
20.21	62.92	-76.23
21.06	63.76	-83.07
21.73	64.57	-89.01
22.41	65.43	-94.81
23.12	66.18	-101.00
23.85	66.80	-106.20
24.60	67.53	-110.61
25.38	68.30	-115.71
26.18	68.99	-120.99
27.01	69.60	-126.09
27.57	70.15	-130.84
28.44	70.73	-135.10
29.04	71.32	-139.56
29.95	71.87	-144.18
30.58	72.36	-148.49
31.22	72.87	-152.62
31.88	73.34	-156.91
32.88	73.76	-160.95
33.57	74.20	-164.86
34.27	74.58	-168.56
34.99	75.00	-171.97
35.72	75.44	-175.66
36.47	75.82	-179.41
37.23	76.18	177.13
38.01	76.75	172.04
38.81	76.92	170.32
39.21	77.27	166.92
40.03	77.61	163.50
40.87	77.92	160.19
41.73	78.23	156.91
42.16	78.52	153.72
43.04	78.80	150.61
43.94	79.08	147.61
44.40	79.36	144.63
45.33	79.64	141.59
45.80	79.90	138.59
46.76	80.15	135.60
47.25	80.37	132.67
48.24	80.59	129.89
48.74	80.81	127.22
49.76	81.04	124.55
50.28	81.27	121.89
51.33	81.50	119.20
51.86	81.71	116.46
52.40	81.91	113.78
53.50	82.10	111.17
54.06	82.29	108.57
54.62	82.47	106.01
55.76	82.65	103.52
56.35	82.83	101.02
56.93	82.99	98.53
57.52	83.15	96.11
58.73	83.31	93.72
59.34	83.47	91.33
59.96	83.63	88.98
60.58	83.78	86.65
61.21	83.93	84.31
62.49	84.07	81.98
63.15	84.26	78.58
63.80	84.39	76.34
64.47	84.46	75.25
65.14	84.58	73.04
65.82	84.70	70.87
66.50	84.82	68.72
67.19	84.94	66.59
67.89	85.05	64.48
68.60	85.17	62.38
69.31	85.27	60.30
70.04	85.38	58.24
70.77	85.48	56.20
71.50	85.58	54.18
72.25	85.67	52.20
73.00	85.77	50.26
73.76	85.86	48.31
74.53	85.96	46.39
75.30	86.05	44.47
76.09	86.13	42.58
76.88	86.22	40.72
77.68	86.31	38.85
78.49	86.39	37.01
79.31	86.47	35.18
80.13	86.55	33.38
80.97	86.71	29.82
81.81	86.79	28.07
82.66	86.87	26.32
83.52	86.94	24.60
84.39	87.02	22.90
85.27	87.09	21.20
86.16	87.24	17.79
87.05	87.31	16.15
87.96	87.41	13.72
88.88	87.48	12.10
89.80	87.59	9.70
90.74	87.66	8.13
91.68	87.73	6.57
92.64	87.80	5.00
93.60	87.95	1.87
94.57	88.02	0.31
95.56	88.09	-1.21
96.55	88.23	-4.28
97.56	88.30	-5.82
98.57	88.44	-8.84
99.60	88.51	-10.33
100.64	88.58	-11.82
101.69	88.73	-14.79
102.74	88.80	-16.27
103.81	88.94	-19.18
104.90	89.02	-20.64
105.99	89.17	-23.58
107.09	89.24	-25.04
108.21	89.39	-27.96
109.33	89.47	-29.41
110.47	89.62	-32.32
111.62	89.70	-33.78
112.78	89.90	-37.44
113.96	90.06	-40.38
115.14	90.15	-41.86
116.34	90.27	-44.10
117.55	90.43	-47.09
118.78	90.51	-48.58
120.01	90.68	-51.58
121.26	90.85	-54.64
122.53	90.93	-56.18
123.80	91.10	-59.29
125.09	91.27	-62.44
126.39	91.45	-65.66
127.71	91.53	-67.28
129.04	91.69	-70.54
130.38	91.85	-73.83
131.74	92.02	-77.19
133.11	92.18	-80.61
134.50	92.34	-84.08
135.90	92.49	-87.63
137.31	92.57	-89.43
138.74	92.75	-94.01
140.19	92.89	-97.75
141.65	93.01	-101.58
143.12	93.10	-104.51
144.61	93.21	-108.44
146.12	93.30	-112.43
147.64	93.41	-118.56
149.18	93.46	-122.69
150.73	93.50	-126.86
152.30	93.51	-131.04
153.88	93.51	-135.24
155.49	93.48	-139.43
157.10	93.44	-143.59
158.74	93.34	-149.80
160.39	93.26	-153.91
162.06	93.15	-158.00
163.75	92.90	-164.93
165.45	92.74	-168.77
167.18	92.57	-172.53
168.92	92.34	-177.08
170.68	92.14	179.39
172.45	91.93	175.96
174.25	91.61	171.00
176.06	91.38	167.82
177.90	91.03	163.29
179.75	90.79	160.41
181.62	90.45	156.29
183.51	90.11	152.35
185.42	89.88	149.85
187.35	89.51	145.62
189.30	89.30	143.23
191.27	88.98	139.75
193.27	88.72	136.92
195.28	88.41	133.63
197.31	88.21	131.47
199.36	87.90	128.36
201.44	87.59	125.35
203.54	87.29	122.51
205.66	87.00	119.83
207.80	86.73	117.19
209.96	86.46	114.62
212.15	86.20	112.15
214.36	85.92	109.33
216.59	85.68	106.96
218.84	85.48	105.05
221.12	85.25	102.87
223.42	85.03	100.78
225.75	84.83	98.76
228.10	84.64	96.78
230.48	84.42	94.20
232.88	84.27	92.30
235.30	84.13	90.39
237.75	83.94	87.53
240.22	83.83	85.64
242.73	83.73	83.76
245.25	83.62	81.56
247.81	83.54	79.67
250.39	83.44	77.20
252.99	83.39	75.33
255.63	83.32	72.83
258.29	83.28	70.33
260.98	83.26	68.46
263.70	83.25	65.58
266.44	83.26	63.00
269.21	83.28	60.39
272.02	83.31	58.76
274.85	83.37	56.13
277.71	83.45	53.47
280.60	83.55	50.80
283.52	83.69	48.05
286.48	83.86	45.29
289.46	84.10	42.03
292.47	84.35	39.04
295.52	84.66	35.88
298.59	85.08	32.06
301.70	85.52	28.37
304.84	86.04	24.22
308.02	86.81	18.18
311.23	87.53	12.28
314.47	88.45	3.66
317.74	89.44	-8.75
321.05	90.07	-21.22
324.39	90.34	-37.73
327.77	90.09	-57.11
331.18	89.40	-72.64
334.63	87.96	-90.47
338.11	85.85	-106.20
341.63	84.17	-115.27
345.19	82.06	-123.79
348.78	80.25	-129.34
352.42	78.34	-134.16
356.08	76.53	-137.83
359.79	74.81	-140.57
363.54	72.99	-142.74
367.32	71.06	-144.31
371.15	69.46	-144.84
375.01	68.05	-144.51
378.92	66.47	-143.42
382.86	64.60	-140.68
386.85	63.09	-136.72
390.87	61.35	-129.09
394.94	60.25	-121.77
399.06	59.40	-112.51
403.21	58.90	-102.05
407.41	58.84	-93.75
411.65	59.11	-84.94
415.94	59.74	-77.87
420.27	60.43	-73.31
424.64	61.09	-70.78
429.06	61.76	-69.19
433.53	62.38	-68.55
438.04	62.98	-68.65
442.61	63.49	-69.07
447.21	64.05	-70.07
451.87	64.46	-71.07
456.57	64.88	-72.31
461.33	65.38	-74.04
466.13	65.81	-75.87
470.98	66.26	-77.95
475.89	66.68	-80.05
480.84	67.12	-82.48
485.85	67.50	-84.69
490.91	67.96	-87.59
496.02	68.39	-90.40
501.18	68.81	-93.30
506.40	69.19	-95.98
511.67	69.69	-99.40
517.00	70.15	-102.64
522.38	70.60	-105.73
527.82	71.10	-109.06
533.32	71.58	-112.26
538.87	72.19	-116.21
544.48	72.72	-119.48
550.15	73.38	-123.33
555.88	74.04	-127.09
561.66	74.79	-131.30
567.51	75.67	-136.06
573.42	76.56	-140.89
579.39	77.48	-145.87
585.42	78.53	-151.69
591.52	79.92	-159.76
597.68	81.19	-167.79
603.90	82.71	-178.87
610.19	83.96	169.48
616.54	85.31	151.49
622.96	86.12	132.11
629.45	86.38	113.85
636.00	86.09	94.73
642.62	85.24	75.16
649.31	83.92	57.72
656.07	82.67	46.00
662.90	81.32	35.49
669.80	80.04	26.48
676.78	79.03	19.54
683.82	78.10	13.08
690.94	77.28	7.24
698.14	76.53	1.51
705.41	75.88	-3.91
712.75	75.33	-9.15
720.17	74.85	-14.28
727.67	74.39	-19.85
735.25	74.04	-24.57
742.90	73.71	-29.72
750.64	73.42	-35.01
758.45	73.19	-40.20
766.35	73.04	-44.97
774.33	72.91	-50.22
782.39	72.83	-55.55
790.53	72.80	-60.91
798.76	72.81	-66.83
807.08	72.86	-72.27
815.48	72.97	-77.73
823.97	73.14	-83.81
832.55	73.38	-90.04
841.22	73.69	-96.53
849.98	74.06	-103.25
858.83	74.50	-110.29
867.77	75.02	-117.82
876.81	75.61	-125.88
885.93	76.34	-135.43
895.16	77.08	-145.39
904.48	77.92	-157.62
913.90	78.70	-171.92
923.41	79.33	172.00
933.02	79.67	154.38
942.74	79.62	135.98
952.55	79.18	116.39
962.47	78.37	98.68
972.49	77.31	82.79
982.62	76.08	68.37
992.85	74.85	56.07
1003.19	73.67	45.23
1013.63	72.56	35.25
1024.18	71.63	26.69
1034.85	70.69	17.78
1045.62	69.86	9.33
1056.51	69.18	1.65
1067.51	68.47	-7.00
1078.62	67.88	-15.04
1089.85	67.32	-23.34
1101.20	66.81	-31.74
1112.66	66.29	-40.18
1124.25	65.77	-48.37
1135.95	65.26	-56.44
1147.78	64.83	-64.16
1159.73	64.47	-71.85
1171.81	64.18	-80.13
1184.01	63.95	-88.80
1196.33	63.74	-97.77
1208.79	63.46	-107.11
1221.37	63.05	-117.41
1234.09	62.64	-126.06
1246.94	62.21	-134.51
1259.92	61.85	-142.60
1273.04	61.47	-150.70
1286.29	61.15	-157.66
1299.69	60.95	-164.18
1313.22	60.99	-170.46
1326.89	61.19	-177.20
1340.70	61.55	175.26
1354.66	62.03	167.09
1368.77	62.58	157.09
1383.02	63.01	146.59
1397.42	63.38	134.66
1411.97	63.65	123.50
1426.67	63.91	112.23
1441.52	64.23	101.71
1456.53	64.67	90.98
1471.69	65.21	79.97
1487.02	65.87	68.60
1502.50	66.67	55.87
1518.14	67.59	41.60
1533.95	68.46	26.87
1549.92	69.37	8.99
1566.06	70.08	-10.23
1582.36	70.53	-30.37
1598.84	70.65	-51.67
1615.48	70.50	-72.15
1632.30	70.15	-91.71
1649.30	69.66	-109.52
1666.47	69.18	-125.70
1683.82	68.77	-141.52
1701.35	68.48	-156.70
1719.06	68.28	-171.41
1736.96	68.16	173.45
1755.05	68.14	159.08
1773.32	68.19	144.20
1791.78	68.37	129.16
1810.44	68.63	113.10
1829.29	68.95	96.73
1848.33	69.36	79.77
1867.58	69.81	62.12
1887.02	70.26	43.57
1906.67	70.72	23.91
1926.52	71.32	2.28
1946.58	71.42	-21.04
1966.84	71.56	-42.81
1987.32	71.88	-66.50
2008.01	71.52	-94.63
2028.92	70.53	-118.77
2050.04	69.58	-138.81
2071.39	68.98	-159.27
2092.95	68.14	177.97
2114.74	66.88	159.71
2136.76	66.04	144.21
2159.01	65.40	128.11
2181.49	64.86	113.31
2204.20	64.47	99.91
2227.15	64.69	88.22
2250.34	65.73	73.57
2273.76	66.86	53.27
2297.44	67.66	29.12
2321.36	68.06	4.48
2345.53	68.04	-21.05
2369.95	67.59	-45.07
2394.62	67.23	-64.54
2419.55	67.36	-83.24
2444.74	67.90	-104.08
2470.20	68.49	-127.12
2495.92	69.02	-151.40
2521.90	69.49	-176.78
2548.16	69.79	156.16
2574.69	69.88	129.35
2601.50	69.95	102.57
2628.58	70.09	75.31
2655.95	70.14	46.80
2683.60	69.89	16.83
2711.54	69.29	-12.35
2739.77	68.40	-40.49
2768.30	67.47	-64.95
2797.12	66.72	-86.91
2826.24	66.37	-107.41
2855.67	66.56	-127.82
2885.40	67.22	-150.68
2915.44	68.11	-177.24
2945.80	68.88	152.97
2976.47	69.22	120.24
3007.45	68.97	87.03
3038.77	68.23	55.15
3070.41	67.34	27.46
3102.37	66.72	3.17
3134.67	66.62	-20.07
3167.31	66.94	-45.08
3200.29	67.26	-67.83
3233.61	69.04	-94.60
3267.27	70.39	-131.95
3301.29	70.56	-170.89
3335.66	70.18	154.00
3370.39	70.19	119.71
3405.48	69.40	80.21
3440.94	67.88	51.58
3476.76	67.22	28.23
3512.96	67.67	5.74
3549.54	68.81	-21.53
3586.49	70.05	-51.92
3623.83	71.64	-85.73
3661.56	73.05	-123.16
3699.69	74.24	-163.96
3738.20	74.93	152.54
3777.13	75.41	111.83
3816.45	76.17	69.18
3856.19	76.94	23.71
3896.33	77.26	-26.62
3936.90	76.92	-78.81
3977.89	74.88	-130.81
4019.31	72.86	-172.30
4061.15	71.07	145.66
4103.44	68.95	109.41
4146.16	67.37	77.45
4189.33	66.76	49.38
4232.94	67.52	13.28
4277.01	66.85	-29.66
4321.55	66.21	-66.52
4366.54	65.29	-102.33
4412.00	65.53	-135.40
4457.94	65.80	-171.87
4504.35	66.37	150.78
4551.25	67.07	111.20
4598.63	67.96	71.27
4646.51	69.52	24.49
4694.89	69.99	-25.17
4743.77	70.15	-75.53
4793.16	70.18	-123.28
4843.06	70.48	-172.63
4893.49	70.34	134.33
4944.44	69.68	83.21
4995.91	69.00	34.40
5047.93	68.35	-13.85
5100.49	67.72	-61.28
5153.59	67.22	-106.94
5207.25	67.07	-153.04
5261.46	67.24	159.67
5316.24	67.44	110.66
5371.59	67.53	59.74
5427.52	67.55	9.03
5484.03	67.72	-42.41
5541.12	68.10	-93.70
5598.82	68.29	-149.98
5657.11	68.02	155.21
5716.01	68.24	103.80
5775.52	69.03	44.10
5835.65	68.44	-17.09
5896.41	67.69	-72.24
5957.80	67.89	-127.32
6019.83	67.60	168.68
6082.50	65.91	112.54
6145.83	65.55	65.11
6209.82	66.34	9.49
6274.47	66.35	-49.85
6339.80	66.40	-105.36
6405.81	67.58	-162.43
6472.50	68.39	131.03
6539.89	68.14	62.58
6607.98	67.15	-2.71
6676.78	65.85	-57.50
6746.29	66.35	-112.37
6816.53	66.85	-170.17
6887.50	67.63	132.46
6959.21	69.56	76.89
7031.67	72.69	10.06
7104.88	74.91	-68.43
7178.85	76.69	-145.88
7253.59	78.16	129.99
7329.11	78.63	7.47
7405.42	77.94	-141.08
7482.52	76.28	56.11
7560.43	73.81	-148.31
7639.14	72.29	14.19
7718.68	71.85	179.13
7799.04	72.83	34.32
7880.24	72.48	-109.07
7962.29	74.10	134.77
8045.19	73.68	24.37
8128.95	72.00	-106.88
8213.58	70.64	122.23
8299.10	70.15	-6.66
8385.50	69.92	-136.17
8472.81	71.01	101.34
8561.02	73.30	-9.74
8650.16	75.02	-114.41
8740.22	75.32	142.30
8831.22	75.41	39.21
8923.16	74.53	-64.69
9016.07	73.96	-172.88
9109.94	73.20	76.25
9204.79	72.97	-45.15
9300.62	72.02	-167.50
9397.46	72.58	73.46
9495.30	73.70	-52.91
9594.16	74.82	-175.98
9694.05	75.86	63.16
9794.98	77.92	-51.94
9896.96	79.69	178.32
