Frequenz   SPL   Phase

20.00	60.21	-47.01
20.21	61.50	-52.96
21.06	62.82	-59.23
21.73	63.96	-66.86
22.41	64.79	-73.59
23.12	65.64	-78.94
23.85	66.58	-84.17
24.60	67.52	-89.58
25.38	68.43	-95.68
26.18	69.21	-101.80
27.01	69.89	-107.54
27.57	70.56	-112.86
28.44	71.18	-118.09
29.04	71.80	-122.89
29.95	72.45	-127.80
30.58	73.03	-133.16
31.22	73.52	-138.09
31.88	73.99	-142.74
32.88	74.45	-147.01
33.57	74.95	-151.25
34.27	75.41	-155.82
34.99	75.80	-160.08
35.72	76.21	-163.91
36.47	76.64	-167.89
37.23	77.04	-171.99
38.01	77.55	-177.96
38.81	77.72	-179.80
39.21	78.04	176.48
40.03	78.36	172.97
40.87	78.69	169.43
41.73	79.00	165.90
42.16	79.30	162.40
43.04	79.58	158.93
43.94	79.85	155.56
44.40	80.10	152.31
45.33	80.36	149.12
45.80	80.60	145.95
46.76	80.83	142.88
47.25	81.06	139.82
48.24	81.27	136.84
48.74	81.49	134.03
49.76	81.72	131.14
50.28	81.93	128.25
51.33	82.13	125.42
51.86	82.33	122.61
52.40	82.52	119.85
53.50	82.70	117.16
54.06	82.88	114.49
54.62	83.06	111.79
55.76	83.22	109.18
56.35	83.38	106.62
56.93	83.53	104.09
57.52	83.69	101.64
58.73	83.84	99.19
59.34	83.99	96.76
59.96	84.14	94.35
60.58	84.28	91.96
61.21	84.42	89.56
62.49	84.55	87.19
63.15	84.74	83.75
63.80	84.85	81.46
64.47	84.91	80.36
65.14	85.02	78.15
65.82	85.14	75.98
66.50	85.25	73.81
67.19	85.36	71.68
67.89	85.46	69.59
68.60	85.57	67.50
69.31	85.67	65.44
70.04	85.78	63.40
70.77	85.88	61.36
71.50	85.98	59.36
72.25	86.07	57.35
73.00	86.17	55.36
73.76	86.26	53.40
74.53	86.34	51.46
75.30	86.43	49.56
76.09	86.51	47.68
76.88	86.59	45.81
77.68	86.67	43.98
78.49	86.75	42.15
79.31	86.84	40.35
80.13	86.92	38.55
80.97	87.07	34.99
81.81	87.14	33.25
82.66	87.22	31.54
83.52	87.29	29.82
84.39	87.36	28.14
85.27	87.43	26.47
86.16	87.58	23.17
87.05	87.65	21.55
87.96	87.76	19.12
88.88	87.83	17.51
89.80	87.93	15.15
90.74	88.00	13.59
91.68	88.08	12.01
92.64	88.15	10.44
93.60	88.28	7.38
94.57	88.35	5.85
95.56	88.42	4.35
96.55	88.57	1.36
97.56	88.64	-0.16
98.57	88.78	-3.16
99.60	88.85	-4.64
100.64	88.92	-6.10
101.69	89.06	-9.05
102.74	89.13	-10.50
103.81	89.27	-13.30
104.90	89.35	-14.70
105.99	89.50	-17.53
107.09	89.58	-18.96
108.21	89.74	-21.80
109.33	89.82	-23.22
110.47	89.98	-26.09
111.62	90.06	-27.53
112.78	90.26	-31.11
113.96	90.42	-33.98
115.14	90.50	-35.44
116.34	90.62	-37.61
117.55	90.79	-40.49
118.78	90.87	-41.93
120.01	91.04	-44.81
121.26	91.22	-47.74
122.53	91.31	-49.22
123.80	91.49	-52.22
125.09	91.67	-55.29
126.39	91.85	-58.42
127.71	91.94	-60.01
129.04	92.11	-63.20
130.38	92.28	-66.41
131.74	92.45	-69.67
133.11	92.63	-72.97
134.50	92.80	-76.36
135.90	92.96	-79.81
137.31	93.04	-81.55
138.74	93.24	-86.02
140.19	93.39	-89.68
141.65	93.53	-93.40
143.12	93.62	-96.26
144.61	93.74	-100.10
146.12	93.85	-104.00
147.64	93.98	-109.97
149.18	94.05	-113.98
150.73	94.10	-118.02
152.30	94.13	-122.10
153.88	94.15	-126.19
155.49	94.14	-130.28
157.10	94.12	-134.36
158.74	94.06	-140.46
160.39	93.99	-144.51
162.06	93.90	-148.50
163.75	93.69	-155.31
165.45	93.56	-159.08
167.18	93.41	-162.77
168.92	93.20	-167.23
170.68	93.03	-170.71
172.45	92.85	-174.11
174.25	92.55	-179.00
176.06	92.35	177.86
177.90	92.03	173.35
179.75	91.82	170.51
181.62	91.50	166.44
183.51	91.19	162.55
185.42	90.98	160.07
187.35	90.64	155.93
189.30	90.45	153.61
191.27	90.17	150.18
193.27	89.94	147.42
195.28	89.66	144.22
197.31	89.48	142.12
199.36	89.20	139.07
201.44	88.93	136.13
203.54	88.66	133.36
205.66	88.40	130.75
207.80	88.17	128.18
209.96	87.93	125.69
212.15	87.71	123.29
214.36	87.47	120.57
216.59	87.27	118.28
218.84	87.10	116.45
221.12	86.91	114.33
223.42	86.73	112.32
225.75	86.57	110.38
228.10	86.43	108.47
230.48	86.26	105.98
232.88	86.16	104.15
235.30	86.07	102.32
237.75	85.95	99.55
240.22	85.88	97.73
242.73	85.83	95.91
245.25	85.78	93.76
247.81	85.75	91.95
250.39	85.72	89.54
252.99	85.72	87.74
255.63	85.72	85.31
258.29	85.75	82.91
260.98	85.79	81.09
263.70	85.87	78.30
266.44	85.96	75.76
269.21	86.06	73.23
272.02	86.14	71.64
274.85	86.28	69.07
277.71	86.45	66.50
280.60	86.64	63.89
283.52	86.87	61.25
286.48	87.14	58.54
289.46	87.49	55.39
292.47	87.85	52.46
295.52	88.26	49.38
298.59	88.80	45.62
301.70	89.35	42.00
304.84	89.97	37.96
308.02	90.87	32.09
311.23	91.70	26.46
314.47	92.74	18.40
317.74	93.92	6.93
321.05	94.76	-4.64
324.39	95.37	-20.33
327.77	95.56	-39.22
331.18	95.25	-54.75
334.63	94.29	-73.16
338.11	92.68	-90.19
341.63	91.33	-100.40
345.19	89.59	-110.33
348.78	88.11	-117.05
352.42	86.59	-123.13
356.08	85.19	-128.15
359.79	83.92	-132.38
363.54	82.65	-136.49
367.32	81.37	-140.59
371.15	80.37	-143.70
375.01	79.52	-146.34
378.92	78.61	-149.13
382.86	77.57	-152.26
386.85	76.75	-154.64
390.87	75.73	-157.56
394.94	74.98	-159.69
399.06	74.20	-161.90
403.21	73.37	-164.21
407.41	72.71	-166.09
411.65	71.94	-168.27
415.94	71.13	-170.47
420.27	70.41	-172.44
424.64	69.77	-174.18
429.06	69.09	-176.01
433.53	68.41	-177.78
438.04	67.70	-179.58
442.61	67.04	178.87
447.21	66.28	177.19
451.87	65.69	176.07
456.57	65.06	174.99
461.33	64.33	173.90
466.13	63.66	173.11
470.98	62.93	172.58
475.89	62.27	172.37
480.84	61.55	172.42
485.85	60.93	172.98
490.91	60.19	174.39
496.02	59.54	176.41
501.18	58.97	179.14
506.40	58.53	-177.52
511.67	58.17	-172.77
517.00	58.05	-167.77
522.38	58.10	-163.08
527.82	58.39	-158.28
533.32	58.81	-154.09
538.87	59.52	-149.81
544.48	60.25	-146.82
550.15	61.19	-144.30
555.88	62.21	-142.73
561.66	63.38	-141.94
567.51	64.75	-142.25
573.42	66.11	-143.60
579.39	67.45	-145.86
585.42	68.95	-149.30
591.52	70.81	-155.15
597.68	72.45	-161.65
603.90	74.34	-171.38
610.19	75.87	177.83
616.54	77.48	160.80
622.96	78.50	142.37
629.45	78.91	125.08
636.00	78.78	107.13
642.62	78.09	89.03
649.31	76.98	73.25
656.07	75.93	62.85
662.90	74.83	53.63
669.80	73.80	45.80
676.78	73.01	39.76
683.82	72.29	34.16
690.94	71.68	29.06
698.14	71.14	24.09
705.41	70.70	19.36
712.75	70.35	14.75
720.17	70.05	10.22
727.67	69.79	5.28
735.25	69.61	1.07
742.90	69.46	-3.54
750.64	69.34	-8.27
758.45	69.29	-12.91
766.35	69.29	-17.21
774.33	69.34	-21.96
782.39	69.42	-26.82
790.53	69.56	-31.67
798.76	69.75	-37.08
807.08	69.97	-42.10
815.48	70.24	-47.13
823.97	70.59	-52.74
832.55	71.01	-58.60
841.22	71.49	-64.69
849.98	72.03	-71.00
858.83	72.65	-77.64
867.77	73.35	-84.77
876.81	74.12	-92.40
885.93	75.05	-101.49
895.16	75.99	-111.06
904.48	77.06	-122.90
913.90	78.09	-136.88
923.41	78.98	-152.80
933.02	79.58	-170.43
942.74	79.78	170.96
952.55	79.59	151.02
962.47	79.01	132.88
972.49	78.15	116.58
982.62	77.13	101.77
992.85	76.09	89.14
1003.19	75.12	77.97
1013.63	74.22	67.66
1024.18	73.49	58.77
1034.85	72.78	49.43
1045.62	72.19	40.54
1056.51	71.72	32.42
1067.51	71.29	23.18
1078.62	70.95	14.49
1089.85	70.67	5.39
1101.20	70.43	-3.96
1112.66	70.19	-13.50
1124.25	69.93	-22.95
1135.95	69.70	-32.39
1147.78	69.54	-41.66
1159.73	69.44	-51.04
1171.81	69.43	-61.29
1184.01	69.46	-72.21
1196.33	69.49	-83.58
1208.79	69.42	-95.54
1221.37	69.22	-108.95
1234.09	68.96	-120.58
1246.94	68.66	-132.42
1259.92	68.38	-144.12
1273.04	68.02	-156.29
1286.29	67.64	-167.22
1299.69	67.28	-178.11
1313.22	67.07	171.58
1326.89	66.93	161.12
1340.70	66.88	150.08
1354.66	66.91	139.07
1368.77	66.97	126.53
1383.02	66.92	114.05
1397.42	66.74	100.29
1411.97	66.49	87.71
1426.67	66.19	75.32
1441.52	65.97	64.08
1456.53	65.86	52.92
1471.69	65.85	41.75
1487.02	65.96	30.56
1502.50	66.21	18.40
1518.14	66.59	5.00
1533.95	66.96	-8.65
1549.92	67.34	-24.93
1566.06	67.58	-42.18
1582.36	67.60	-60.10
1598.84	67.33	-78.86
1615.48	66.84	-96.52
1632.30	66.24	-113.26
1649.30	65.53	-128.20
1666.47	64.90	-141.56
1683.82	64.35	-154.58
1701.35	63.97	-166.90
1719.06	63.72	-179.00
1736.96	63.59	168.56
1755.05	63.57	156.65
1773.32	63.65	144.12
1791.78	63.87	131.26
1810.44	64.18	117.38
1829.29	64.54	102.94
1848.33	64.97	87.78
1867.58	65.38	71.97
1887.02	65.75	55.61
1906.67	66.03	39.05
1926.52	66.66	22.75
1946.58	66.96	2.74
1966.84	67.08	-13.76
1987.32	67.86	-29.24
2008.01	68.79	-51.48
2028.92	69.08	-74.95
2050.04	68.78	-95.30
2071.39	69.05	-113.15
2092.95	69.60	-135.09
2114.74	69.66	-156.23
2136.76	69.92	-175.80
2159.01	70.41	162.40
2181.49	70.89	139.44
2204.20	71.06	114.39
2227.15	70.95	90.04
2250.34	71.02	67.33
2273.76	71.19	43.03
2297.44	71.25	16.76
2321.36	71.09	-9.27
2345.53	70.64	-36.31
2369.95	69.76	-62.88
2394.62	68.73	-85.15
2419.55	67.92	-105.06
2444.74	67.47	-124.57
2470.20	67.28	-144.31
2495.92	67.27	-164.48
2521.90	67.42	174.70
2548.16	67.64	152.01
2574.69	67.77	128.65
2601.50	67.89	104.97
2628.58	68.11	81.25
2655.95	68.43	56.52
2683.60	68.71	29.64
2711.54	68.77	1.92
2739.77	68.57	-26.76
2768.30	68.14	-53.57
2797.12	67.61	-78.61
2826.24	67.21	-101.63
2855.67	67.25	-123.05
2885.40	67.82	-145.84
2915.44	68.77	-171.75
2945.80	69.78	158.87
2976.47	70.49	125.31
3007.45	70.57	89.48
3038.77	69.91	53.60
3070.41	68.80	22.03
3102.37	67.69	-4.83
3134.67	67.01	-28.53
3167.31	66.94	-50.60
3200.29	67.84	-76.43
3233.61	68.33	-107.10
3267.27	68.69	-137.35
3301.29	69.47	-168.89
3335.66	69.81	155.21
3370.39	69.47	117.74
3405.48	68.83	86.27
3440.94	68.80	56.15
3476.76	68.81	22.52
3512.96	68.46	-9.53
3549.54	68.25	-40.71
3586.49	68.12	-71.42
3623.83	68.22	-101.05
3661.56	68.67	-129.93
3699.69	69.53	-160.86
3738.20	70.62	166.24
3777.13	72.00	132.29
3816.45	73.86	93.80
3856.19	75.77	48.91
3896.33	76.85	-3.44
3936.90	77.02	-56.31
3977.89	76.21	-109.23
4019.31	74.24	-161.31
4061.15	71.84	154.76
4103.44	69.64	120.29
4146.16	68.40	87.61
4189.33	67.87	56.40
4232.94	67.93	23.35
4277.01	68.46	-16.65
4321.55	68.87	-58.53
4366.54	68.67	-103.66
4412.00	67.92	-148.72
4457.94	67.07	170.79
4504.35	66.67	130.86
4551.25	66.07	89.88
4598.63	65.59	49.78
4646.51	65.04	11.53
4694.89	65.04	-26.81
4743.77	65.47	-64.88
4793.16	66.19	-104.72
4843.06	67.19	-147.97
4893.49	68.30	165.11
4944.44	69.10	114.31
4995.91	69.57	61.50
5047.93	69.33	10.09
5100.49	69.27	-40.62
5153.59	68.95	-91.04
5207.25	68.65	-139.28
5261.46	68.93	172.72
5316.24	69.33	121.85
5371.59	69.41	69.17
5427.52	69.70	17.95
5484.03	70.18	-37.12
5541.12	70.50	-94.80
5598.82	69.85	-150.36
5657.11	70.05	153.39
5716.01	69.79	94.01
5775.52	68.85	35.84
5835.65	68.14	-17.13
5896.41	68.01	-67.61
5957.80	68.42	-124.56
6019.83	68.60	177.37
6082.50	68.77	116.78
6145.83	68.90	55.81
6209.82	69.05	-9.47
6274.47	68.32	-82.20
6339.80	64.88	-162.62
6405.81	62.64	92.86
6472.50	62.63	-17.19
6539.89	62.76	-135.01
6607.98	62.68	111.85
6676.78	63.64	3.76
6746.29	66.93	-82.89
6816.53	68.55	-154.79
6887.50	69.17	133.67
6959.21	69.52	71.15
7031.67	70.61	-0.88
7104.88	71.53	-68.84
7178.85	72.72	-141.32
7253.59	73.26	145.07
7329.11	74.57	74.38
7405.42	75.18	-9.78
7482.52	75.22	-91.53
7560.43	75.13	-167.60
7639.14	75.47	112.49
7718.68	75.92	28.52
7799.04	75.04	-65.18
7880.24	73.31	179.28
7962.29	73.45	43.47
8045.19	72.59	-95.70
8128.95	72.11	124.90
8213.58	71.86	-10.73
8299.10	72.21	-136.17
8385.50	73.25	118.18
8472.81	71.53	7.59
8561.02	68.83	-128.45
8650.16	67.48	61.31
8740.22	67.65	-133.01
8831.22	67.72	27.04
8923.16	69.03	-163.26
9016.07	72.47	16.17
9109.94	73.84	-131.69
9204.79	75.25	115.90
9300.62	76.10	10.64
9397.46	76.77	-99.17
9495.30	76.36	150.34
9594.16	75.82	41.49
9694.05	74.96	-98.97
9794.98	72.92	92.68
9896.96	73.17	-87.10
