Frequenz   SPL  Phase

20.00	61.10	-67.88
20.21	62.14	-75.17
21.06	63.00	-81.07
21.73	63.96	-86.54
22.41	64.82	-91.98
23.12	65.72	-97.48
23.85	66.49	-103.06
24.60	67.18	-107.98
25.38	67.92	-112.45
26.18	68.71	-117.13
27.01	69.41	-122.55
27.57	69.95	-127.23
28.44	70.55	-131.24
29.04	71.19	-135.54
29.95	71.77	-139.89
30.58	72.37	-144.15
31.22	72.92	-148.92
31.88	73.33	-153.28
32.88	73.78	-157.07
33.57	74.21	-161.10
34.27	74.62	-164.64
34.99	75.06	-168.19
35.72	75.48	-171.90
36.47	75.87	-175.54
37.23	76.23	-179.19
38.01	76.74	175.96
38.81	76.93	174.35
39.21	77.28	171.04
40.03	77.62	167.83
40.87	77.95	164.57
41.73	78.25	161.33
42.16	78.55	158.28
43.04	78.84	155.24
43.94	79.12	152.22
44.40	79.39	149.34
45.33	79.66	146.49
45.80	79.93	143.62
46.76	80.19	140.76
47.25	80.43	137.96
48.24	80.67	135.21
48.74	80.90	132.51
49.76	81.13	129.88
50.28	81.36	127.26
51.33	81.58	124.63
51.86	81.79	122.03
52.40	82.00	119.47
53.50	82.20	116.91
54.06	82.40	114.38
54.62	82.59	111.85
55.76	82.76	109.37
56.35	82.94	106.97
56.93	83.11	104.57
57.52	83.28	102.21
58.73	83.45	99.87
59.34	83.61	97.53
59.96	83.76	95.22
60.58	83.92	92.90
61.21	84.05	90.63
62.49	84.19	88.44
63.15	84.39	85.23
63.80	84.53	83.12
64.47	84.60	82.07
65.14	84.74	79.96
65.82	84.87	77.83
66.50	84.99	75.72
67.19	85.11	73.65
67.89	85.23	71.61
68.60	85.35	69.57
69.31	85.46	67.55
70.04	85.57	65.55
70.77	85.67	63.58
71.50	85.78	61.64
72.25	85.88	59.72
73.00	85.98	57.83
73.76	86.07	55.96
74.53	86.17	54.12
75.30	86.26	52.30
76.09	86.36	50.49
76.88	86.45	48.70
77.68	86.54	46.92
78.49	86.63	45.16
79.31	86.72	43.41
80.13	86.81	41.69
80.97	86.99	38.22
81.81	87.07	36.51
82.66	87.15	34.82
83.52	87.23	33.14
84.39	87.30	31.49
85.27	87.38	29.86
86.16	87.53	26.66
87.05	87.60	25.10
87.96	87.72	22.80
88.88	87.80	21.26
89.80	87.91	18.96
90.74	87.99	17.45
91.68	88.07	15.94
92.64	88.15	14.44
93.60	88.30	11.47
94.57	88.37	10.00
95.56	88.45	8.56
96.55	88.62	5.63
97.56	88.69	4.15
98.57	88.84	1.26
99.60	88.92	-0.18
100.64	89.00	-1.61
101.69	89.15	-4.45
102.74	89.22	-5.84
103.81	89.38	-8.58
104.90	89.46	-9.96
105.99	89.63	-12.71
107.09	89.71	-14.11
108.21	89.88	-16.88
109.33	89.96	-18.26
110.47	90.13	-21.04
111.62	90.22	-22.43
112.78	90.43	-25.91
113.96	90.61	-28.71
115.14	90.69	-30.12
116.34	90.82	-32.25
117.55	91.00	-35.07
118.78	91.08	-36.48
120.01	91.26	-39.30
121.26	91.45	-42.17
122.53	91.54	-43.61
123.80	91.73	-46.54
125.09	91.92	-49.51
126.39	92.11	-52.54
127.71	92.20	-54.06
129.04	92.38	-57.15
130.38	92.57	-60.26
131.74	92.75	-63.43
133.11	92.94	-66.68
134.50	93.12	-69.99
135.90	93.30	-73.38
137.31	93.39	-75.11
138.74	93.60	-79.52
140.19	93.76	-83.10
141.65	93.91	-86.77
143.12	94.01	-89.58
144.61	94.14	-93.36
146.12	94.25	-97.21
147.64	94.40	-103.08
149.18	94.47	-107.04
150.73	94.53	-111.02
152.30	94.57	-115.03
153.88	94.59	-119.04
155.49	94.60	-123.07
157.10	94.59	-127.06
158.74	94.53	-133.05
160.39	94.47	-137.00
162.06	94.40	-140.92
163.75	94.20	-147.58
165.45	94.08	-151.28
167.18	93.94	-154.87
168.92	93.74	-159.23
170.68	93.57	-162.62
172.45	93.40	-165.90
174.25	93.13	-170.64
176.06	92.94	-173.69
177.90	92.64	-178.05
179.75	92.44	179.20
181.62	92.14	175.24
183.51	91.85	171.49
185.42	91.65	169.10
187.35	91.33	165.12
189.30	91.16	162.89
191.27	90.89	159.61
193.27	90.68	156.98
195.28	90.42	153.89
197.31	90.26	151.88
199.36	90.01	148.94
201.44	89.75	146.13
203.54	89.51	143.47
205.66	89.27	140.96
207.80	89.05	138.55
209.96	88.84	136.21
212.15	88.64	133.96
214.36	88.43	131.44
216.59	88.25	129.34
218.84	88.11	127.65
221.12	87.95	125.71
223.42	87.81	123.85
225.75	87.69	122.05
228.10	87.59	120.27
230.48	87.48	117.90
232.88	87.41	116.14
235.30	87.36	114.36
237.75	87.29	111.65
240.22	87.26	109.85
242.73	87.24	108.08
245.25	87.22	105.97
247.81	87.22	104.19
250.39	87.23	101.85
252.99	87.25	100.10
255.63	87.29	97.76
258.29	87.35	95.43
260.98	87.41	93.67
263.70	87.53	91.03
266.44	87.65	88.63
269.21	87.79	86.25
272.02	87.89	84.77
274.85	88.07	82.40
277.71	88.28	79.97
280.60	88.52	77.53
283.52	88.80	75.04
286.48	89.11	72.50
289.46	89.52	69.50
292.47	89.93	66.71
295.52	90.39	63.77
298.59	90.98	60.19
301.70	91.58	56.70
304.84	92.25	52.85
308.02	93.20	47.23
311.23	94.07	41.84
314.47	95.16	34.16
317.74	96.40	23.24
321.05	97.32	12.20
324.39	98.06	-2.92
327.77	98.41	-21.34
331.18	98.25	-36.64
334.63	97.49	-54.98
338.11	96.07	-72.23
341.63	94.84	-82.72
345.19	93.22	-92.99
348.78	91.84	-99.96
352.42	90.41	-106.24
356.08	89.12	-111.40
359.79	87.94	-115.75
363.54	86.79	-119.88
367.32	85.64	-124.02
371.15	84.76	-127.18
375.01	84.03	-129.84
378.92	83.25	-132.66
382.86	82.38	-135.87
386.85	81.69	-138.34
390.87	80.87	-141.39
394.94	80.27	-143.65
399.06	79.66	-146.02
403.21	79.04	-148.55
407.41	78.55	-150.61
411.65	77.99	-153.11
415.94	77.43	-155.67
420.27	76.94	-158.03
424.64	76.52	-160.16
429.06	76.08	-162.49
433.53	75.67	-164.80
438.04	75.25	-167.27
442.61	74.89	-169.55
447.21	74.49	-172.19
451.87	74.19	-174.24
456.57	73.88	-176.44
461.33	73.55	-179.01
466.13	73.26	178.65
470.98	72.98	176.13
475.89	72.74	173.80
480.84	72.50	171.30
485.85	72.31	169.19
490.91	72.11	166.58
496.02	71.95	164.09
501.18	71.80	161.62
506.40	71.70	159.39
511.67	71.60	156.61
517.00	71.54	153.94
522.38	71.51	151.45
527.82	71.52	148.80
533.32	71.56	146.26
538.87	71.64	143.07
544.48	71.75	140.40
550.15	71.91	137.31
555.88	72.12	134.34
561.66	72.39	131.03
567.51	72.77	127.40
573.42	73.21	123.74
579.39	73.71	119.94
585.42	74.35	115.33
591.52	75.27	108.68
597.68	76.15	101.78
603.90	77.23	91.82
610.19	78.08	81.05
616.54	78.88	64.36
622.96	79.16	46.54
629.45	78.94	29.92
636.00	78.16	12.89
642.62	76.78	-4.01
649.31	74.97	-18.35
656.07	73.35	-27.43
662.90	71.62	-34.99
669.80	69.95	-40.88
676.78	68.61	-44.98
683.82	67.35	-48.44
690.94	66.22	-51.20
698.14	65.15	-53.60
705.41	64.21	-55.64
712.75	63.38	-57.34
720.17	62.64	-58.82
727.67	61.94	-60.25
735.25	61.40	-61.28
742.90	60.92	-62.25
750.64	60.50	-63.12
758.45	60.20	-63.93
766.35	60.02	-64.77
774.33	59.91	-65.74
782.39	59.88	-66.88
790.53	59.94	-68.11
798.76	60.08	-69.72
807.08	60.29	-71.26
815.48	60.59	-73.04
823.97	61.01	-75.23
832.55	61.53	-77.90
841.22	62.13	-81.04
849.98	62.80	-84.58
858.83	63.57	-88.67
867.77	64.42	-93.43
876.81	65.36	-98.88
885.93	66.47	-105.83
895.16	67.59	-113.62
904.48	68.84	-123.77
913.90	70.03	-136.27
923.41	71.03	-150.77
933.02	71.73	-166.90
942.74	72.02	176.16
952.55	71.95	158.09
962.47	71.48	141.88
972.49	70.78	127.55
982.62	69.95	114.71
992.85	69.13	103.80
1003.19	68.38	94.17
1013.63	67.72	85.28
1024.18	67.21	77.56
1034.85	66.74	69.40
1045.62	66.37	61.54
1056.51	66.11	54.35
1067.51	65.91	46.08
1078.62	65.78	38.25
1089.85	65.71	29.95
1101.20	65.68	21.37
1112.66	65.64	12.56
1124.25	65.60	3.82
1135.95	65.57	-5.03
1147.78	65.61	-13.67
1159.73	65.71	-22.43
1171.81	65.91	-32.08
1184.01	66.17	-42.41
1196.33	66.41	-53.29
1208.79	66.56	-64.79
1221.37	66.61	-77.84
1234.09	66.56	-89.23
1246.94	66.48	-100.88
1259.92	66.40	-112.39
1273.04	66.25	-124.37
1286.29	66.07	-135.07
1299.69	65.92	-145.68
1313.22	65.92	-155.70
1326.89	66.01	-165.88
1340.70	66.20	-176.67
1354.66	66.47	172.52
1368.77	66.79	160.13
1383.02	67.00	147.69
1397.42	67.11	133.92
1411.97	67.14	121.27
1426.67	67.14	108.66
1441.52	67.22	97.10
1456.53	67.42	85.54
1471.69	67.73	73.82
1487.02	68.16	61.97
1502.50	68.74	48.94
1518.14	69.47	34.51
1533.95	70.17	19.71
1549.92	70.92	1.90
1566.06	71.51	-17.22
1582.36	71.86	-37.26
1598.84	71.91	-58.57
1615.48	71.67	-79.16
1632.30	71.25	-98.83
1649.30	70.70	-116.82
1666.47	70.15	-133.26
1683.82	69.65	-149.33
1701.35	69.27	-164.60
1719.06	69.01	-179.48
1736.96	68.82	165.15
1755.05	68.72	150.61
1773.32	68.71	135.55
1791.78	68.83	120.15
1810.44	69.03	103.65
1829.29	69.29	86.70
1848.33	69.61	68.99
1867.58	69.96	50.23
1887.02	70.25	30.32
1906.67	70.40	8.60
1926.52	70.30	-13.22
1946.58	70.17	-36.33
1966.84	69.68	-59.96
1987.32	68.49	-80.47
2008.01	67.87	-98.18
2028.92	67.37	-116.16
2050.04	66.74	-135.82
2071.39	65.71	-153.50
2092.95	64.87	-164.54
2114.74	65.22	-178.63
2136.76	65.35	165.91
2159.01	65.63	149.37
2181.49	66.09	132.95
2204.20	66.92	113.43
2227.15	67.02	88.80
2250.34	66.89	70.30
2273.76	67.29	51.47
2297.44	67.82	30.17
2321.36	68.31	8.45
2345.53	68.88	-14.94
2369.95	69.31	-43.01
2394.62	68.80	-70.00
2419.55	68.04	-92.26
2444.74	67.72	-112.15
2470.20	67.78	-132.04
2495.92	68.08	-152.25
2521.90	68.66	-173.37
2548.16	69.44	162.29
2574.69	69.98	135.32
2601.50	70.19	107.69
2628.58	70.32	80.93
2655.95	70.47	54.31
2683.60	70.62	26.53
2711.54	70.67	-1.76
2739.77	70.58	-31.22
2768.30	70.33	-59.51
2797.12	69.95	-87.18
2826.24	69.52	-113.93
2855.67	69.26	-138.91
2885.40	69.31	-163.98
2915.44	69.69	169.61
2945.80	70.22	141.39
2976.47	70.69	110.21
3007.45	70.83	76.60
3038.77	70.44	41.45
3070.41	69.58	8.84
3102.37	68.54	-20.27
3134.67	67.75	-46.34
3167.31	67.38	-71.42
3200.29	67.35	-94.59
3233.61	68.52	-120.89
3267.27	69.70	-156.01
3301.29	70.09	162.62
3335.66	68.72	121.21
3370.39	66.48	93.08
3405.48	65.90	67.59
3440.94	65.33	42.87
3476.76	65.20	20.62
3512.96	66.34	-0.02
3549.54	69.02	-29.37
3586.49	70.72	-77.12
3623.83	70.41	-122.32
3661.56	69.26	-161.60
3699.69	68.41	166.71
3738.20	68.14	135.35
3777.13	68.35	105.66
3816.45	69.20	74.31
3856.19	70.72	40.41
3896.33	72.59	-3.97
3936.90	73.30	-53.88
3977.89	72.59	-104.19
4019.31	71.44	-148.33
4061.15	70.51	168.34
4103.44	69.16	128.26
4146.16	67.94	90.40
4189.33	67.05	57.74
4232.94	67.28	23.05
4277.01	66.99	-17.95
4321.55	66.89	-54.24
4366.54	66.90	-93.20
4412.00	67.33	-132.19
4457.94	67.75	-175.18
4504.35	67.64	141.50
4551.25	67.61	98.55
4598.63	67.44	55.71
4646.51	67.58	13.52
4694.89	67.76	-31.52
4743.77	67.52	-76.67
4793.16	67.45	-119.60
4843.06	67.64	-163.13
4893.49	67.90	151.15
4944.44	67.98	105.14
4995.91	68.33	61.46
5047.93	69.30	13.93
5100.49	69.93	-37.80
5153.59	70.26	-89.71
5207.25	70.46	-142.88
5261.46	70.57	164.27
5316.24	70.64	111.37
5371.59	70.63	57.18
5427.52	70.56	3.00
5484.03	70.43	-52.32
5541.12	70.16	-108.05
5598.82	70.01	-160.43
5657.11	69.90	140.40
5716.01	68.85	87.24
5775.52	68.90	34.21
5835.65	69.11	-20.06
5896.41	69.75	-79.36
5957.80	69.14	-139.67
6019.83	68.93	163.18
6082.50	68.47	101.41
6145.83	67.92	44.21
6209.82	67.62	-13.41
6274.47	67.39	-71.26
6339.80	67.54	-129.25
6405.81	68.06	170.14
6472.50	68.46	105.26
6539.89	68.50	35.05
6607.98	67.45	-36.38
6676.78	65.07	-110.02
6746.29	63.87	137.39
6816.53	62.88	16.68
6887.50	62.27	-96.75
6959.21	63.34	154.64
7031.67	65.71	36.45
7104.88	69.17	-64.88
7178.85	69.92	-144.40
7253.59	71.89	146.86
7329.11	73.40	34.44
7405.42	74.13	-121.25
7482.52	74.15	50.03
7560.43	74.95	-154.95
7639.14	76.12	-6.95
7718.68	74.71	137.85
7799.04	72.50	-1.80
7880.24	72.63	-113.70
7962.29	72.64	159.64
8045.19	72.58	80.95
8128.95	73.11	-4.00
8213.58	74.38	-97.51
8299.10	73.56	144.35
8385.50	72.70	11.71
8472.81	72.23	-121.30
8561.02	72.48	103.10
8650.16	72.81	-30.12
8740.22	74.19	-158.83
8831.22	75.36	81.52
8923.16	75.43	-26.36
9016.07	75.00	-140.59
9109.94	74.00	98.56
9204.79	72.87	-33.03
9300.62	71.50	-166.26
9397.46	71.48	66.57
9495.30	72.24	-61.32
9594.16	74.02	173.41
9694.05	76.34	48.50
9794.98	77.10	-111.92
9896.96	79.62	67.45
