Frequenz   SPL   Phase

20.00	59.66	-45.30
20.21	60.82	-52.59
21.06	61.83	-59.29
21.73	62.89	-65.09
22.41	63.95	-70.25
23.12	65.21	-76.54
23.85	66.03	-84.86
24.60	66.55	-90.30
25.38	67.39	-94.34
26.18	68.16	-99.31
27.01	69.00	-104.14
27.57	69.71	-109.50
28.44	70.38	-114.11
29.04	71.10	-119.05
29.95	71.68	-124.09
30.58	72.25	-128.44
31.22	72.85	-132.93
31.88	73.41	-137.49
32.88	73.92	-141.95
33.57	74.39	-146.35
34.27	74.83	-150.48
34.99	75.27	-154.23
35.72	75.74	-157.96
36.47	76.20	-162.01
37.23	76.60	-165.99
38.01	77.16	-171.62
38.81	77.34	-173.38
39.21	77.71	-177.00
40.03	78.06	179.47
40.87	78.41	175.93
41.73	78.73	172.41
42.16	79.04	168.99
43.04	79.33	165.63
43.94	79.62	162.45
44.40	79.90	159.29
45.33	80.18	156.17
45.80	80.46	153.05
46.76	80.71	149.94
47.25	80.96	146.93
48.24	81.20	143.93
48.74	81.43	140.98
49.76	81.66	138.08
50.28	81.88	135.20
51.33	82.08	132.38
51.86	82.28	129.65
52.40	82.47	126.97
53.50	82.67	124.32
54.06	82.86	121.71
54.62	83.05	119.12
55.76	83.24	116.51
56.35	83.41	113.93
56.93	83.58	111.36
57.52	83.74	108.84
58.73	83.90	106.35
59.34	84.04	103.90
59.96	84.18	101.52
60.58	84.32	99.17
61.21	84.46	96.86
62.49	84.60	94.59
63.15	84.80	91.21
63.80	84.93	88.99
64.47	84.99	87.89
65.14	85.11	85.69
65.82	85.24	83.52
66.50	85.35	81.36
67.19	85.46	79.24
67.89	85.58	77.15
68.60	85.68	75.07
69.31	85.79	73.03
70.04	85.89	71.04
70.77	85.99	69.05
71.50	86.10	67.07
72.25	86.19	65.11
73.00	86.29	63.18
73.76	86.39	61.26
74.53	86.48	59.33
75.30	86.56	57.43
76.09	86.65	55.58
76.88	86.73	53.74
77.68	86.81	51.94
78.49	86.89	50.16
79.31	86.97	48.40
80.13	87.05	46.64
80.97	87.21	43.23
81.81	87.29	41.51
82.66	87.36	39.84
83.52	87.43	38.19
84.39	87.51	36.58
85.27	87.59	34.95
86.16	87.73	31.77
87.05	87.81	30.17
87.96	87.92	27.83
88.88	87.99	26.28
89.80	88.10	23.98
90.74	88.18	22.46
91.68	88.25	20.95
92.64	88.32	19.46
93.60	88.47	16.48
94.57	88.54	15.00
95.56	88.61	13.54
96.55	88.76	10.60
97.56	88.83	9.14
98.57	88.97	6.31
99.60	89.04	4.90
100.64	89.11	3.48
101.69	89.25	0.73
102.74	89.32	-0.60
103.81	89.48	-3.29
104.90	89.56	-4.65
105.99	89.72	-7.35
107.09	89.81	-8.73
108.21	89.97	-11.47
109.33	90.05	-12.84
110.47	90.22	-15.60
111.62	90.30	-16.99
112.78	90.50	-20.41
113.96	90.67	-23.15
115.14	90.75	-24.53
116.34	90.87	-26.57
117.55	91.04	-29.29
118.78	91.13	-30.65
120.01	91.31	-33.39
121.26	91.49	-36.19
122.53	91.59	-37.60
123.80	91.77	-40.47
125.09	91.96	-43.37
126.39	92.14	-46.31
127.71	92.23	-47.79
129.04	92.42	-50.78
130.38	92.60	-53.82
131.74	92.79	-56.90
133.11	92.97	-60.06
134.50	93.15	-63.28
135.90	93.33	-66.57
137.31	93.41	-68.23
138.74	93.62	-72.50
140.19	93.78	-75.97
141.65	93.94	-79.51
143.12	94.04	-82.23
144.61	94.18	-85.90
146.12	94.30	-89.63
147.64	94.46	-95.31
149.18	94.55	-99.19
150.73	94.61	-103.07
152.30	94.66	-106.98
153.88	94.70	-110.91
155.49	94.71	-114.83
157.10	94.71	-118.74
158.74	94.68	-124.56
160.39	94.63	-128.44
162.06	94.57	-132.27
163.75	94.41	-138.86
165.45	94.29	-142.51
167.18	94.17	-146.08
168.92	93.99	-150.40
170.68	93.84	-153.78
172.45	93.67	-157.05
174.25	93.41	-161.77
176.06	93.23	-164.79
177.90	92.95	-169.13
179.75	92.76	-171.87
181.62	92.47	-175.76
183.51	92.19	-179.46
185.42	92.01	178.15
187.35	91.70	174.15
189.30	91.53	171.92
191.27	91.27	168.65
193.27	91.06	166.03
195.28	90.81	162.97
197.31	90.65	160.98
199.36	90.40	158.11
201.44	90.15	155.38
203.54	89.91	152.77
205.66	89.68	150.30
207.80	89.46	147.97
209.96	89.26	145.71
212.15	89.07	143.54
214.36	88.86	141.10
216.59	88.69	139.08
218.84	88.56	137.45
221.12	88.41	135.55
223.42	88.28	133.76
225.75	88.16	132.03
228.10	88.07	130.32
230.48	87.96	128.06
232.88	87.90	126.36
235.30	87.86	124.63
237.75	87.81	122.00
240.22	87.78	120.25
242.73	87.75	118.52
245.25	87.74	116.53
247.81	87.74	114.84
250.39	87.75	112.65
252.99	87.78	110.99
255.63	87.83	108.77
258.29	87.90	106.55
260.98	87.96	104.87
263.70	88.08	102.36
266.44	88.21	100.10
269.21	88.35	97.87
272.02	88.45	96.47
274.85	88.64	94.22
277.71	88.85	91.96
280.60	89.09	89.65
283.52	89.37	87.31
286.48	89.67	84.93
289.46	90.08	82.13
292.47	90.48	79.52
295.52	90.92	76.77
298.59	91.49	73.45
301.70	92.06	70.24
304.84	92.69	66.70
308.02	93.58	61.67
311.23	94.38	56.94
314.47	95.40	50.40
317.74	96.61	41.28
321.05	97.58	32.02
324.39	98.50	18.91
327.77	99.18	2.24
331.18	99.34	-12.30
334.63	99.00	-30.61
338.11	97.97	-48.98
341.63	96.94	-60.66
345.19	95.46	-72.56
348.78	94.11	-80.73
352.42	92.68	-87.98
356.08	91.37	-93.78
359.79	90.19	-98.57
363.54	89.03	-103.03
367.32	87.87	-107.39
371.15	87.00	-110.65
375.01	86.27	-113.40
378.92	85.50	-116.26
382.86	84.65	-119.44
386.85	83.99	-121.92
390.87	83.19	-124.94
394.94	82.62	-127.14
399.06	82.05	-129.45
403.21	81.46	-131.90
407.41	81.00	-133.89
411.65	80.49	-136.24
415.94	79.99	-138.75
420.27	79.56	-141.08
424.64	79.19	-143.20
429.06	78.80	-145.53
433.53	78.45	-147.80
438.04	78.08	-150.24
442.61	77.77	-152.46
447.21	77.43	-155.01
451.87	77.19	-156.99
456.57	76.94	-159.14
461.33	76.69	-161.64
466.13	76.47	-163.96
470.98	76.26	-166.40
475.89	76.10	-168.68
480.84	75.95	-171.15
485.85	75.84	-173.24
490.91	75.73	-175.87
496.02	75.66	-178.38
501.18	75.61	179.10
506.40	75.59	176.82
511.67	75.60	173.93
517.00	75.64	171.22
522.38	75.71	168.64
527.82	75.82	165.85
533.32	75.95	163.19
538.87	76.15	159.90
544.48	76.36	157.13
550.15	76.65	153.92
555.88	76.97	150.81
561.66	77.38	147.34
567.51	77.90	143.41
573.42	78.46	139.42
579.39	79.08	135.29
585.42	79.84	130.38
591.52	80.87	123.43
597.68	81.85	116.38
603.90	83.05	106.52
610.19	84.06	96.02
616.54	85.11	79.67
622.96	85.70	61.86
629.45	85.78	44.94
636.00	85.34	27.12
642.62	84.33	8.84
649.31	82.86	-7.49
656.07	81.47	-18.42
662.90	79.95	-28.02
669.80	78.49	-36.05
676.78	77.30	-42.07
683.82	76.20	-47.52
690.94	75.21	-52.33
698.14	74.30	-56.99
705.41	73.48	-61.36
712.75	72.77	-65.46
720.17	72.13	-69.45
727.67	71.51	-73.76
735.25	71.03	-77.36
742.90	70.56	-81.27
750.64	70.13	-85.23
758.45	69.77	-89.14
766.35	69.51	-92.71
774.33	69.27	-96.65
782.39	69.08	-100.63
790.53	68.96	-104.63
798.76	68.88	-109.08
807.08	68.86	-113.21
815.48	68.90	-117.41
823.97	69.01	-122.11
832.55	69.19	-126.97
841.22	69.45	-132.11
849.98	69.77	-137.47
858.83	70.17	-143.16
867.77	70.67	-149.38
876.81	71.24	-156.17
885.93	71.95	-164.39
895.16	72.69	-173.17
904.48	73.52	175.83
913.90	74.29	162.75
923.41	74.89	147.88
933.02	75.22	131.59
942.74	75.15	114.62
952.55	74.71	96.60
962.47	73.93	80.47
972.49	72.92	66.17
982.62	71.77	53.35
992.85	70.63	42.51
1003.19	69.56	33.06
1013.63	68.56	24.47
1024.18	67.75	17.13
1034.85	66.95	9.50
1045.62	66.28	2.27
1056.51	65.75	-4.33
1067.51	65.26	-11.89
1078.62	64.86	-18.99
1089.85	64.53	-26.57
1101.20	64.24	-34.36
1112.66	63.95	-42.38
1124.25	63.66	-50.31
1135.95	63.40	-58.25
1147.78	63.19	-66.02
1159.73	63.07	-73.87
1171.81	63.04	-82.59
1184.01	63.06	-91.95
1196.33	63.06	-101.91
1208.79	62.98	-112.44
1221.37	62.75	-124.36
1234.09	62.44	-134.61
1246.94	62.07	-144.87
1259.92	61.70	-154.73
1273.04	61.27	-164.67
1286.29	60.84	-173.16
1299.69	60.48	178.81
1313.22	60.33	171.35
1326.89	60.30	163.76
1340.70	60.40	155.65
1354.66	60.63	147.31
1368.77	60.91	137.41
1383.02	61.11	127.35
1397.42	61.23	116.26
1411.97	61.31	105.97
1426.67	61.37	95.84
1441.52	61.53	86.66
1456.53	61.85	77.45
1471.69	62.31	68.01
1487.02	62.91	58.26
1502.50	63.71	47.32
1518.14	64.67	34.65
1533.95	65.60	21.32
1549.92	66.60	4.88
1566.06	67.41	-12.98
1582.36	67.98	-31.94
1598.84	68.26	-52.10
1615.48	68.26	-71.51
1632.30	68.09	-90.03
1649.30	67.82	-107.02
1666.47	67.55	-122.77
1683.82	67.35	-138.15
1701.35	67.30	-152.90
1719.06	67.33	-167.60
1736.96	67.44	177.11
1755.05	67.62	162.59
1773.32	67.92	147.39
1791.78	68.34	131.64
1810.44	68.81	114.66
1829.29	69.32	97.13
1848.33	69.89	78.74
1867.58	70.46	59.35
1887.02	70.96	38.83
1906.67	71.34	16.79
1926.52	71.55	-5.96
1946.58	71.61	-29.52
1966.84	71.51	-52.89
1987.32	71.05	-76.31
2008.01	70.42	-97.74
2028.92	69.96	-117.26
2050.04	69.61	-137.23
2071.39	69.23	-157.23
2092.95	68.69	-177.03
2114.74	68.50	165.94
2136.76	68.45	147.89
2159.01	68.52	128.64
2181.49	68.69	109.69
2204.20	69.04	89.52
2227.15	69.55	65.89
2250.34	69.54	40.65
2273.76	69.29	16.83
2297.44	69.02	-6.92
2321.36	68.72	-29.50
2345.53	68.38	-51.98
2369.95	68.18	-74.14
2394.62	68.12	-97.02
2419.55	67.77	-120.93
2444.74	67.32	-143.53
2470.20	67.06	-164.91
2495.92	66.97	173.89
2521.90	67.05	152.61
2548.16	67.34	130.11
2574.69	67.75	105.58
2601.50	67.96	78.44
2628.58	67.89	51.25
2655.95	67.68	24.94
2683.60	67.44	-1.28
2711.54	67.20	-27.05
2739.77	66.97	-53.32
2768.30	66.81	-78.78
2797.12	66.66	-104.78
2826.24	66.42	-131.40
2855.67	66.11	-156.71
2885.40	66.02	178.66
2915.44	66.25	153.28
2945.80	66.63	126.46
2976.47	66.98	97.46
3007.45	67.18	66.52
3038.77	67.02	33.23
3070.41	66.33	1.18
3102.37	65.30	-27.38
3134.67	64.49	-51.65
3167.31	64.32	-74.01
3200.29	64.74	-98.35
3233.61	65.47	-124.15
3267.27	66.59	-153.90
3301.29	67.71	170.87
3335.66	67.94	131.70
3370.39	67.36	92.16
3405.48	65.99	56.87
3440.94	64.78	29.68
3476.76	64.12	4.78
3512.96	64.34	-17.76
3549.54	65.26	-44.39
3586.49	66.42	-73.08
3623.83	68.22	-107.34
3661.56	69.51	-147.16
3699.69	70.04	170.22
3738.20	70.00	129.54
3777.13	70.24	92.40
3816.45	70.87	51.90
3856.19	71.28	8.22
3896.33	71.13	-37.64
3936.90	70.67	-83.28
3977.89	69.39	-128.31
4019.31	67.59	-171.05
4061.15	65.74	153.62
4103.44	64.55	123.67
4146.16	64.30	93.24
4189.33	64.77	61.30
4232.94	65.55	23.84
4277.01	66.05	-20.25
4321.55	65.94	-63.62
4366.54	65.37	-107.26
4412.00	64.47	-148.27
4457.94	63.86	175.13
4504.35	63.89	139.62
4551.25	64.10	100.48
4598.63	64.37	61.65
4646.51	65.02	23.28
4694.89	66.23	-20.56
4743.77	66.97	-68.95
4793.16	67.09	-115.14
4843.06	67.72	-162.36
4893.49	67.95	146.70
4944.44	67.68	96.51
4995.91	67.32	49.02
5047.93	67.19	2.43
5100.49	67.00	-45.42
5153.59	66.77	-89.41
5207.25	67.41	-133.68
5261.46	68.42	177.57
5316.24	69.16	126.38
5371.59	69.82	74.46
5427.52	70.79	20.71
5484.03	71.48	-38.09
5541.12	71.58	-96.25
5598.82	71.55	-154.84
5657.11	71.24	148.64
5716.01	71.27	92.53
5775.52	71.17	33.48
5835.65	70.89	-23.31
5896.41	70.58	-80.17
5957.80	70.95	-135.11
6019.83	71.26	163.99
6082.50	71.17	102.85
6145.83	71.26	42.37
6209.82	71.42	-20.50
6274.47	70.97	-87.59
6339.80	69.86	-149.44
6405.81	69.19	152.68
6472.50	69.09	95.17
6539.89	69.37	34.23
6607.98	69.57	-26.84
6676.78	70.35	-89.29
6746.29	71.23	-158.38
6816.53	71.77	128.89
6887.50	71.80	51.99
6959.21	70.94	-31.59
7031.67	70.02	-127.52
7104.88	69.77	116.71
7178.85	69.88	-3.40
7253.59	70.59	-126.31
7329.11	71.25	112.98
7405.42	72.45	-3.46
7482.52	73.75	-94.03
7560.43	74.95	175.02
7639.14	73.96	81.67
7718.68	72.04	8.60
7799.04	72.21	-65.17
7880.24	72.62	-150.41
7962.29	71.23	124.32
8045.19	68.88	32.95
8128.95	70.23	-95.74
8213.58	70.75	115.70
8299.10	70.56	-26.77
8385.50	70.96	-169.00
8472.81	71.78	49.16
8561.02	73.42	-65.94
8650.16	72.17	-173.76
8740.22	68.73	77.44
8831.22	65.63	-57.88
8923.16	65.34	177.58
9016.07	66.33	40.91
9109.94	67.31	-93.91
9204.79	71.02	130.43
9300.62	74.41	6.08
9397.46	76.11	-113.49
9495.30	74.61	134.13
9594.16	73.80	24.69
9694.05	72.63	-99.05
9794.98	72.98	127.26
9896.96	74.68	-20.65
