Frequenz   SPL   Phase

20.00	61.64	-92.73
20.21	62.46	-99.84
21.06	63.23	-105.72
21.73	64.07	-110.97
22.41	64.89	-116.78
23.12	65.60	-122.29
23.85	66.27	-127.44
24.60	66.90	-132.34
25.38	67.52	-136.70
26.18	68.18	-140.87
27.01	68.88	-145.42
27.57	69.50	-150.57
28.44	69.96	-155.50
29.04	70.39	-159.40
29.95	70.90	-163.04
30.58	71.43	-166.87
31.22	71.95	-171.03
31.88	72.36	-175.29
32.88	72.75	-178.85
33.57	73.19	177.67
34.27	73.61	174.03
34.99	74.02	170.51
35.72	74.42	166.89
36.47	74.80	163.21
37.23	75.13	159.63
38.01	75.61	154.77
38.81	75.78	153.17
39.21	76.11	149.92
40.03	76.42	146.66
40.87	76.72	143.47
41.73	77.01	140.36
42.16	77.30	137.32
43.04	77.58	134.29
43.94	77.87	131.24
44.40	78.13	128.17
45.33	78.38	125.17
45.80	78.62	122.22
46.76	78.86	119.31
47.25	79.09	116.42
48.24	79.31	113.60
48.74	79.54	110.78
49.76	79.75	107.96
50.28	79.96	105.14
51.33	80.16	102.26
51.86	80.33	99.52
52.40	80.51	96.82
53.50	80.68	94.16
54.06	80.85	91.53
54.62	81.02	88.90
55.76	81.18	86.28
56.35	81.33	83.71
56.93	81.48	81.16
57.52	81.62	78.60
58.73	81.76	76.09
59.34	81.89	73.58
59.96	82.02	71.09
60.58	82.14	68.67
61.21	82.26	66.24
62.49	82.37	63.84
63.15	82.53	60.29
63.80	82.64	57.93
64.47	82.69	56.77
65.14	82.78	54.45
65.82	82.87	52.16
66.50	82.96	49.90
67.19	83.05	47.66
67.89	83.14	45.44
68.60	83.22	43.24
69.31	83.30	41.02
70.04	83.38	38.82
70.77	83.45	36.64
71.50	83.52	34.50
72.25	83.58	32.36
73.00	83.64	30.24
73.76	83.70	28.16
74.53	83.77	26.09
75.30	83.82	24.00
76.09	83.87	21.93
76.88	83.92	19.89
77.68	83.97	17.85
78.49	84.01	15.84
79.31	84.05	13.87
80.13	84.09	11.93
80.97	84.16	8.09
81.81	84.20	6.19
82.66	84.23	4.29
83.52	84.26	2.40
84.39	84.30	0.53
85.27	84.33	-1.34
86.16	84.38	-5.09
87.05	84.40	-6.94
87.96	84.43	-9.62
88.88	84.44	-11.40
89.80	84.47	-14.05
90.74	84.49	-15.79
91.68	84.50	-17.53
92.64	84.52	-19.25
93.60	84.56	-22.69
94.57	84.57	-24.44
95.56	84.58	-26.16
96.55	84.60	-29.56
97.56	84.61	-31.24
98.57	84.63	-34.63
99.60	84.63	-36.31
100.64	84.64	-37.95
101.69	84.65	-41.24
102.74	84.65	-42.89
103.81	84.66	-46.18
104.90	84.66	-47.80
105.99	84.67	-51.07
107.09	84.67	-52.71
108.21	84.67	-56.00
109.33	84.66	-57.66
110.47	84.65	-60.94
111.62	84.65	-62.60
112.78	84.62	-66.70
113.96	84.60	-70.01
115.14	84.59	-71.66
116.34	84.57	-74.16
117.55	84.54	-77.50
118.78	84.52	-79.18
120.01	84.48	-82.55
121.26	84.44	-85.96
122.53	84.41	-87.70
123.80	84.36	-91.21
125.09	84.29	-94.78
126.39	84.21	-98.39
127.71	84.16	-100.23
129.04	84.05	-103.91
130.38	83.93	-107.61
131.74	83.79	-111.33
133.11	83.64	-115.13
134.50	83.47	-118.97
135.90	83.27	-122.89
137.31	83.17	-124.87
138.74	82.87	-129.93
140.19	82.59	-134.03
141.65	82.29	-138.17
143.12	82.02	-141.34
144.61	81.64	-145.57
146.12	81.21	-149.85
147.64	80.45	-156.28
149.18	79.86	-160.59
150.73	79.20	-164.83
152.30	78.45	-168.96
153.88	77.60	-173.01
155.49	76.63	-176.86
157.10	75.51	179.50
158.74	73.48	174.87
160.39	71.79	172.79
162.06	69.73	172.51
163.75	65.34	-173.61
165.45	63.65	-158.06
167.18	62.78	-140.57
168.92	63.07	-118.90
170.68	63.75	-102.58
172.45	65.16	-88.15
174.25	68.26	-76.40
176.06	70.05	-75.04
177.90	72.09	-76.18
179.75	73.16	-77.80
181.62	74.48	-80.79
183.51	75.55	-84.07
185.42	76.18	-86.36
187.35	77.11	-90.53
189.30	77.58	-92.95
191.27	78.21	-96.65
193.27	78.66	-99.71
195.28	79.15	-103.35
197.31	79.45	-105.76
199.36	79.84	-109.31
201.44	80.19	-112.74
203.54	80.50	-116.04
205.66	80.79	-119.19
207.80	81.06	-122.26
209.96	81.33	-125.26
212.15	81.58	-128.20
214.36	81.87	-131.60
216.59	82.10	-134.54
218.84	82.28	-136.94
221.12	82.49	-139.76
223.42	82.70	-142.52
225.75	82.91	-145.26
228.10	83.12	-147.99
230.48	83.39	-151.62
232.88	83.58	-154.35
235.30	83.78	-157.07
237.75	84.05	-161.11
240.22	84.23	-163.75
242.73	84.41	-166.35
245.25	84.61	-169.27
247.81	84.79	-171.73
250.39	85.04	-174.93
252.99	85.24	-177.29
255.63	85.52	179.57
258.29	85.82	176.43
260.98	86.06	174.05
263.70	86.44	170.42
266.44	86.78	167.13
269.21	87.13	163.83
272.02	87.37	161.73
274.85	87.75	158.36
277.71	88.15	154.94
280.60	88.58	151.46
283.52	89.03	147.91
286.48	89.50	144.29
289.46	90.08	140.12
292.47	90.63	136.24
295.52	91.22	132.20
298.59	91.95	127.37
301.70	92.65	122.79
304.84	93.42	117.79
308.02	94.48	110.80
311.23	95.41	104.35
314.47	96.55	95.57
317.74	97.83	83.61
321.05	98.79	71.92
324.39	99.58	56.25
327.77	100.04	37.27
331.18	99.99	21.40
334.63	99.38	2.17
338.11	98.14	-16.42
341.63	97.02	-28.10
345.19	95.51	-40.04
348.78	94.17	-48.50
352.42	92.78	-56.39
356.08	91.50	-63.11
359.79	90.32	-68.93
363.54	89.15	-74.65
367.32	87.97	-80.47
371.15	87.05	-85.00
375.01	86.27	-88.92
378.92	85.43	-93.10
382.86	84.47	-97.93
386.85	83.69	-101.73
390.87	82.74	-106.48
394.94	82.02	-110.00
399.06	81.26	-113.72
403.21	80.46	-117.71
407.41	79.82	-120.96
411.65	79.05	-124.84
415.94	78.24	-128.91
420.27	77.50	-132.67
424.64	76.82	-136.07
429.06	76.07	-139.75
433.53	75.31	-143.35
438.04	74.47	-147.22
442.61	73.66	-150.66
447.21	72.68	-154.47
451.87	71.87	-157.28
456.57	70.95	-160.15
461.33	69.81	-163.10
466.13	68.67	-165.29
470.98	67.36	-167.11
475.89	66.00	-167.79
480.84	64.40	-167.07
485.85	62.91	-164.31
490.91	61.11	-156.71
496.02	59.81	-145.80
501.18	59.13	-132.32
506.40	59.20	-119.21
511.67	60.05	-104.11
517.00	61.55	-93.61
522.38	63.26	-87.33
527.82	65.10	-84.70
533.32	66.70	-84.59
538.87	68.44	-86.42
544.48	69.76	-88.83
550.15	71.18	-92.34
555.88	72.44	-96.24
561.66	73.76	-100.90
567.51	75.12	-106.45
573.42	76.40	-112.18
579.39	77.62	-118.07
585.42	78.95	-124.98
591.52	80.59	-134.30
597.68	82.03	-143.37
603.90	83.69	-155.57
610.19	85.05	-168.04
616.54	86.50	173.03
622.96	87.44	152.70
629.45	87.78	133.47
636.00	87.58	113.25
642.62	86.79	92.25
649.31	85.50	73.13
656.07	84.24	59.90
662.90	82.82	47.73
669.80	81.44	37.04
676.78	80.30	28.68
683.82	79.21	20.74
690.94	78.20	13.43
698.14	77.22	6.24
705.41	76.31	-0.57
712.75	75.47	-7.11
720.17	74.64	-13.48
727.67	73.77	-20.23
735.25	73.04	-25.83
742.90	72.24	-31.81
750.64	71.40	-37.87
758.45	70.57	-43.56
766.35	69.80	-48.44
774.33	68.93	-53.44
782.39	68.04	-57.91
790.53	67.13	-61.57
798.76	66.10	-64.58
807.08	65.17	-66.01
815.48	64.31	-65.65
823.97	63.56	-63.48
832.55	63.15	-59.59
841.22	63.22	-54.75
849.98	63.74	-50.02
858.83	64.74	-46.43
867.77	66.15	-45.20
876.81	67.79	-46.40
885.93	69.72	-50.77
895.16	71.55	-57.82
904.48	73.48	-68.22
913.90	75.24	-81.85
923.41	76.75	-97.99
933.02	77.87	-116.23
942.74	78.49	-135.66
952.55	78.68	-156.65
962.47	78.41	-175.90
972.49	77.81	166.52
982.62	77.00	150.27
992.85	76.12	136.04
1003.19	75.24	123.22
1013.63	74.38	111.12
1024.18	73.63	100.61
1034.85	72.84	89.51
1045.62	72.10	78.87
1056.51	71.45	69.18
1067.51	70.71	58.30
1078.62	70.03	48.26
1089.85	69.31	38.05
1101.20	68.54	27.95
1112.66	67.68	18.18
1124.25	66.71	9.31
1135.95	65.66	1.59
1147.78	64.68	-4.29
1159.73	63.83	-8.88
1171.81	63.17	-12.40
1184.01	62.81	-15.30
1196.33	62.77	-18.37
1208.79	62.93	-22.24
1221.37	63.28	-27.53
1234.09	63.70	-32.99
1246.94	64.29	-39.80
1259.92	64.94	-47.98
1273.04	65.59	-58.05
1286.29	66.12	-68.37
1299.69	66.65	-79.84
1313.22	67.17	-91.66
1326.89	67.64	-104.20
1340.70	68.05	-117.99
1354.66	68.40	-131.53
1368.77	68.68	-146.74
1383.02	68.74	-161.64
1397.42	68.58	-177.92
1411.97	68.25	167.51
1426.67	67.83	153.34
1441.52	67.40	140.57
1456.53	66.98	128.33
1471.69	66.59	116.88
1487.02	66.27	106.36
1502.50	66.08	96.10
1518.14	66.08	85.88
1533.95	66.23	76.33
1549.92	66.62	65.26
1566.06	67.13	53.00
1582.36	67.66	39.29
1598.84	68.09	23.73
1615.48	68.41	7.51
1632.30	68.55	-9.18
1649.30	68.52	-25.37
1666.47	68.46	-40.98
1683.82	68.34	-56.70
1701.35	68.25	-71.94
1719.06	68.21	-86.87
1736.96	68.18	-102.51
1755.05	68.16	-117.31
1773.32	68.17	-132.59
1791.78	68.23	-148.16
1810.44	68.25	-164.42
1829.29	68.29	179.57
1848.33	68.36	163.31
1867.58	68.38	147.09
1887.02	68.38	131.27
1906.67	68.43	115.60
1926.52	68.97	101.70
1946.58	69.70	80.58
1966.84	69.97	58.44
1987.32	69.27	33.01
2008.01	68.48	20.00
2028.92	68.58	3.84
2050.04	68.14	-12.96
2071.39	68.28	-26.27
2092.95	69.02	-40.63
2114.74	70.84	-61.90
2136.76	71.11	-89.94
2159.01	70.73	-116.84
2181.49	69.93	-140.77
2204.20	68.74	-161.66
2227.15	67.72	-177.04
2250.34	67.65	169.70
2273.76	68.10	153.33
2297.44	68.67	133.85
2321.36	69.25	112.65
2345.53	69.66	87.93
2369.95	69.45	61.24
2394.62	68.73	38.12
2419.55	68.01	18.50
2444.74	67.71	0.46
2470.20	67.81	-17.74
2495.92	68.19	-37.03
2521.90	68.73	-57.89
2548.16	69.37	-81.55
2574.69	69.82	-107.84
2601.50	69.87	-135.75
2628.58	69.57	-162.98
2655.95	69.03	171.36
2683.60	68.39	147.01
2711.54	67.80	124.57
2739.77	67.35	103.03
2768.30	67.21	83.09
2797.12	67.39	62.77
2826.24	67.83	40.83
2855.67	68.42	17.35
2885.40	69.10	-8.53
2915.44	69.72	-36.81
2945.80	70.11	-66.59
2976.47	70.10	-97.57
3007.45	69.65	-127.90
3038.77	68.92	-156.48
3070.41	68.20	178.55
3102.37	67.78	156.28
3134.67	67.89	135.25
3167.31	68.66	113.05
3200.29	69.87	87.78
3233.61	71.35	57.32
3267.27	72.62	21.21
3301.29	73.20	-19.20
3335.66	72.57	-59.17
3370.39	71.53	-96.03
3405.48	69.88	-130.82
3440.94	68.25	-154.31
3476.76	67.68	-174.77
3512.96	68.33	165.27
3549.54	69.89	138.56
3586.49	71.46	105.47
3623.83	73.18	65.12
3661.56	73.42	17.19
3699.69	71.56	-27.31
3738.20	69.51	-57.18
3777.13	68.76	-80.83
3816.45	69.17	-104.96
3856.19	70.52	-132.33
3896.33	72.59	-166.04
3936.90	74.97	148.47
3977.89	75.34	93.43
4019.31	73.94	41.33
4061.15	71.85	-1.70
4103.44	69.72	-36.52
4146.16	68.58	-65.63
4189.33	68.58	-94.93
4232.94	69.25	-129.07
4277.01	69.71	-171.84
4321.55	69.37	145.90
4366.54	68.42	104.83
4412.00	67.67	67.31
4457.94	66.94	33.67
4504.35	66.91	1.18
4551.25	67.76	-32.95
4598.63	69.02	-72.64
4646.51	70.27	-119.99
4694.89	70.40	-169.98
4743.77	69.57	141.40
4793.16	68.77	98.63
4843.06	68.42	57.93
4893.49	68.43	15.11
4944.44	68.33	-28.63
4995.91	68.41	-71.92
5047.93	68.68	-117.19
5100.49	68.77	-165.71
5153.59	68.28	147.30
5207.25	68.07	103.72
5261.46	68.63	59.07
5316.24	69.41	9.09
5371.59	69.38	-47.40
5427.52	68.09	-97.33
5484.03	67.89	-143.01
5541.12	67.95	168.39
5598.82	67.75	117.43
5657.11	67.20	69.76
5716.01	67.85	25.69
5775.52	69.07	-29.64
5835.65	69.25	-87.56
5896.41	68.79	-144.13
5957.80	68.53	162.97
6019.83	68.38	108.09
6082.50	68.33	52.63
6145.83	67.90	-3.14
6209.82	67.53	-56.03
6274.47	67.46	-109.37
6339.80	67.90	-162.88
6405.81	68.29	140.14
6472.50	68.55	84.11
6539.89	69.29	26.36
6607.98	69.90	-33.38
6676.78	70.58	-95.22
6746.29	71.18	-157.60
6816.53	72.04	139.28
6887.50	72.97	73.35
6959.21	73.97	5.41
7031.67	75.04	-65.69
7104.88	76.33	-142.18
7178.85	77.08	134.81
7253.59	77.17	46.99
7329.11	76.01	-74.43
7405.42	73.75	69.26
7482.52	71.75	146.65
7560.43	70.34	-145.43
7639.14	68.58	-96.99
7718.68	66.56	-59.33
7799.04	68.08	33.01
7880.24	69.05	-158.73
7962.29	69.75	44.48
8045.19	69.61	-93.04
8128.95	71.26	149.12
8213.58	71.31	45.34
8299.10	69.93	-48.43
8385.50	69.08	173.28
8472.81	69.14	33.78
8561.02	69.44	-104.11
8650.16	70.06	115.53
8740.22	70.24	-20.90
8831.22	72.27	-128.10
8923.16	74.20	148.91
9016.07	75.49	61.51
9109.94	76.47	-23.44
9204.79	77.98	-108.78
9300.62	79.94	158.65
9397.46	80.65	62.15
9495.30	81.45	-28.72
9594.16	82.98	-127.28
9694.05	83.09	130.55
9794.98	83.43	31.20
9896.96	83.44	-72.01
