Frequenz   SPL  Phase

20.00	57.52	-129.96
20.21	59.26	-136.15
21.06	60.51	-145.18
21.73	61.41	-153.11
22.41	62.11	-159.48
23.12	62.86	-163.29
23.85	63.94	-167.98
24.60	64.88	-173.49
25.38	65.70	-178.34
26.18	66.68	176.73
27.01	67.52	170.63
27.57	68.16	165.31
28.44	68.90	161.04
29.04	69.71	155.36
29.95	70.23	149.64
30.58	70.71	145.47
31.22	71.36	141.38
31.88	71.96	136.66
32.88	72.48	132.00
33.57	72.97	127.67
34.27	73.44	123.47
34.99	73.92	119.62
35.72	74.45	115.56
36.47	74.90	111.04
37.23	75.27	107.04
38.01	75.90	101.39
38.81	76.09	99.45
39.21	76.49	95.60
40.03	76.86	91.77
40.87	77.22	87.99
41.73	77.55	84.27
42.16	77.88	80.63
43.04	78.20	77.05
43.94	78.50	73.53
44.40	78.80	70.02
45.33	79.08	66.52
45.80	79.35	63.11
46.76	79.62	59.73
47.25	79.86	56.43
48.24	80.11	53.23
48.74	80.36	49.96
49.76	80.58	46.73
50.28	80.81	43.55
51.33	81.01	40.37
51.86	81.21	37.28
52.40	81.40	34.27
53.50	81.59	31.31
54.06	81.77	28.36
54.62	81.95	25.46
55.76	82.13	22.61
56.35	82.30	19.76
56.93	82.47	16.89
57.52	82.63	14.06
58.73	82.79	11.22
59.34	82.93	8.39
59.96	83.06	5.64
60.58	83.19	2.93
61.21	83.32	0.25
62.49	83.44	-2.38
63.15	83.62	-6.37
63.80	83.72	-8.95
64.47	83.77	-10.18
65.14	83.88	-12.72
65.82	83.98	-15.25
66.50	84.07	-17.70
67.19	84.17	-20.16
67.89	84.27	-22.61
68.60	84.35	-25.05
69.31	84.44	-27.44
70.04	84.51	-29.82
70.77	84.59	-32.17
71.50	84.66	-34.50
72.25	84.73	-36.79
73.00	84.80	-39.07
73.76	84.86	-41.31
74.53	84.92	-43.51
75.30	84.98	-45.71
76.09	85.04	-47.88
76.88	85.10	-50.04
77.68	85.16	-52.18
78.49	85.21	-54.31
79.31	85.26	-56.43
80.13	85.31	-58.50
80.97	85.41	-62.64
81.81	85.46	-64.69
82.66	85.50	-66.73
83.52	85.55	-68.76
84.39	85.58	-70.79
85.27	85.62	-72.78
86.16	85.69	-76.71
87.05	85.72	-78.64
87.96	85.76	-81.48
88.88	85.79	-83.34
89.80	85.84	-86.13
90.74	85.88	-88.00
91.68	85.91	-89.85
92.64	85.94	-91.70
93.60	86.01	-95.40
94.57	86.04	-97.26
95.56	86.06	-99.12
96.55	86.12	-102.80
97.56	86.14	-104.67
98.57	86.17	-108.35
99.60	86.19	-110.17
100.64	86.20	-111.97
101.69	86.23	-115.58
102.74	86.23	-117.35
103.81	86.25	-120.86
104.90	86.26	-122.62
105.99	86.27	-126.15
107.09	86.26	-127.90
108.21	86.25	-131.31
109.33	86.25	-132.98
110.47	86.24	-136.26
111.62	86.23	-137.88
112.78	86.23	-141.85
113.96	86.24	-145.04
115.14	86.24	-146.64
116.34	86.25	-149.02
117.55	86.26	-152.20
118.78	86.27	-153.79
120.01	86.29	-156.99
121.26	86.31	-160.24
122.53	86.33	-161.87
123.80	86.35	-165.20
125.09	86.38	-168.58
126.39	86.40	-172.04
127.71	86.41	-173.79
129.04	86.42	-177.35
130.38	86.44	179.04
131.74	86.44	175.34
133.11	86.44	171.54
134.50	86.42	167.65
135.90	86.40	163.68
137.31	86.38	161.66
138.74	86.30	156.50
140.19	86.22	152.32
141.65	86.12	148.08
143.12	86.02	144.87
144.61	85.89	140.56
146.12	85.72	136.20
147.64	85.43	129.61
149.18	85.20	125.19
150.73	84.94	120.74
152.30	84.65	116.28
153.88	84.33	111.84
155.49	83.98	107.42
157.10	83.59	103.04
158.74	82.94	96.56
160.39	82.45	92.29
162.06	81.93	88.13
163.75	80.91	81.11
165.45	80.28	77.24
167.18	79.60	73.49
168.92	78.67	69.02
170.68	77.88	65.57
172.45	77.02	62.28
174.25	75.61	57.75
176.06	74.56	55.05
177.90	72.79	51.57
179.75	71.45	49.85
181.62	69.10	48.56
183.51	66.09	50.94
185.42	63.83	57.80
187.35	60.95	82.93
189.30	60.19	98.81
191.27	60.09	123.25
193.27	61.19	140.97
195.28	63.31	159.03
197.31	65.12	165.80
199.36	67.52	168.75
201.44	69.31	168.33
203.54	70.69	166.77
205.66	71.82	164.80
207.80	72.77	162.56
209.96	73.60	160.24
212.15	74.32	157.83
214.36	75.08	154.98
216.59	75.67	152.44
218.84	76.11	150.34
221.12	76.61	147.85
223.42	77.08	145.37
225.75	77.53	142.84
228.10	77.96	140.31
230.48	78.49	136.91
232.88	78.87	134.34
235.30	79.23	131.74
237.75	79.73	127.85
240.22	80.05	125.30
242.73	80.36	122.77
245.25	80.71	119.85
247.81	81.00	117.37
250.39	81.39	114.11
252.99	81.68	111.70
255.63	82.06	108.45
258.29	82.45	105.22
260.98	82.73	102.80
263.70	83.17	99.17
266.44	83.55	95.95
269.21	83.95	92.75
272.02	84.20	90.76
274.85	84.61	87.56
277.71	85.03	84.37
280.60	85.46	81.15
283.52	85.92	77.90
286.48	86.39	74.64
289.46	86.95	70.92
292.47	87.47	67.55
295.52	88.03	64.10
298.59	88.70	60.13
301.70	89.33	56.47
304.84	90.01	52.64
308.02	90.94	47.57
311.23	91.76	43.21
314.47	92.78	37.76
317.74	94.04	30.84
321.05	95.17	24.29
324.39	96.55	14.98
327.77	98.11	1.84
331.18	99.24	-11.38
334.63	100.22	-30.99
338.11	100.49	-54.53
341.63	100.20	-71.61
345.19	99.26	-91.42
348.78	97.99	-106.31
352.42	96.38	-119.85
356.08	94.80	-130.13
359.79	93.34	-138.18
363.54	91.93	-145.31
367.32	90.57	-152.15
371.15	89.55	-157.24
375.01	88.72	-161.54
378.92	87.83	-166.06
382.86	86.85	-171.12
386.85	86.10	-175.11
390.87	85.18	179.96
394.94	84.52	176.31
399.06	83.84	172.48
403.21	83.14	168.38
407.41	82.60	164.98
411.65	81.97	160.93
415.94	81.33	156.59
420.27	80.77	152.59
424.64	80.27	148.90
429.06	79.73	144.90
433.53	79.19	140.96
438.04	78.63	136.73
442.61	78.11	132.91
447.21	77.53	128.48
451.87	77.08	125.03
456.57	76.59	121.29
461.33	76.03	116.97
466.13	75.52	113.01
470.98	74.96	108.75
475.89	74.45	104.83
480.84	73.89	100.57
485.85	73.41	96.94
490.91	72.79	92.38
496.02	72.20	88.15
501.18	71.57	83.84
506.40	70.94	79.95
511.67	70.14	75.19
517.00	69.31	70.68
522.38	68.46	66.54
527.82	67.42	62.20
533.32	66.31	58.23
538.87	64.63	53.59
544.48	62.83	50.29
550.15	59.70	48.38
555.88	56.04	65.79
561.66	54.52	90.96
567.51	54.61	118.50
573.42	55.80	143.74
579.39	58.21	165.50
585.42	62.79	-176.46
591.52	67.75	-178.92
597.68	70.97	176.50
603.90	74.27	170.36
610.19	77.09	164.29
616.54	81.17	153.55
622.96	85.42	132.78
629.45	88.10	105.59
636.00	89.54	74.19
642.62	89.90	39.67
649.31	88.98	4.64
656.07	86.87	-20.00
662.90	84.06	-35.57
669.80	81.95	-44.97
676.78	80.57	-51.89
683.82	79.44	-58.53
690.94	78.50	-64.86
698.14	77.66	-71.24
705.41	76.95	-77.44
712.75	76.34	-83.57
720.17	75.80	-89.63
727.67	75.27	-96.26
735.25	74.86	-101.95
742.90	74.45	-108.23
750.64	74.05	-114.79
758.45	73.69	-121.27
766.35	73.40	-127.22
774.33	73.10	-133.73
782.39	72.82	-140.27
790.53	72.56	-146.78
798.76	72.30	-153.94
807.08	72.07	-160.50
815.48	71.86	-167.02
823.97	71.65	-174.18
832.55	71.45	178.66
841.22	71.26	171.48
849.98	71.09	164.31
858.83	70.93	157.08
867.77	70.77	149.80
876.81	70.63	142.46
885.93	70.47	134.45
895.16	70.33	126.94
904.48	70.16	118.59
913.90	69.92	109.74
923.41	69.33	102.36
933.02	69.15	96.95
942.74	69.11	90.66
952.55	69.07	83.59
962.47	69.10	76.85
972.49	69.30	70.55
982.62	69.66	60.66
992.85	69.65	51.09
1003.19	69.63	42.04
1013.63	69.63	32.84
1024.18	69.64	24.31
1034.85	69.66	14.84
1045.62	69.70	5.31
1056.51	69.75	-3.72
1067.51	69.82	-14.23
1078.62	69.90	-24.27
1089.85	69.97	-34.89
1101.20	70.01	-45.81
1112.66	70.00	-56.84
1124.25	69.93	-67.75
1135.95	69.83	-78.63
1147.78	69.77	-88.98
1159.73	69.78	-99.20
1171.81	69.88	-110.12
1184.01	70.07	-121.18
1196.33	70.36	-132.27
1208.79	70.80	-143.68
1221.37	71.78	-157.48
1234.09	73.23	-177.21
1246.94	73.56	153.01
1259.92	72.51	122.41
1273.04	70.07	91.32
1286.29	66.17	65.46
1299.69	59.93	54.81
1313.22	55.21	67.36
1326.89	52.97	86.19
1340.70	52.50	105.77
1354.66	53.62	122.22
1368.77	56.58	132.79
1383.02	59.78	127.10
1397.42	62.06	114.26
1411.97	63.57	101.28
1426.67	64.82	87.79
1441.52	65.88	75.01
1456.53	66.94	62.19
1471.69	68.01	49.42
1487.02	69.18	36.76
1502.50	70.61	23.46
1518.14	72.51	9.11
1533.95	74.94	-6.72
1549.92	78.24	-36.41
1566.06	79.82	-75.87
1582.36	80.05	-116.49
1598.84	78.85	-158.79
1615.48	76.25	161.05
1632.30	71.85	126.72
1649.30	66.88	108.46
1666.47	62.10	98.26
1683.82	57.29	102.28
1701.35	54.59	115.91
1719.06	53.54	130.91
1736.96	53.91	145.73
1755.05	55.56	158.76
1773.32	59.15	165.50
1791.78	63.01	157.88
1810.44	66.47	144.99
1829.29	69.98	129.54
1848.33	74.31	109.18
1867.58	78.53	71.26
1887.02	80.67	26.94
1906.67	81.19	-19.98
1926.52	80.38	-64.59
1946.58	78.40	-109.86
1966.84	74.36	-145.72
1987.32	70.58	-165.71
2008.01	67.71	179.97
2028.92	65.35	163.13
2050.04	61.67	144.17
2071.39	57.41	154.51
2092.95	56.52	169.25
2114.74	57.80	-179.73
2136.76	59.96	-171.40
2159.01	65.21	-165.98
2181.49	72.55	170.81
2204.20	76.64	121.70
2227.15	78.24	71.28
2250.34	78.22	23.84
2273.76	76.72	-22.11
2297.44	73.08	-57.00
2321.36	70.72	-77.57
2345.53	69.02	-97.56
2369.95	67.56	-117.93
2394.62	66.13	-138.15
2419.55	64.16	-159.71
2444.74	62.67	159.02
2470.20	65.26	96.22
2495.92	67.54	13.51
2521.90	69.13	-70.07
2548.16	70.76	-155.38
2574.69	72.94	125.80
2601.50	72.70	70.20
2628.58	69.99	39.20
2655.95	69.06	18.88
2683.60	68.80	-3.21
2711.54	68.79	-25.50
2739.77	69.19	-48.89
2768.30	70.53	-75.67
2797.12	69.76	-117.31
2826.24	68.09	-142.66
2855.67	67.22	-164.29
2885.40	66.71	172.70
2915.44	66.02	149.65
2945.80	64.94	136.82
2976.47	66.88	121.38
3007.45	68.34	96.93
3038.77	69.77	70.89
3070.41	72.25	43.09
3102.37	74.28	-3.12
3134.67	74.22	-54.04
3167.31	71.67	-120.70
3200.29	70.25	148.82
3233.61	69.01	58.18
3267.27	66.68	-26.07
3301.29	66.48	-94.11
3335.66	69.03	-158.15
3370.39	74.25	157.32
3405.48	77.61	104.70
3440.94	78.55	51.03
3476.76	78.61	-1.99
3512.96	77.57	-56.19
3549.54	73.33	-103.42
3586.49	69.12	-125.42
3623.83	68.41	-132.13
3661.56	70.94	-150.68
3699.69	72.98	173.48
3738.20	74.71	140.68
3777.13	76.56	92.49
3816.45	78.36	42.22
3856.19	77.85	-18.97
3896.33	75.28	-67.70
3936.90	72.89	-110.60
3977.89	70.80	-137.30
4019.31	70.50	-176.26
4061.15	69.25	146.28
4103.44	68.02	114.50
4146.16	68.02	82.90
4189.33	68.99	42.60
4232.94	67.48	-1.41
4277.01	65.91	-40.52
4321.55	65.08	-70.52
4366.54	64.49	-106.51
4412.00	64.05	-132.17
4457.94	65.76	-162.57
4504.35	67.17	155.15
4551.25	68.30	112.23
4598.63	69.30	61.90
4646.51	69.48	-11.79
4694.89	69.11	-123.18
4743.77	68.16	127.42
4793.16	68.60	23.98
4843.06	68.23	-91.13
4893.49	67.29	168.86
4944.44	67.79	109.79
4995.91	68.16	70.02
5047.93	69.63	9.70
5100.49	67.59	-44.17
5153.59	66.98	-88.83
5207.25	67.38	-162.26
5261.46	70.01	85.26
5316.24	69.64	-40.22
5371.59	69.63	-151.99
5427.52	71.30	84.59
5484.03	72.64	-64.65
5541.12	73.35	171.84
5598.82	72.35	58.17
5657.11	72.81	-52.34
5716.01	72.93	-172.19
5775.52	71.09	96.73
5835.65	70.06	22.63
5896.41	68.35	-29.26
5957.80	69.31	-80.79
6019.83	69.89	-138.32
6082.50	70.96	160.60
6145.83	70.29	58.57
6209.82	71.01	-61.37
6274.47	72.64	163.26
6339.80	71.33	-9.20
6405.81	68.31	169.14
6472.50	69.30	5.82
6539.89	70.87	-126.25
6607.98	69.74	80.71
6676.78	67.81	-87.76
6746.29	67.80	120.20
6816.53	71.86	-68.78
6887.50	72.61	82.41
6959.21	72.15	-104.48
7031.67	74.15	45.68
7104.88	76.30	152.51
7178.85	78.28	-73.05
7253.59	78.05	81.97
7329.11	80.78	-135.04
7405.42	80.24	-32.15
7482.52	79.81	69.42
7560.43	77.94	163.85
7639.14	77.28	-107.98
7718.68	75.85	-47.85
7799.04	74.41	24.44
7880.24	76.90	162.91
7962.29	77.13	-42.26
8045.19	77.00	103.45
8128.95	77.06	-141.22
8213.58	76.12	-1.68
8299.10	76.38	146.46
8385.50	74.72	-54.44
8472.81	73.70	151.60
8561.02	75.19	39.84
8650.16	74.45	-48.12
8740.22	75.19	-130.92
8831.22	75.94	114.18
8923.16	76.49	-35.04
9016.07	77.18	168.18
9109.94	77.26	-4.25
9204.79	77.49	138.35
9300.62	77.52	-69.62
9397.46	76.99	109.60
9495.30	76.82	-56.49
9594.16	76.92	63.54
9694.05	77.03	101.41
9794.98	77.60	76.34
9896.96	76.81	-37.46
