Frequenz  SPL  Phase

20.00	58.24	-54.53
20.21	59.52	-58.27
21.06	61.13	-64.58
21.73	62.30	-73.14
22.41	63.08	-81.16
23.12	63.73	-86.76
23.85	64.45	-91.89
24.60	65.10	-96.02
25.38	66.07	-99.05
26.18	67.20	-105.17
27.01	67.84	-112.09
27.57	68.34	-117.18
28.44	68.89	-121.25
29.04	69.51	-124.90
29.95	70.26	-128.65
30.58	71.07	-133.55
31.22	71.62	-139.25
31.88	72.06	-143.63
32.88	72.60	-147.46
33.57	73.17	-151.71
34.27	73.69	-156.26
34.99	74.14	-160.78
35.72	74.55	-164.93
36.47	74.94	-168.90
37.23	75.32	-172.58
38.01	75.95	-177.85
38.81	76.16	-179.73
39.21	76.58	176.53
40.03	76.97	172.70
40.87	77.33	168.96
41.73	77.67	165.28
42.16	78.00	161.68
43.04	78.33	158.13
43.94	78.64	154.54
44.40	78.92	151.02
45.33	79.19	147.68
45.80	79.46	144.34
46.76	79.72	141.12
47.25	79.99	137.90
48.24	80.23	134.66
48.74	80.47	131.56
49.76	80.71	128.47
50.28	80.94	125.41
51.33	81.17	122.39
51.86	81.39	119.35
52.40	81.60	116.32
53.50	81.80	113.33
54.06	82.00	110.36
54.62	82.19	107.43
55.76	82.37	104.50
56.35	82.54	101.56
56.93	82.70	98.71
57.52	82.85	95.88
58.73	82.99	93.12
59.34	83.14	90.48
59.96	83.28	87.81
60.58	83.41	85.19
61.21	83.55	82.61
62.49	83.69	79.99
63.15	83.88	76.13
63.80	84.00	73.58
64.47	84.05	72.34
65.14	84.17	69.80
65.82	84.27	67.32
66.50	84.37	64.88
67.19	84.47	62.47
67.89	84.57	60.07
68.60	84.66	57.68
69.31	84.75	55.38
70.04	84.84	53.10
70.77	84.93	50.80
71.50	85.01	48.51
72.25	85.09	46.26
73.00	85.17	44.02
73.76	85.24	41.79
74.53	85.31	39.59
75.30	85.38	37.42
76.09	85.44	35.28
76.88	85.51	33.17
77.68	85.57	31.10
78.49	85.63	29.04
79.31	85.69	26.99
80.13	85.75	24.96
80.97	85.88	20.91
81.81	85.93	18.89
82.66	85.98	16.90
83.52	86.04	14.90
84.39	86.08	12.93
85.27	86.13	11.00
86.16	86.21	7.21
87.05	86.26	5.35
87.96	86.33	2.56
88.88	86.38	0.70
89.80	86.44	-2.05
90.74	86.49	-3.88
91.68	86.53	-5.71
92.64	86.57	-7.54
93.60	86.65	-11.17
94.57	86.69	-12.96
95.56	86.73	-14.74
96.55	86.80	-18.31
97.56	86.84	-20.10
98.57	86.90	-23.59
99.60	86.93	-25.33
100.64	86.96	-27.05
101.69	87.02	-30.48
102.74	87.05	-32.17
103.81	87.12	-35.54
104.90	87.15	-37.27
105.99	87.21	-40.69
107.09	87.24	-42.42
108.21	87.28	-45.85
109.33	87.31	-47.54
110.47	87.34	-50.90
111.62	87.35	-52.55
112.78	87.39	-56.61
113.96	87.43	-59.82
115.14	87.44	-61.41
116.34	87.47	-63.75
117.55	87.51	-66.84
118.78	87.54	-68.39
120.01	87.60	-71.50
121.26	87.66	-74.64
122.53	87.70	-76.22
123.80	87.77	-79.46
125.09	87.84	-82.77
126.39	87.92	-86.12
127.71	87.95	-87.81
129.04	88.03	-91.26
130.38	88.10	-94.80
131.74	88.17	-98.41
133.11	88.24	-102.14
134.50	88.30	-105.98
135.90	88.34	-109.90
137.31	88.35	-111.89
138.74	88.38	-116.97
140.19	88.38	-121.10
141.65	88.37	-125.30
143.12	88.34	-128.48
144.61	88.30	-132.78
146.12	88.24	-137.14
147.64	88.09	-143.75
149.18	87.97	-148.17
150.73	87.82	-152.61
152.30	87.65	-157.06
153.88	87.46	-161.49
155.49	87.23	-165.87
157.10	86.99	-170.22
158.74	86.58	-176.67
160.39	86.27	179.11
162.06	85.95	174.96
163.75	85.32	167.89
165.45	84.93	164.01
167.18	84.52	160.22
168.92	83.99	155.61
170.68	83.55	152.01
172.45	83.08	148.54
174.25	82.36	143.53
176.06	81.86	140.30
177.90	81.08	135.61
179.75	80.54	132.63
181.62	79.69	128.36
183.51	78.81	124.30
185.42	78.19	121.69
187.35	77.06	117.38
189.30	76.38	115.02
191.27	75.31	111.60
193.27	74.33	108.90
195.28	73.07	105.88
197.31	72.16	104.01
199.36	70.62	101.50
201.44	68.82	99.76
203.54	66.69	99.34
205.66	64.07	101.61
207.80	60.95	110.95
209.96	58.44	130.41
212.15	57.24	153.87
214.36	57.57	-178.84
216.59	58.73	-157.13
218.84	60.53	-143.87
221.12	63.18	-133.54
223.42	65.47	-130.81
225.75	67.23	-130.62
228.10	68.67	-131.53
230.48	70.24	-133.56
232.88	71.24	-135.38
235.30	72.13	-137.40
237.75	73.27	-140.61
240.22	73.96	-142.80
242.73	74.59	-145.00
245.25	75.27	-147.57
247.81	75.81	-149.75
250.39	76.51	-152.64
252.99	77.00	-154.84
255.63	77.64	-157.79
258.29	78.25	-160.75
260.98	78.69	-162.96
263.70	79.34	-166.30
266.44	79.90	-169.28
269.21	80.46	-172.23
272.02	80.80	-174.08
274.85	81.36	-177.04
277.71	81.92	179.98
280.60	82.49	176.96
283.52	83.06	173.93
286.48	83.65	170.89
289.46	84.34	167.40
292.47	84.97	164.23
295.52	85.63	161.01
298.59	86.41	157.26
301.70	87.15	153.80
304.84	87.93	150.16
308.02	88.99	145.34
311.23	89.90	141.18
314.47	91.05	135.92
317.74	92.46	129.18
321.05	93.71	122.69
324.39	95.25	113.21
327.77	96.95	99.61
331.18	98.16	85.80
334.63	99.18	65.45
338.11	99.41	41.38
341.63	99.08	24.15
345.19	98.07	4.52
348.78	96.77	-9.87
352.42	95.16	-22.62
356.08	93.62	-32.13
359.79	92.23	-39.52
363.54	90.93	-46.09
367.32	89.67	-52.42
371.15	88.75	-57.13
375.01	87.99	-61.12
378.92	87.20	-65.33
382.86	86.33	-70.05
386.85	85.66	-73.75
390.87	84.86	-78.29
394.94	84.29	-81.65
399.06	83.72	-85.19
403.21	83.14	-89.00
407.41	82.70	-92.16
411.65	82.20	-95.94
415.94	81.69	-100.02
420.27	81.25	-103.77
424.64	80.86	-107.20
429.06	80.45	-110.93
433.53	80.05	-114.58
438.04	79.64	-118.52
442.61	79.28	-122.09
447.21	78.88	-126.20
451.87	78.57	-129.43
456.57	78.26	-132.91
461.33	77.90	-136.91
466.13	77.59	-140.56
470.98	77.27	-144.52
475.89	77.00	-148.18
480.84	76.71	-152.15
485.85	76.48	-155.55
490.91	76.20	-159.80
496.02	75.95	-163.79
501.18	75.70	-167.84
506.40	75.48	-171.49
511.67	75.22	-175.99
517.00	74.99	179.71
522.38	74.78	175.69
527.82	74.55	171.44
533.32	74.35	167.48
538.87	74.10	162.63
544.48	73.90	158.71
550.15	73.69	154.28
555.88	73.49	150.11
561.66	73.30	145.71
567.51	73.10	141.03
573.42	72.93	136.63
579.39	72.79	132.44
585.42	72.63	127.90
591.52	72.46	122.37
597.68	72.31	117.55
603.90	72.12	111.87
610.19	71.92	106.70
616.54	71.35	99.21
622.96	70.47	98.04
629.45	70.37	97.00
636.00	70.38	94.84
642.62	70.42	92.03
649.31	70.57	89.70
656.07	71.23	87.22
662.90	71.59	78.29
669.80	71.54	71.05
676.78	71.48	65.26
683.82	71.42	59.51
690.94	71.36	53.90
698.14	71.31	48.20
705.41	71.28	42.60
712.75	71.26	37.05
720.17	71.26	31.51
727.67	71.27	25.46
735.25	71.29	20.24
742.90	71.32	14.51
750.64	71.37	8.52
758.45	71.44	2.61
766.35	71.54	-2.86
774.33	71.65	-8.86
782.39	71.78	-14.89
790.53	71.94	-20.95
798.76	72.13	-27.63
807.08	72.32	-33.74
815.48	72.54	-39.80
823.97	72.82	-46.48
832.55	73.14	-53.17
841.22	73.51	-59.91
849.98	73.93	-66.66
858.83	74.42	-73.49
867.77	75.00	-80.43
876.81	75.68	-87.48
885.93	76.56	-95.27
895.16	77.58	-102.71
904.48	79.01	-111.28
913.90	81.07	-121.38
923.41	84.14	-138.76
933.02	86.38	-170.38
942.74	86.90	154.06
952.55	86.31	116.27
962.47	84.45	80.76
972.49	81.18	48.25
982.62	76.48	27.15
992.85	72.69	16.50
1003.19	69.38	7.81
1013.63	66.07	-0.24
1024.18	62.70	-6.39
1034.85	57.97	-7.07
1045.62	54.13	10.65
1056.51	52.27	29.27
1067.51	51.70	50.69
1078.62	52.27	70.00
1089.85	54.41	86.98
1101.20	57.99	90.64
1112.66	60.48	83.15
1124.25	62.19	74.20
1135.95	63.57	64.78
1147.78	64.75	55.58
1159.73	65.85	46.36
1171.81	67.03	36.43
1184.01	68.25	26.27
1196.33	69.51	15.94
1208.79	70.91	5.30
1221.37	72.98	-7.47
1234.09	75.53	-25.51
1246.94	77.31	-54.49
1259.92	77.85	-84.88
1273.04	77.48	-116.33
1286.29	76.27	-144.57
1299.69	73.89	-170.84
1313.22	71.13	174.54
1326.89	69.38	165.57
1340.70	68.21	156.15
1354.66	67.46	146.12
1368.77	66.74	133.79
1383.02	65.93	121.10
1397.42	64.79	107.03
1411.97	63.47	94.31
1426.67	61.82	82.10
1441.52	59.76	71.86
1456.53	56.86	66.44
1471.69	54.22	75.88
1487.02	53.44	91.28
1502.50	54.25	108.17
1518.14	56.87	123.84
1533.95	61.27	133.97
1549.92	68.28	122.66
1566.06	72.99	88.39
1582.36	75.66	50.17
1598.84	76.67	9.39
1615.48	76.17	-29.74
1632.30	73.94	-63.12
1649.30	71.58	-81.51
1666.47	70.14	-95.40
1683.82	69.11	-108.71
1701.35	68.43	-121.46
1719.06	68.01	-133.94
1736.96	67.78	-147.20
1755.05	67.67	-160.06
1773.32	67.70	-173.35
1791.78	67.95	173.51
1810.44	68.48	159.02
1829.29	69.36	143.41
1848.33	71.09	122.83
1867.58	71.80	85.44
1887.02	69.23	55.30
1906.67	67.04	38.51
1926.52	65.40	24.48
1946.58	63.70	9.55
1966.84	61.22	6.55
1987.32	61.56	14.99
2008.01	63.80	5.92
2028.92	65.14	-8.74
2050.04	66.04	-25.13
2071.39	67.20	-38.31
2092.95	68.57	-54.44
2114.74	70.30	-70.39
2136.76	72.41	-88.50
2159.01	75.98	-111.90
2181.49	78.91	-155.11
2204.20	79.76	156.80
2227.15	79.15	106.93
2250.34	77.32	57.82
2273.76	73.74	2.09
2297.44	66.75	-64.25
2321.36	62.24	-119.25
2345.53	59.70	-172.82
2369.95	58.71	134.49
2394.62	59.08	87.57
2419.55	61.53	53.72
2444.74	66.00	35.70
2470.20	71.70	11.27
2495.92	75.84	-34.71
2521.90	77.82	-82.83
2548.16	78.45	-132.23
2574.69	77.80	178.95
2601.50	75.47	130.63
2628.58	71.23	98.30
2655.95	68.51	77.55
2683.60	66.29	57.13
2711.54	63.85	37.78
2739.77	60.80	34.74
2768.30	61.87	39.57
2797.12	64.26	22.74
2826.24	65.72	1.85
2855.67	67.34	-18.27
2885.40	70.40	-44.10
2915.44	72.06	-92.08
2945.80	70.25	-130.99
2976.47	69.33	-154.93
3007.45	69.27	-178.66
3038.77	69.60	156.06
3070.41	71.00	129.81
3102.37	71.68	90.81
3134.67	71.52	51.12
3167.31	70.37	10.46
3200.29	68.52	-104.15
3233.61	66.67	105.49
3267.27	65.26	-36.91
3301.29	65.92	-173.58
3335.66	67.99	51.39
3370.39	72.39	-77.93
3405.48	76.53	-132.92
3440.94	78.15	169.41
3476.76	77.66	111.95
3512.96	75.11	68.32
3549.54	73.23	27.14
3586.49	69.58	-0.05
3623.83	68.61	-9.08
3661.56	71.08	-25.18
3699.69	74.09	-54.76
3738.20	76.35	-103.32
3777.13	77.57	-145.85
3816.45	79.24	164.55
3856.19	78.76	105.81
3896.33	77.07	60.06
3936.90	75.63	14.30
3977.89	73.34	-24.75
4019.31	72.44	-55.54
4061.15	71.68	-96.57
4103.44	70.15	-131.36
4146.16	69.65	-160.37
4189.33	70.60	167.43
4232.94	71.93	124.65
4277.01	71.07	73.86
4321.55	70.81	33.68
4366.54	70.42	-13.83
4412.00	68.77	-60.74
4457.94	67.16	-101.90
4504.35	65.20	-147.32
4551.25	64.78	136.25
4598.63	66.25	41.05
4646.51	67.60	-62.92
4694.89	69.37	-174.74
4743.77	69.37	55.60
4793.16	69.96	-76.20
4843.06	69.37	164.41
4893.49	67.57	58.72
4944.44	66.91	-39.63
4995.91	67.83	-143.27
5047.93	70.28	83.57
5100.49	70.03	-40.00
5153.59	70.65	-150.79
5207.25	71.40	85.67
5261.46	69.40	-28.69
5316.24	67.42	-110.58
5371.59	66.37	-159.77
5427.52	65.37	153.47
5484.03	65.66	110.60
5541.12	67.64	63.22
5598.82	67.76	-0.61
5657.11	68.63	-59.87
5716.01	69.91	-142.53
5775.52	72.83	106.48
5835.65	72.32	-19.18
5896.41	71.83	-128.65
5957.80	72.83	111.27
6019.83	72.72	-30.20
6082.50	71.99	179.29
6145.83	69.76	64.77
6209.82	70.73	-52.35
6274.47	71.66	-178.94
6339.80	71.99	34.73
6405.81	70.90	-96.08
6472.50	72.18	143.66
6539.89	73.01	7.25
6607.98	70.78	-120.27
6676.78	69.39	133.60
6746.29	69.86	13.21
6816.53	72.47	-112.99
6887.50	72.94	104.06
6959.21	73.57	-15.50
7031.67	75.41	155.77
7104.88	78.41	-69.00
7178.85	79.05	75.68
7253.59	78.88	-127.85
7329.11	80.29	-11.06
7405.42	81.15	25.87
7482.52	81.83	81.52
7560.43	81.11	176.89
7639.14	80.91	-94.79
7718.68	80.13	6.62
7799.04	79.78	-177.80
7880.24	79.37	55.50
7962.29	79.82	-90.61
8045.19	77.40	108.53
8128.95	77.07	-38.30
8213.58	75.49	145.51
8299.10	74.15	-83.33
8385.50	73.25	32.51
8472.81	71.55	137.79
8561.02	71.93	-142.80
8650.16	70.87	-76.43
8740.22	70.16	24.18
8831.22	71.39	160.87
8923.16	71.70	-92.01
9016.07	73.09	21.66
9109.94	74.89	149.16
9204.79	76.49	-68.38
9300.62	78.57	85.50
9397.46	78.35	-88.96
9495.30	79.41	154.28
9594.16	80.34	48.06
9694.05	80.13	-105.58
9794.98	80.78	25.20
9896.96	81.54	150.46
