Frequenz   SPL   Phase

20.00	59.70	-58.31
20.21	60.57	-65.57
21.06	61.48	-70.11
21.73	62.74	-75.19
22.41	63.88	-83.00
23.12	64.51	-90.14
23.85	65.18	-94.82
24.60	66.08	-99.35
25.38	66.91	-105.19
26.18	67.61	-110.52
27.01	68.31	-115.73
27.57	68.92	-120.74
28.44	69.53	-125.03
29.04	70.18	-129.60
29.95	70.79	-133.72
30.58	71.50	-137.93
31.22	72.15	-143.28
31.88	72.63	-148.21
32.88	73.11	-152.65
33.57	73.57	-157.04
34.27	74.02	-161.19
34.99	74.45	-165.36
35.72	74.83	-169.21
36.47	75.26	-172.62
37.23	75.74	-176.40
38.01	76.33	177.52
38.81	76.50	175.70
39.21	76.87	172.04
40.03	77.22	168.40
40.87	77.57	164.83
41.73	77.91	161.32
42.16	78.23	157.77
43.04	78.53	154.34
43.94	78.84	151.04
44.40	79.15	147.63
45.33	79.42	144.28
45.80	79.69	141.08
46.76	79.97	137.89
47.25	80.23	134.67
48.24	80.50	131.46
48.74	80.74	128.21
49.76	80.96	124.96
50.28	81.16	121.92
51.33	81.37	118.98
51.86	81.58	116.04
52.40	81.78	113.08
53.50	81.97	110.18
54.06	82.15	107.31
54.62	82.33	104.49
55.76	82.50	101.76
56.35	82.68	99.00
56.93	82.84	96.26
57.52	83.01	93.57
58.73	83.16	90.88
59.34	83.31	88.24
59.96	83.46	85.63
60.58	83.60	83.03
61.21	83.74	80.47
62.49	83.87	77.92
63.15	84.05	74.16
63.80	84.17	71.71
64.47	84.23	70.51
65.14	84.35	68.08
65.82	84.46	65.68
66.50	84.58	63.31
67.19	84.69	60.92
67.89	84.79	58.56
68.60	84.89	56.21
69.31	84.98	53.91
70.04	85.07	51.66
70.77	85.16	49.43
71.50	85.24	47.21
72.25	85.33	45.01
73.00	85.41	42.84
73.76	85.49	40.73
74.53	85.57	38.59
75.30	85.64	36.48
76.09	85.72	34.40
76.88	85.79	32.35
77.68	85.87	30.29
78.49	85.94	28.20
79.31	86.01	26.15
80.13	86.07	24.14
80.97	86.19	20.23
81.81	86.25	18.29
82.66	86.31	16.36
83.52	86.37	14.47
84.39	86.43	12.57
85.27	86.49	10.69
86.16	86.60	6.93
87.05	86.65	5.11
87.96	86.73	2.40
88.88	86.79	0.60
89.80	86.87	-2.08
90.74	86.92	-3.86
91.68	86.97	-5.60
92.64	87.03	-7.36
93.60	87.13	-10.88
94.57	87.18	-12.63
95.56	87.23	-14.36
96.55	87.34	-17.78
97.56	87.38	-19.52
98.57	87.48	-22.91
99.60	87.53	-24.61
100.64	87.57	-26.28
101.69	87.67	-29.62
102.74	87.71	-31.27
103.81	87.81	-34.55
104.90	87.87	-36.18
105.99	87.97	-39.48
107.09	88.03	-41.15
108.21	88.13	-44.49
109.33	88.18	-46.18
110.47	88.28	-49.55
111.62	88.33	-51.25
112.78	88.45	-55.55
113.96	88.53	-59.01
115.14	88.57	-60.73
116.34	88.62	-63.28
117.55	88.68	-66.68
118.78	88.71	-68.36
120.01	88.77	-71.64
121.26	88.84	-74.88
122.53	88.87	-76.51
123.80	88.94	-79.76
125.09	89.02	-83.03
126.39	89.10	-86.29
127.71	89.14	-87.93
129.04	89.23	-91.24
130.38	89.32	-94.58
131.74	89.43	-98.00
133.11	89.53	-101.53
134.50	89.64	-105.18
135.90	89.74	-108.95
137.31	89.79	-110.87
138.74	89.89	-115.84
140.19	89.96	-119.92
141.65	90.01	-124.09
143.12	90.04	-127.29
144.61	90.06	-131.60
146.12	90.06	-135.98
147.64	90.02	-142.61
149.18	89.96	-147.08
150.73	89.89	-151.56
152.30	89.78	-156.05
153.88	89.65	-160.50
155.49	89.51	-164.91
157.10	89.34	-169.30
158.74	89.04	-175.77
160.39	88.82	179.99
162.06	88.58	175.82
163.75	88.10	168.74
165.45	87.81	164.83
167.18	87.51	161.03
168.92	87.11	156.43
170.68	86.78	152.83
172.45	86.44	149.35
174.25	85.92	144.33
176.06	85.55	141.13
177.90	85.01	136.52
179.75	84.64	133.56
181.62	84.08	129.33
183.51	83.52	125.24
185.42	83.15	122.60
187.35	82.49	118.08
189.30	82.11	115.58
191.27	81.54	111.86
193.27	81.04	108.81
195.28	80.44	105.24
197.31	80.03	102.91
199.36	79.39	99.49
201.44	78.73	96.20
203.54	78.04	93.08
205.66	77.34	90.17
207.80	76.63	87.35
209.96	75.89	84.62
212.15	75.12	81.99
214.36	74.17	79.07
216.59	73.32	76.65
218.84	72.55	74.74
221.12	71.57	72.63
223.42	70.53	70.67
225.75	69.37	68.94
228.10	68.08	67.41
230.48	66.03	66.09
232.88	64.13	66.11
235.30	61.66	68.80
237.75	57.72	89.28
240.22	56.28	109.08
242.73	55.75	130.26
245.25	56.43	153.98
247.81	57.64	173.41
250.39	60.68	-166.93
252.99	63.26	-161.54
255.63	65.88	-160.53
258.29	67.88	-161.56
260.98	69.12	-162.89
263.70	70.72	-165.21
266.44	71.98	-167.49
269.21	73.13	-169.93
272.02	73.79	-171.54
274.85	74.81	-174.15
277.71	75.78	-176.83
280.60	76.71	-179.62
283.52	77.60	177.53
286.48	78.48	174.64
289.46	79.47	171.29
292.47	80.34	168.23
295.52	81.22	165.09
298.59	82.24	161.42
301.70	83.17	158.03
304.84	84.14	154.46
308.02	85.42	149.71
311.23	86.51	145.54
314.47	87.85	140.25
317.74	89.49	133.36
321.05	90.92	126.56
324.39	92.66	116.42
327.77	94.54	101.68
331.18	95.81	86.76
334.63	96.81	65.29
338.11	96.94	40.64
341.63	96.52	23.34
345.19	95.41	4.16
348.78	94.07	-9.39
352.42	92.49	-21.06
356.08	91.05	-29.71
359.79	89.77	-36.49
363.54	88.59	-42.59
367.32	87.47	-48.52
371.15	86.65	-52.97
375.01	85.99	-56.75
378.92	85.30	-60.76
382.86	84.55	-65.26
386.85	83.98	-68.81
390.87	83.31	-73.22
394.94	82.83	-76.48
399.06	82.36	-79.92
403.21	81.89	-83.63
407.41	81.54	-86.71
411.65	81.14	-90.42
415.94	80.74	-94.40
420.27	80.41	-98.08
424.64	80.11	-101.44
429.06	79.80	-105.10
433.53	79.51	-108.67
438.04	79.21	-112.48
442.61	78.95	-115.95
447.21	78.68	-119.95
451.87	78.48	-123.06
456.57	78.28	-126.43
461.33	78.06	-130.33
466.13	77.88	-133.91
470.98	77.72	-137.77
475.89	77.58	-141.37
480.84	77.45	-145.29
485.85	77.35	-148.61
490.91	77.25	-152.80
496.02	77.18	-156.76
501.18	77.10	-160.74
506.40	77.05	-164.35
511.67	77.01	-168.81
517.00	77.00	-173.06
522.38	76.99	-177.03
527.82	77.01	178.80
533.32	77.05	174.89
538.87	77.13	170.08
544.48	77.21	166.18
550.15	77.34	161.74
555.88	77.50	157.57
561.66	77.71	153.13
567.51	77.99	148.46
573.42	78.33	144.01
579.39	78.73	139.76
585.42	79.23	135.16
591.52	80.00	129.46
597.68	80.80	124.36
603.90	81.96	118.17
610.19	83.26	112.21
616.54	85.65	101.59
622.96	88.43	80.42
629.45	89.79	53.13
636.00	89.91	21.90
642.62	88.82	-12.30
649.31	86.38	-46.93
656.07	82.94	-70.86
662.90	78.69	-85.19
669.80	75.04	-93.60
676.78	72.16	-99.65
683.82	69.25	-105.25
690.94	66.26	-110.29
698.14	62.73	-114.68
705.41	57.95	-114.10
712.75	53.78	-92.54
720.17	51.62	-68.85
727.67	50.70	-42.22
735.25	51.14	-20.01
742.90	52.99	2.67
750.64	56.89	13.90
758.45	59.58	10.62
766.35	61.24	6.05
774.33	62.68	0.69
782.39	63.87	-4.89
790.53	64.90	-10.59
798.76	65.92	-17.00
807.08	66.77	-22.89
815.48	67.59	-28.78
823.97	68.46	-35.24
832.55	69.33	-41.73
841.22	70.22	-48.33
849.98	71.14	-54.96
858.83	72.10	-61.70
867.77	73.14	-68.57
876.81	74.27	-75.57
885.93	75.62	-83.33
895.16	77.09	-90.82
904.48	78.99	-99.50
913.90	81.51	-109.92
923.41	84.89	-127.11
933.02	87.63	-157.36
942.74	88.78	167.91
952.55	88.91	130.80
962.47	87.82	95.89
972.49	85.47	63.97
982.62	81.89	42.08
992.85	79.18	30.41
1003.19	77.13	20.79
1013.63	75.45	11.60
1024.18	74.12	3.30
1034.85	72.84	-5.73
1045.62	71.71	-14.68
1056.51	70.75	-23.05
1067.51	69.73	-32.74
1078.62	68.82	-41.94
1089.85	67.91	-51.59
1101.20	66.96	-61.46
1112.66	65.96	-71.40
1124.25	64.84	-81.15
1135.95	63.56	-90.66
1147.78	62.16	-99.46
1159.73	60.54	-107.63
1171.81	58.37	-114.57
1184.01	55.37	-114.59
1196.33	53.38	-101.01
1208.79	53.15	-84.38
1221.37	54.79	-66.61
1234.09	58.07	-59.11
1246.94	61.84	-63.01
1259.92	65.63	-79.93
1273.04	67.81	-107.32
1286.29	68.37	-133.56
1299.69	67.51	-157.95
1313.22	66.19	-170.90
1326.89	65.75	-179.15
1340.70	65.87	171.97
1354.66	66.29	162.24
1368.77	66.81	150.07
1383.02	67.19	137.45
1397.42	67.46	123.33
1411.97	67.65	110.44
1426.67	67.86	97.47
1441.52	68.12	85.42
1456.53	68.51	73.43
1471.69	69.03	61.52
1487.02	69.74	49.72
1502.50	70.75	37.28
1518.14	72.27	23.89
1533.95	74.41	9.13
1549.92	77.50	-19.91
1566.06	78.82	-58.98
1582.36	78.79	-99.02
1598.84	77.34	-140.69
1615.48	74.48	179.64
1632.30	69.77	145.72
1649.30	64.47	128.31
1666.47	58.98	118.88
1683.82	53.86	130.21
1701.35	51.37	148.24
1719.06	50.63	166.21
1736.96	51.33	-176.40
1755.05	53.43	-160.51
1773.32	57.97	-154.65
1791.78	61.89	-164.93
1810.44	65.35	-178.70
1829.29	68.85	166.08
1848.33	73.29	146.34
1867.58	77.56	108.92
1887.02	79.80	65.86
1906.67	80.55	20.62
1926.52	80.02	-22.03
1946.58	78.60	-63.90
1966.84	75.40	-98.13
1987.32	72.78	-117.34
2008.01	71.07	-135.15
2028.92	69.96	-152.26
2050.04	69.03	-172.24
2071.39	67.79	168.70
2092.95	66.72	148.69
2114.74	64.67	130.09
2136.76	63.06	121.67
2159.01	62.70	118.79
2181.49	63.47	106.47
2204.20	63.93	92.64
2227.15	64.73	80.61
2250.34	66.81	60.86
2273.76	67.89	32.28
2297.44	67.00	4.54
2321.36	66.60	-13.21
2345.53	66.63	-30.61
2369.95	66.94	-48.11
2394.62	67.54	-63.81
2419.55	68.97	-79.73
2444.74	71.18	-99.07
2470.20	74.96	-126.19
2495.92	77.38	-173.78
2521.90	77.83	137.25
2548.16	76.89	87.64
2574.69	74.66	39.54
2601.50	70.63	-8.05
2628.58	64.27	-44.92
2655.95	60.46	-92.19
2683.60	58.88	-147.58
2711.54	59.00	157.22
2739.77	60.99	100.25
2768.30	65.52	44.17
2797.12	71.38	-21.40
2826.24	74.47	-74.61
2855.67	76.07	-125.26
2885.40	76.38	-176.81
2915.44	75.17	132.25
2945.80	71.77	92.32
2976.47	69.53	68.90
3007.45	68.37	46.78
3038.77	67.95	24.00
3070.41	68.60	-2.73
3102.37	67.88	-74.44
3134.67	67.01	-166.15
3167.31	66.46	107.86
3200.29	66.77	18.90
3233.61	66.49	-70.44
3267.27	66.14	-145.94
3301.29	67.37	-167.67
3335.66	70.03	169.59
3370.39	73.76	136.83
3405.48	76.82	87.77
3440.94	78.04	33.51
3476.76	78.28	-23.12
3512.96	75.83	-79.59
3549.54	72.32	-127.87
3586.49	66.47	-152.21
3623.83	64.82	-153.09
3661.56	66.51	-162.93
3699.69	69.39	175.93
3738.20	72.89	140.91
3777.13	76.20	100.69
3816.45	78.36	42.42
3856.19	78.55	-12.81
3896.33	78.23	-63.67
3936.90	77.88	-113.63
3977.89	76.73	-166.98
4019.31	74.99	146.53
4061.15	72.57	90.39
4103.44	68.59	54.31
4146.16	65.69	28.81
4189.33	64.38	9.60
4232.94	65.43	-10.41
4277.01	66.35	-43.14
4321.55	69.36	-77.22
4366.54	70.88	-143.55
4412.00	71.75	99.28
4457.94	71.74	-17.13
4504.35	70.60	-130.61
4551.25	68.87	104.47
4598.63	67.83	-54.91
4646.51	68.45	179.92
4694.89	69.41	72.75
4743.77	69.77	-38.66
4793.16	70.29	-143.95
4843.06	72.33	130.53
4893.49	70.45	72.22
4944.44	69.23	26.20
4995.91	69.41	-18.01
5047.93	69.46	-74.98
5100.49	67.14	-127.31
5153.59	66.89	-160.69
5207.25	68.81	130.37
5261.46	70.38	18.33
5316.24	69.81	-97.63
5371.59	70.14	155.44
5427.52	73.05	39.96
5484.03	73.00	-101.17
5541.12	71.70	132.93
5598.82	69.03	16.16
5657.11	68.32	-97.38
5716.01	67.59	150.44
5775.52	67.35	43.15
5835.65	67.73	-60.54
5896.41	67.93	-121.92
5957.80	69.54	164.60
6019.83	70.90	57.71
6082.50	70.84	-77.06
6145.83	68.97	162.75
6209.82	69.71	44.60
6274.47	70.29	-106.14
6339.80	69.46	100.35
6405.81	68.47	-27.91
6472.50	69.15	-149.18
6539.89	69.60	26.97
6607.98	67.42	149.30
6676.78	66.24	-56.30
6746.29	67.04	122.74
6816.53	69.65	-64.76
6887.50	70.56	100.67
6959.21	71.71	-59.05
7031.67	72.87	98.63
7104.88	76.00	-161.61
7178.85	76.85	-80.52
7253.59	76.87	16.08
7329.11	78.19	110.38
7405.42	78.99	141.78
7482.52	79.13	-173.49
7560.43	78.16	-100.94
7639.14	78.40	-62.40
7718.68	77.66	-40.23
7799.04	79.02	43.83
7880.24	78.32	-143.39
7962.29	77.11	35.38
8045.19	74.76	175.15
8128.95	72.41	-50.15
8213.58	70.58	37.33
8299.10	67.64	92.05
8385.50	69.10	98.42
8472.81	70.95	118.17
8561.02	70.83	-168.71
8650.16	72.15	-27.10
8740.22	75.17	148.69
8831.22	77.06	-19.45
8923.16	76.55	128.01
9016.07	76.92	-84.90
9109.94	77.83	47.81
9204.79	77.53	179.95
9300.62	75.73	-58.22
9397.46	75.67	83.46
9495.30	76.61	-88.16
9594.16	78.35	85.02
9694.05	79.29	-105.60
9794.98	81.18	59.47
9896.96	83.09	-123.64
