Frequenz   SPL   Phase

20.00	57.83	-54.10
20.21	58.95	-58.23
21.06	60.28	-62.95
21.73	61.52	-69.20
22.41	62.51	-75.88
23.12	63.36	-81.48
23.85	64.23	-86.96
24.60	64.96	-92.08
25.38	65.72	-96.52
26.18	66.53	-100.52
27.01	67.37	-104.98
27.57	68.17	-109.81
28.44	68.93	-114.27
29.04	69.67	-119.15
29.95	70.39	-123.66
30.58	71.17	-128.74
31.22	71.76	-135.11
31.88	72.07	-140.27
32.88	72.42	-143.58
33.57	72.96	-146.80
34.27	73.55	-150.57
34.99	74.09	-154.86
35.72	74.54	-159.00
36.47	74.99	-162.93
37.23	75.42	-166.80
38.01	76.06	-172.49
38.81	76.24	-174.33
39.21	76.65	-178.00
40.03	77.03	178.30
40.87	77.40	174.67
41.73	77.77	171.03
42.16	78.09	167.43
43.04	78.41	163.98
43.94	78.72	160.66
44.40	79.03	157.36
45.33	79.34	154.09
45.80	79.64	150.78
46.76	79.92	147.47
47.25	80.18	144.29
48.24	80.45	141.17
48.74	80.72	138.04
49.76	80.97	134.90
50.28	81.22	131.77
51.33	81.45	128.62
51.86	81.66	125.59
52.40	81.87	122.66
53.50	82.07	119.69
54.06	82.26	116.84
54.62	82.46	114.02
55.76	82.65	111.21
56.35	82.84	108.45
56.93	83.02	105.65
57.52	83.19	102.90
58.73	83.35	100.17
59.34	83.51	97.49
59.96	83.67	94.84
60.58	83.81	92.20
61.21	83.95	89.62
62.49	84.09	87.07
63.15	84.29	83.33
63.80	84.43	80.84
64.47	84.49	79.60
65.14	84.61	77.13
65.82	84.73	74.71
66.50	84.84	72.33
67.19	84.96	69.95
67.89	85.06	67.61
68.60	85.17	65.32
69.31	85.28	63.03
70.04	85.38	60.72
70.77	85.47	58.44
71.50	85.56	56.22
72.25	85.65	54.02
73.00	85.73	51.85
73.76	85.82	49.72
74.53	85.90	47.63
75.30	85.98	45.55
76.09	86.07	43.48
76.88	86.15	41.43
77.68	86.23	39.39
78.49	86.31	37.36
79.31	86.38	35.35
80.13	86.46	33.36
80.97	86.60	29.40
81.81	86.67	27.43
82.66	86.74	25.49
83.52	86.80	23.56
84.39	86.86	21.65
85.27	86.92	19.74
86.16	87.03	16.07
87.05	87.09	14.28
87.96	87.18	11.60
88.88	87.24	9.84
89.80	87.33	7.20
90.74	87.40	5.43
91.68	87.46	3.67
92.64	87.51	1.93
93.60	87.63	-1.55
94.57	87.69	-3.28
95.56	87.74	-5.00
96.55	87.85	-8.41
97.56	87.90	-10.07
98.57	88.00	-13.37
99.60	88.06	-15.02
100.64	88.11	-16.66
101.69	88.22	-19.93
102.74	88.27	-21.51
103.81	88.39	-24.79
104.90	88.44	-26.43
105.99	88.55	-29.67
107.09	88.60	-31.28
108.21	88.71	-34.55
109.33	88.76	-36.17
110.47	88.86	-39.37
111.62	88.91	-40.95
112.78	89.03	-44.91
113.96	89.13	-48.06
115.14	89.18	-49.63
116.34	89.25	-51.94
117.55	89.36	-55.04
118.78	89.41	-56.56
120.01	89.52	-59.63
121.26	89.64	-62.69
122.53	89.70	-64.23
123.80	89.84	-67.37
125.09	89.98	-70.59
126.39	90.11	-73.88
127.71	90.18	-75.54
129.04	90.32	-78.92
130.38	90.46	-82.38
131.74	90.59	-85.90
133.11	90.72	-89.52
134.50	90.85	-93.23
135.90	90.96	-97.02
137.31	91.02	-98.94
138.74	91.14	-103.84
140.19	91.23	-107.84
141.65	91.30	-111.89
143.12	91.34	-114.99
144.61	91.39	-119.16
146.12	91.42	-123.37
147.64	91.43	-129.79
149.18	91.42	-134.12
150.73	91.38	-138.46
152.30	91.32	-142.79
153.88	91.23	-147.10
155.49	91.13	-151.40
157.10	91.00	-155.62
158.74	90.79	-161.87
160.39	90.62	-165.97
162.06	90.43	-170.01
163.75	90.06	-176.83
165.45	89.83	179.40
167.18	89.59	175.75
168.92	89.28	171.35
170.68	89.03	167.89
172.45	88.77	164.53
174.25	88.36	159.67
176.06	88.09	156.54
177.90	87.67	152.00
179.75	87.39	149.10
181.62	86.97	144.92
183.51	86.55	140.90
185.42	86.28	138.28
187.35	85.80	133.81
189.30	85.53	131.32
191.27	85.12	127.62
193.27	84.78	124.58
195.28	84.36	121.00
197.31	84.08	118.68
199.36	83.65	115.27
201.44	83.21	111.96
203.54	82.76	108.82
205.66	82.32	105.88
207.80	81.89	103.03
209.96	81.46	100.24
212.15	81.03	97.51
214.36	80.54	94.45
216.59	80.12	91.82
218.84	79.77	89.66
221.12	79.33	87.19
223.42	78.90	84.78
225.75	78.48	82.42
228.10	78.05	80.09
230.48	77.47	76.99
232.88	77.03	74.71
235.30	76.58	72.43
237.75	75.87	69.10
240.22	75.39	66.91
242.73	74.88	64.79
245.25	74.26	62.42
247.81	73.72	60.42
250.39	72.94	57.86
252.99	72.34	55.97
255.63	71.46	53.51
258.29	70.49	51.24
260.98	69.69	49.59
263.70	68.29	47.46
266.44	66.81	45.95
269.21	64.97	45.22
272.02	63.45	46.17
274.85	60.40	52.58
277.71	57.79	71.87
280.60	56.60	96.02
283.52	56.61	121.14
286.48	57.78	145.99
289.46	60.68	168.79
292.47	64.29	179.76
295.52	67.28	-178.50
298.59	69.92	-179.60
301.70	71.98	178.57
304.84	73.85	176.09
308.02	76.03	172.39
311.23	77.73	168.92
314.47	79.65	164.27
317.74	81.84	158.01
321.05	83.66	151.68
324.39	85.78	142.07
327.77	88.06	127.84
331.18	89.63	113.25
334.63	90.95	92.10
338.11	91.39	67.73
341.63	91.19	50.62
345.19	90.31	31.63
348.78	89.14	18.30
352.42	87.75	6.94
356.08	86.48	-1.35
359.79	85.37	-7.77
363.54	84.36	-13.48
367.32	83.42	-19.00
371.15	82.74	-23.11
375.01	82.20	-26.58
378.92	81.64	-30.24
382.86	81.04	-34.35
386.85	80.58	-37.57
390.87	80.06	-41.54
394.94	79.70	-44.50
399.06	79.34	-47.61
403.21	79.00	-50.96
407.41	78.74	-53.73
411.65	78.46	-57.08
415.94	78.18	-60.67
420.27	77.95	-63.96
424.64	77.76	-66.98
429.06	77.55	-70.28
433.53	77.36	-73.51
438.04	77.17	-76.92
442.61	77.01	-80.01
447.21	76.85	-83.59
451.87	76.74	-86.35
456.57	76.63	-89.32
461.33	76.54	-92.76
466.13	76.47	-95.96
470.98	76.42	-99.43
475.89	76.39	-102.66
480.84	76.38	-106.17
485.85	76.38	-109.17
490.91	76.40	-112.93
496.02	76.43	-116.46
501.18	76.47	-120.02
506.40	76.52	-123.23
511.67	76.62	-127.20
517.00	76.74	-130.97
522.38	76.86	-134.47
527.82	77.01	-138.18
533.32	77.19	-141.66
538.87	77.43	-145.93
544.48	77.66	-149.43
550.15	77.95	-153.41
555.88	78.26	-157.17
561.66	78.64	-161.16
567.51	79.11	-165.34
573.42	79.63	-169.34
579.39	80.19	-173.14
585.42	80.88	-177.28
591.52	81.87	177.56
597.68	82.86	172.93
603.90	84.22	167.26
610.19	85.65	161.82
616.54	88.09	152.67
622.96	91.11	135.84
629.45	93.13	111.05
636.00	93.96	81.05
642.62	93.67	47.71
649.31	92.18	13.67
656.07	89.70	-11.32
662.90	86.17	-28.75
669.80	83.17	-38.05
676.78	81.08	-44.28
683.82	79.25	-49.99
690.94	77.66	-55.25
698.14	76.18	-60.49
705.41	74.85	-65.58
712.75	73.64	-70.56
720.17	72.50	-75.51
727.67	71.32	-80.94
735.25	70.34	-85.65
742.90	69.27	-90.79
750.64	68.16	-96.07
758.45	67.06	-101.22
766.35	66.06	-105.92
774.33	64.91	-110.98
782.39	63.71	-116.02
790.53	62.40	-120.95
798.76	60.78	-126.24
807.08	58.99	-130.73
815.48	56.63	-134.21
823.97	52.71	-130.60
832.55	49.90	-108.81
841.22	49.19	-83.74
849.98	49.58	-59.71
858.83	51.24	-36.07
867.77	54.55	-16.30
876.81	59.37	-9.61
885.93	63.31	-14.37
895.16	66.41	-20.24
904.48	69.73	-27.67
913.90	73.45	-37.36
923.41	77.81	-55.14
933.02	81.19	-85.23
942.74	82.91	-119.06
952.55	83.63	-155.12
962.47	83.05	171.13
972.49	81.14	140.91
982.62	78.20	121.64
992.85	76.17	111.19
1003.19	74.75	102.46
1013.63	73.67	94.09
1024.18	72.90	86.50
1034.85	72.21	78.23
1045.62	71.68	70.03
1056.51	71.29	62.38
1067.51	70.95	53.47
1078.62	70.71	44.95
1089.85	70.51	35.93
1101.20	70.34	26.68
1112.66	70.17	17.31
1124.25	69.98	8.06
1135.95	69.80	-1.02
1147.78	69.72	-9.64
1159.73	69.73	-18.14
1171.81	69.90	-27.20
1184.01	70.19	-36.49
1196.33	70.62	-45.82
1208.79	71.23	-55.34
1221.37	72.43	-66.61
1234.09	74.25	-82.25
1246.94	75.47	-108.84
1259.92	75.49	-137.36
1273.04	74.57	-167.00
1286.29	72.87	166.46
1299.69	69.99	141.63
1313.22	66.59	127.32
1326.89	64.03	119.45
1340.70	61.90	111.80
1354.66	60.05	103.82
1368.77	57.79	94.68
1383.02	54.84	88.51
1397.42	51.24	95.18
1411.97	49.37	110.10
1426.67	48.83	127.35
1441.52	49.58	144.12
1456.53	51.67	159.82
1471.69	55.37	168.47
1487.02	59.20	164.10
1502.50	62.57	155.00
1518.14	65.99	144.05
1533.95	69.69	131.49
1549.92	74.44	104.67
1566.06	77.30	66.93
1582.36	78.77	28.26
1598.84	78.94	-12.14
1615.48	77.87	-50.64
1632.30	75.16	-84.12
1649.30	72.27	-101.04
1666.47	70.50	-113.05
1683.82	69.29	-124.24
1701.35	68.57	-135.13
1719.06	68.14	-146.07
1736.96	67.97	-157.65
1755.05	68.01	-168.97
1773.32	68.27	178.96
1791.78	68.77	166.69
1810.44	69.63	153.72
1829.29	71.06	139.89
1848.33	73.68	121.33
1867.58	76.15	85.01
1887.02	76.59	43.50
1906.67	75.38	-0.24
1926.52	72.52	-41.72
1946.58	68.78	-91.17
1966.84	62.69	-154.65
1987.32	58.46	153.35
2008.01	56.41	107.70
2028.92	56.63	60.86
2050.04	57.92	10.00
2071.39	60.19	-18.86
2092.95	63.22	-34.72
2114.74	66.28	-50.43
2136.76	68.91	-67.39
2159.01	73.21	-86.70
2181.49	77.12	-126.40
2204.20	79.00	-170.65
2227.15	79.75	144.42
2250.34	79.60	98.64
2273.76	77.70	52.38
2297.44	73.48	18.99
2321.36	70.84	2.20
2345.53	69.15	-13.70
2369.95	67.98	-29.48
2394.62	67.27	-43.83
2419.55	67.14	-57.89
2444.74	67.91	-72.20
2470.20	70.50	-96.28
2495.92	71.14	-140.35
2521.90	68.83	176.89
2548.16	65.15	153.79
2574.69	62.67	136.35
2601.50	59.78	120.75
2628.58	56.66	123.96
2655.95	57.08	135.74
2683.60	60.69	137.21
2711.54	64.09	121.04
2739.77	67.40	100.98
2768.30	71.53	77.72
2797.12	75.65	32.62
2826.24	77.30	-17.59
2855.67	77.62	-66.62
2885.40	77.00	-115.42
2915.44	75.08	-163.87
2945.80	71.05	157.76
2976.47	68.11	136.78
3007.45	66.28	117.06
3038.77	64.93	95.98
3070.41	62.96	66.41
3102.37	63.11	-12.23
3134.67	63.28	-96.25
3167.31	63.29	177.96
3200.29	63.63	100.86
3233.61	65.23	19.03
3267.27	67.16	-34.54
3301.29	68.40	-57.43
3335.66	70.53	-80.09
3370.39	75.03	-108.91
3405.48	78.20	-163.27
3440.94	79.35	143.60
3476.76	79.49	89.56
3512.96	78.68	37.22
3549.54	76.81	-20.84
3586.49	70.75	-73.49
3623.83	67.36	-138.27
3661.56	68.16	145.97
3699.69	69.39	56.53
3738.20	70.10	-36.01
3777.13	72.04	-121.03
3816.45	75.28	152.77
3856.19	75.84	45.91
3896.33	76.10	-63.02
3936.90	76.50	-171.21
3977.89	76.42	79.82
4019.31	75.59	-27.71
4061.15	76.42	-112.57
4103.44	74.43	-167.77
4146.16	71.90	145.78
4189.33	69.05	109.79
4232.94	67.42	76.30
4277.01	65.50	46.38
4321.55	65.36	23.12
4366.54	66.14	-8.74
4412.00	67.11	-43.79
4457.94	68.00	-87.32
4504.35	68.75	-128.85
4551.25	69.25	-176.12
4598.63	68.95	132.10
4646.51	67.01	64.23
4694.89	66.43	-36.51
4743.77	66.17	-139.51
4793.16	66.57	122.49
4843.06	67.34	16.15
4893.49	68.19	-85.41
4944.44	69.94	-147.23
4995.91	71.06	154.65
5047.93	70.89	99.74
5100.49	69.23	46.55
5153.59	68.39	6.34
5207.25	69.90	-37.67
5261.46	70.33	-94.77
5316.24	70.43	-144.67
5371.59	70.85	157.77
5427.52	71.35	85.39
5484.03	71.31	-19.84
5541.12	71.98	-128.86
5598.82	71.89	121.03
5657.11	72.67	9.39
5716.01	74.02	-102.32
5775.52	74.49	159.12
5835.65	71.65	74.91
5896.41	68.47	27.03
5957.80	68.52	-54.50
6019.83	68.81	-166.34
6082.50	67.87	71.98
6145.83	67.82	-32.96
6209.82	70.33	-147.25
6274.47	70.85	52.24
6339.80	70.25	-93.60
6405.81	68.93	144.96
6472.50	69.89	24.87
6539.89	71.39	-110.69
6607.98	69.64	125.58
6676.78	68.78	51.98
6746.29	69.49	-23.89
6816.53	71.77	-143.66
6887.50	72.28	76.74
6959.21	72.51	-42.09
7031.67	73.57	179.77
7104.88	77.05	16.14
7178.85	76.22	-140.13
7253.59	74.75	77.87
7329.11	77.11	-146.27
7405.42	78.92	-50.45
7482.52	79.50	52.45
7560.43	80.03	-171.63
7639.14	82.18	-50.87
7718.68	82.08	93.88
7799.04	80.19	-88.40
7880.24	79.56	70.52
7962.29	78.55	-170.84
8045.19	77.15	-68.11
8128.95	75.02	50.76
8213.58	73.18	-175.57
8299.10	74.35	-28.82
8385.50	73.34	123.50
8472.81	73.95	-99.80
8561.02	73.70	40.50
8650.16	75.15	170.75
8740.22	73.89	-63.43
8831.22	73.51	24.13
8923.16	74.50	97.43
9016.07	73.64	111.71
9109.94	75.07	108.29
9204.79	77.23	129.63
9300.62	79.56	170.42
9397.46	77.76	-107.11
9495.30	80.22	22.62
9594.16	81.75	-166.79
9694.05	81.78	-19.60
9794.98	82.14	63.41
9896.96	82.72	147.60
