Frequenz   SPL  Phase

20.00	57.24	-34.94
20.21	58.46	-38.89
21.06	59.65	-43.24
21.73	61.39	-42.57
22.41	64.23	-51.58
23.12	65.18	-71.73
23.85	64.77	-80.46
24.60	65.11	-84.11
25.38	65.67	-87.78
26.18	66.49	-92.06
27.01	67.13	-97.21
27.57	67.71	-101.06
28.44	68.48	-104.75
29.04	69.24	-109.31
29.95	69.89	-113.78
30.58	70.56	-118.18
31.22	71.20	-122.34
31.88	71.88	-126.56
32.88	72.53	-131.37
33.57	73.07	-136.12
34.27	73.57	-140.48
34.99	74.06	-144.60
35.72	74.55	-148.75
36.47	75.00	-152.62
37.23	75.50	-156.29
38.01	76.21	-162.46
38.81	76.40	-164.37
39.21	76.82	-168.26
40.03	77.23	-172.07
40.87	77.62	-175.82
41.73	78.01	-179.52
42.16	78.38	176.77
43.04	78.73	173.16
43.94	79.07	169.61
44.40	79.41	166.01
45.33	79.72	162.48
45.80	80.02	159.02
46.76	80.31	155.62
47.25	80.59	152.26
48.24	80.85	148.97
48.74	81.11	145.85
49.76	81.38	142.71
50.28	81.64	139.57
51.33	81.90	136.42
51.86	82.14	133.18
52.40	82.36	130.07
53.50	82.58	127.01
54.06	82.79	123.98
54.62	82.99	121.02
55.76	83.18	118.05
56.35	83.36	115.12
56.93	83.54	112.31
57.52	83.72	109.50
58.73	83.89	106.71
59.34	84.05	103.96
59.96	84.21	101.22
60.58	84.36	98.49
61.21	84.50	95.84
62.49	84.64	93.27
63.15	84.85	89.40
63.80	84.99	86.85
64.47	85.05	85.60
65.14	85.18	83.10
65.82	85.30	80.61
66.50	85.41	78.16
67.19	85.52	75.76
67.89	85.63	73.40
68.60	85.74	71.03
69.31	85.85	68.70
70.04	85.95	66.40
70.77	86.05	64.13
71.50	86.14	61.87
72.25	86.24	59.63
73.00	86.32	57.43
73.76	86.41	55.25
74.53	86.50	53.08
75.30	86.58	50.94
76.09	86.66	48.82
76.88	86.73	46.75
77.68	86.81	44.69
78.49	86.89	42.64
79.31	86.96	40.63
80.13	87.03	38.64
80.97	87.17	34.73
81.81	87.23	32.80
82.66	87.30	30.90
83.52	87.37	29.01
84.39	87.43	27.14
85.27	87.50	25.29
86.16	87.62	21.62
87.05	87.69	19.81
87.96	87.78	17.14
88.88	87.84	15.38
89.80	87.93	12.77
90.74	87.99	11.05
91.68	88.05	9.32
92.64	88.11	7.61
93.60	88.23	4.21
94.57	88.29	2.52
95.56	88.35	0.85
96.55	88.47	-2.44
97.56	88.53	-4.09
98.57	88.65	-7.35
99.60	88.71	-8.98
100.64	88.77	-10.59
101.69	88.89	-13.81
102.74	88.94	-15.40
103.81	89.06	-18.51
104.90	89.12	-20.06
105.99	89.25	-23.14
107.09	89.32	-24.69
108.21	89.46	-27.82
109.33	89.53	-29.39
110.47	89.66	-32.53
111.62	89.73	-34.11
112.78	89.90	-38.08
113.96	90.04	-41.27
115.14	90.11	-42.89
116.34	90.21	-45.32
117.55	90.33	-48.55
118.78	90.40	-50.17
120.01	90.53	-53.43
121.26	90.65	-56.72
122.53	90.71	-58.36
123.80	90.83	-61.67
125.09	90.94	-64.96
126.39	91.05	-68.22
127.71	91.10	-69.83
129.04	91.21	-73.03
130.38	91.34	-76.20
131.74	91.47	-79.41
133.11	91.62	-82.73
134.50	91.77	-86.16
135.90	91.93	-89.72
137.31	92.00	-91.54
138.74	92.18	-96.25
140.19	92.30	-100.13
141.65	92.42	-104.10
143.12	92.50	-107.17
144.61	92.59	-111.30
146.12	92.66	-115.50
147.64	92.73	-121.93
149.18	92.75	-126.28
150.73	92.75	-130.66
152.30	92.73	-135.07
153.88	92.68	-139.48
155.49	92.61	-143.90
157.10	92.51	-148.25
158.74	92.31	-154.67
160.39	92.15	-158.86
162.06	91.97	-162.94
163.75	91.61	-169.75
165.45	91.39	-173.46
167.18	91.17	-177.06
168.92	90.87	178.62
170.68	90.63	175.25
172.45	90.39	172.00
174.25	90.01	167.31
176.06	89.75	164.30
177.90	89.36	160.01
179.75	89.11	157.29
181.62	88.73	153.39
183.51	88.36	149.68
185.42	88.13	147.27
187.35	87.73	143.26
189.30	87.51	140.99
191.27	87.20	137.64
193.27	86.94	134.84
195.28	86.63	131.52
197.31	86.42	129.32
199.36	86.11	126.04
201.44	85.78	122.85
203.54	85.45	119.80
205.66	85.12	116.96
207.80	84.82	114.15
209.96	84.51	111.43
212.15	84.22	108.75
214.36	83.88	105.71
216.59	83.60	103.11
218.84	83.37	100.99
221.12	83.08	98.52
223.42	82.81	96.14
225.75	82.55	93.79
228.10	82.30	91.47
230.48	81.96	88.40
232.88	81.72	86.12
235.30	81.47	83.87
237.75	81.12	80.56
240.22	80.88	78.38
242.73	80.64	76.27
245.25	80.38	73.85
247.81	80.15	71.83
250.39	79.87	69.16
252.99	79.66	67.19
255.63	79.39	64.57
258.29	79.13	61.97
260.98	78.95	60.02
263.70	78.67	57.10
266.44	78.42	54.50
269.21	78.18	51.95
272.02	78.03	50.35
274.85	77.80	47.84
277.71	77.58	45.32
280.60	77.36	42.79
283.52	77.14	40.26
286.48	76.92	37.72
289.46	76.69	34.87
292.47	76.49	32.28
295.52	76.28	29.66
298.59	76.05	26.65
301.70	75.85	23.93
304.84	75.65	21.06
308.02	75.38	17.28
311.23	75.14	14.05
314.47	74.84	10.05
317.74	74.42	4.99
321.05	73.93	0.24
324.39	72.92	-5.68
327.77	70.96	-7.45
331.18	69.80	-2.08
334.63	69.17	5.52
338.11	69.20	13.24
341.63	69.46	18.75
345.19	70.52	25.06
348.78	71.95	23.64
352.42	72.85	17.32
356.08	73.18	11.38
359.79	73.28	6.47
363.54	73.31	1.89
367.32	73.30	-2.69
371.15	73.26	-6.18
375.01	73.21	-9.16
378.92	73.15	-12.35
382.86	73.07	-15.98
386.85	73.00	-18.85
390.87	72.92	-22.40
394.94	72.85	-25.00
399.06	72.80	-27.79
403.21	72.76	-30.80
407.41	72.74	-33.30
411.65	72.71	-36.29
415.94	72.70	-39.54
420.27	72.69	-42.56
424.64	72.67	-45.32
429.06	72.67	-48.30
433.53	72.66	-51.23
438.04	72.66	-54.33
442.61	72.67	-57.16
447.21	72.69	-60.42
451.87	72.71	-62.93
456.57	72.75	-65.64
461.33	72.82	-68.79
466.13	72.90	-71.70
470.98	73.00	-74.87
475.89	73.11	-77.85
480.84	73.23	-81.11
485.85	73.34	-83.87
490.91	73.51	-87.33
496.02	73.67	-90.60
501.18	73.83	-93.86
506.40	74.01	-96.83
511.67	74.25	-100.48
517.00	74.49	-103.99
522.38	74.73	-107.24
527.82	75.01	-110.66
533.32	75.30	-113.88
538.87	75.68	-117.82
544.48	76.01	-121.05
550.15	76.44	-124.73
555.88	76.87	-128.21
561.66	77.38	-131.91
567.51	77.98	-135.77
573.42	78.63	-139.44
579.39	79.32	-142.95
585.42	80.14	-146.78
591.52	81.28	-151.56
597.68	82.41	-155.88
603.90	83.91	-161.19
610.19	85.45	-166.27
616.54	88.03	-174.83
622.96	91.23	169.32
629.45	93.48	145.10
636.00	94.54	115.41
642.62	94.49	82.33
649.31	93.28	48.50
656.07	91.04	23.46
662.90	87.70	5.79
669.80	84.89	-3.31
676.78	83.00	-9.23
683.82	81.41	-14.58
690.94	80.07	-19.49
698.14	78.87	-24.33
705.41	77.85	-29.06
712.75	76.96	-33.71
720.17	76.17	-38.33
727.67	75.40	-43.41
735.25	74.80	-47.82
742.90	74.19	-52.68
750.64	73.60	-57.65
758.45	73.08	-62.50
766.35	72.67	-66.94
774.33	72.27	-71.81
782.39	71.91	-76.68
790.53	71.61	-81.58
798.76	71.32	-87.00
807.08	71.09	-91.96
815.48	70.91	-96.87
823.97	70.76	-102.21
832.55	70.67	-107.58
841.22	70.65	-113.01
849.98	70.68	-118.47
858.83	70.79	-123.99
867.77	71.00	-129.63
876.81	71.31	-135.39
885.93	71.79	-141.79
895.16	72.45	-148.06
904.48	73.47	-155.50
913.90	75.13	-165.10
923.41	77.49	176.90
933.02	78.82	147.18
942.74	78.48	114.20
952.55	76.87	79.34
962.47	73.79	47.36
972.49	68.87	20.35
982.62	61.87	10.24
992.85	56.40	25.34
1003.19	53.18	44.98
1013.63	51.57	66.70
1024.18	51.36	86.28
1034.85	52.65	106.36
1045.62	55.60	113.96
1056.51	57.71	110.53
1067.51	59.34	103.85
1078.62	60.53	96.75
1089.85	61.53	88.80
1101.20	62.37	80.51
1112.66	63.10	72.02
1124.25	63.72	63.59
1135.95	64.31	55.32
1147.78	64.94	47.41
1159.73	65.61	39.60
1171.81	66.45	31.25
1184.01	67.39	22.71
1196.33	68.43	14.07
1208.79	69.65	5.27
1221.37	71.51	-5.08
1234.09	73.94	-19.52
1246.94	75.93	-45.02
1259.92	76.74	-72.89
1273.04	76.68	-102.00
1286.29	75.84	-128.16
1299.69	73.97	-152.90
1313.22	71.59	-167.56
1326.89	70.12	-175.50
1340.70	69.34	176.67
1354.66	69.05	168.14
1368.77	68.91	157.40
1383.02	68.73	146.18
1397.42	68.45	133.87
1411.97	68.20	122.66
1426.67	67.97	111.38
1441.52	67.83	101.06
1456.53	67.85	90.95
1471.69	68.05	80.99
1487.02	68.43	71.10
1502.50	69.13	60.79
1518.14	70.35	49.73
1533.95	72.28	37.39
1549.92	75.23	10.56
1566.06	76.32	-26.67
1582.36	76.06	-64.46
1598.84	74.40	-103.78
1615.48	71.31	-140.98
1632.30	66.30	-172.36
1649.30	60.60	174.04
1666.47	54.70	173.49
1683.82	50.58	-169.99
1701.35	48.66	-150.59
1719.06	48.27	-131.20
1736.96	49.33	-112.40
1755.05	52.06	-95.87
1773.32	56.53	-95.49
1791.78	59.94	-104.18
1810.44	63.26	-114.80
1829.29	66.77	-127.12
1848.33	71.29	-144.23
1867.58	75.70	-178.99
1887.02	78.10	140.75
1906.67	79.18	98.13
1926.52	79.03	56.91
1946.58	77.77	15.08
1966.84	74.47	-16.70
1987.32	71.93	-31.77
2008.01	70.62	-44.63
2028.92	70.06	-58.01
2050.04	69.68	-72.88
2071.39	69.61	-85.57
2092.95	70.08	-99.83
2114.74	70.92	-114.83
2136.76	72.13	-130.02
2159.01	75.06	-149.07
2181.49	77.53	171.12
2204.20	77.91	127.17
2227.15	76.82	82.72
2250.34	74.33	43.56
2273.76	71.57	11.02
2297.44	67.24	-17.52
2321.36	63.88	-34.36
2345.53	60.42	-53.67
2369.95	56.88	-93.44
2394.62	56.01	-147.18
2419.55	55.52	158.29
2444.74	57.18	108.98
2470.20	62.32	54.02
2495.92	68.26	-13.37
2521.90	72.27	-62.95
2548.16	74.20	-110.23
2574.69	74.68	-156.46
2601.50	73.42	157.93
2628.58	70.42	129.13
2655.95	69.02	111.44
2683.60	68.66	95.06
2711.54	69.09	78.42
2739.77	70.35	60.46
2768.30	73.05	40.55
2797.12	76.25	-0.37
2826.24	77.40	-48.91
2855.67	77.11	-98.36
2885.40	75.52	-147.45
2915.44	72.53	164.99
2945.80	67.33	127.91
2976.47	62.79	108.06
3007.45	57.24	98.04
3038.77	55.12	112.46
3070.41	56.69	121.30
3102.37	59.31	110.14
3134.67	61.74	96.47
3167.31	65.04	80.71
3200.29	69.98	40.20
3233.61	70.65	-6.31
3267.27	69.72	-42.27
3301.29	69.92	-67.25
3335.66	71.08	-90.54
3370.39	73.95	-119.47
3405.48	76.87	-161.06
3440.94	78.39	146.78
3476.76	78.59	94.95
3512.96	77.90	42.62
3549.54	75.49	-10.75
3586.49	70.52	-49.73
3623.83	67.41	-60.26
3661.56	68.35	-73.95
3699.69	69.11	-103.18
3738.20	69.84	-129.26
3777.13	71.95	-156.10
3816.45	75.62	151.84
3856.19	75.54	50.70
3896.33	74.53	-51.33
3936.90	75.04	-153.32
3977.89	75.06	100.13
4019.31	73.82	-4.58
4061.15	74.29	-88.64
4103.44	73.73	-141.50
4146.16	72.48	172.08
4189.33	71.16	130.86
4232.94	70.47	89.96
4277.01	68.10	43.99
4321.55	66.27	15.15
4366.54	65.73	-14.22
4412.00	65.98	-45.43
4457.94	66.21	-84.10
4504.35	66.51	-115.79
4551.25	67.97	170.50
4598.63	70.06	62.43
4646.51	71.04	-51.46
4694.89	71.59	-166.15
4743.77	71.49	72.87
4793.16	69.85	-35.42
4843.06	68.23	-87.13
4893.49	66.71	-129.01
4944.44	65.86	-166.51
4995.91	66.43	158.15
5047.93	67.81	110.79
5100.49	68.68	54.34
5153.59	66.85	-12.51
5207.25	66.41	-111.89
5261.46	68.00	140.11
5316.24	67.92	30.25
5371.59	68.75	-76.33
5427.52	71.22	179.87
5484.03	73.36	90.82
5541.12	73.76	15.90
5598.82	71.82	-48.71
5657.11	71.53	-107.97
5716.01	71.39	166.46
5775.52	71.48	68.62
5835.65	71.97	-41.68
5896.41	71.48	-149.10
5957.80	73.06	101.90
6019.83	73.61	-1.00
6082.50	74.58	-97.43
6145.83	72.99	171.73
6209.82	72.20	48.37
6274.47	73.06	-134.77
6339.80	71.99	-5.07
6405.81	69.29	105.21
6472.50	68.16	-129.01
6539.89	68.84	21.01
6607.98	68.60	-144.15
6676.78	66.76	97.49
6746.29	67.89	39.88
6816.53	71.33	-18.31
6887.50	73.30	-94.83
6959.21	73.31	-163.17
7031.67	75.38	125.97
7104.88	77.37	30.66
7178.85	76.15	-144.15
7253.59	74.25	17.93
7329.11	75.53	155.94
7405.42	77.53	-114.31
7482.52	77.05	-17.48
7560.43	77.71	98.17
7639.14	79.92	-124.22
7718.68	80.24	-1.80
7799.04	79.02	142.77
7880.24	78.87	-48.75
7962.29	78.38	114.70
8045.19	78.17	-55.35
8128.95	78.28	178.43
8213.58	78.25	64.97
8299.10	78.37	-36.71
8385.50	76.20	-162.17
8472.81	72.76	39.72
8561.02	72.93	-126.37
8650.16	73.31	48.75
8740.22	74.34	-129.93
8831.22	74.97	42.64
8923.16	77.22	-149.31
9016.07	77.96	0.51
9109.94	78.14	76.20
9204.79	78.59	147.63
9300.62	79.64	-140.85
9397.46	79.76	-67.96
9495.30	80.74	43.83
9594.16	82.79	-148.41
9694.05	83.34	44.66
9794.98	82.54	-148.01
9896.96	81.11	-27.01
