Frequenz  SPL   Phase

20.00	56.21	-85.63
20.21	57.45	-90.62
21.06	58.87	-93.37
21.73	60.51	-99.34
22.41	61.68	-107.14
23.12	62.57	-112.06
23.85	63.89	-117.18
24.60	65.03	-126.12
25.38	65.42	-133.12
26.18	65.97	-137.12
27.01	66.70	-140.56
27.57	67.56	-144.40
28.44	68.37	-149.28
29.04	69.05	-153.39
29.95	69.89	-157.37
30.58	70.68	-162.62
31.22	71.27	-167.67
31.88	71.84	-171.93
32.88	72.45	-175.90
33.57	73.11	-179.97
34.27	73.75	175.12
34.99	74.20	170.19
35.72	74.61	166.33
36.47	75.11	162.85
37.23	75.66	158.77
38.01	76.31	152.67
38.81	76.52	150.80
39.21	76.94	147.06
40.03	77.37	143.37
40.87	77.78	139.59
41.73	78.18	135.82
42.16	78.55	132.03
43.04	78.90	128.38
43.94	79.24	124.82
44.40	79.57	121.28
45.33	79.89	117.80
45.80	80.20	114.37
46.76	80.50	110.94
47.25	80.78	107.61
48.24	81.06	104.27
48.74	81.32	100.95
49.76	81.57	97.74
50.28	81.82	94.56
51.33	82.05	91.47
51.86	82.28	88.39
52.40	82.51	85.34
53.50	82.72	82.33
54.06	82.93	79.39
54.62	83.14	76.46
55.76	83.33	73.56
56.35	83.53	70.69
56.93	83.71	67.83
57.52	83.89	64.99
58.73	84.05	62.23
59.34	84.21	59.49
59.96	84.37	56.83
60.58	84.53	54.19
61.21	84.68	51.55
62.49	84.83	48.93
63.15	85.04	45.05
63.80	85.17	42.52
64.47	85.23	41.28
65.14	85.36	38.77
65.82	85.47	36.31
66.50	85.59	33.91
67.19	85.71	31.49
67.89	85.82	29.11
68.60	85.92	26.77
69.31	86.02	24.51
70.04	86.12	22.25
70.77	86.22	19.99
71.50	86.31	17.80
72.25	86.41	15.63
73.00	86.51	13.48
73.76	86.60	11.29
74.53	86.68	9.14
75.30	86.77	7.08
76.09	86.85	5.00
76.88	86.93	2.94
77.68	87.01	0.91
78.49	87.09	-1.13
79.31	87.16	-3.11
80.13	87.23	-5.07
80.97	87.38	-8.92
81.81	87.44	-10.79
82.66	87.52	-12.61
83.52	87.60	-14.49
84.39	87.67	-16.38
85.27	87.74	-18.22
86.16	87.87	-21.88
87.05	87.93	-23.67
87.96	88.02	-26.25
88.88	88.09	-27.96
89.80	88.19	-30.59
90.74	88.25	-32.30
91.68	88.31	-33.98
92.64	88.38	-35.65
93.60	88.51	-38.99
94.57	88.57	-40.65
95.56	88.63	-42.28
96.55	88.75	-45.45
97.56	88.82	-47.05
98.57	88.95	-50.25
99.60	89.02	-51.84
100.64	89.08	-53.41
101.69	89.22	-56.52
102.74	89.29	-58.12
103.81	89.42	-61.21
104.90	89.49	-62.76
105.99	89.63	-65.83
107.09	89.69	-67.40
108.21	89.83	-70.46
109.33	89.90	-71.99
110.47	90.04	-75.04
111.62	90.12	-76.58
112.78	90.29	-80.41
113.96	90.44	-83.48
115.14	90.52	-85.03
116.34	90.63	-87.36
117.55	90.78	-90.49
118.78	90.86	-92.05
120.01	91.01	-95.21
121.26	91.16	-98.41
122.53	91.23	-100.01
123.80	91.38	-103.25
125.09	91.52	-106.50
126.39	91.66	-109.77
127.71	91.73	-111.39
129.04	91.87	-114.66
130.38	92.00	-117.93
131.74	92.15	-121.21
133.11	92.30	-124.54
134.50	92.46	-127.97
135.90	92.62	-131.48
137.31	92.70	-133.28
138.74	92.88	-137.93
140.19	93.02	-141.74
141.65	93.15	-145.64
143.12	93.23	-148.63
144.61	93.34	-152.67
146.12	93.43	-156.78
147.64	93.54	-163.08
149.18	93.58	-167.36
150.73	93.60	-171.66
152.30	93.61	-176.02
153.88	93.58	179.61
155.49	93.53	175.25
157.10	93.46	170.94
158.74	93.31	164.49
160.39	93.17	160.29
162.06	93.02	156.19
163.75	92.69	149.33
165.45	92.48	145.57
167.18	92.26	141.98
168.92	91.98	137.74
170.68	91.74	134.42
172.45	91.50	131.26
174.25	91.14	126.76
176.06	90.91	123.91
177.90	90.55	119.84
179.75	90.32	117.25
181.62	89.98	113.61
183.51	89.67	110.11
185.42	89.47	107.85
187.35	89.15	103.98
189.30	88.97	101.82
191.27	88.73	98.55
193.27	88.53	95.80
195.28	88.28	92.47
197.31	88.11	90.27
199.36	87.85	87.03
201.44	87.58	83.86
203.54	87.31	80.84
205.66	87.03	78.01
207.80	86.78	75.30
209.96	86.54	72.63
212.15	86.31	70.01
214.36	86.05	67.02
216.59	85.83	64.49
218.84	85.65	62.43
221.12	85.43	60.04
223.42	85.23	57.73
225.75	85.04	55.46
228.10	84.86	53.21
230.48	84.64	50.24
232.88	84.47	48.04
235.30	84.32	45.85
237.75	84.10	42.62
240.22	83.95	40.50
242.73	83.81	38.43
245.25	83.66	36.06
247.81	83.54	34.07
250.39	83.39	31.50
252.99	83.30	29.59
255.63	83.18	27.06
258.29	83.09	24.56
260.98	83.03	22.68
263.70	82.96	19.86
266.44	82.91	17.32
269.21	82.88	14.83
272.02	82.87	13.27
274.85	82.87	10.79
277.71	82.89	8.33
280.60	82.94	5.87
283.52	83.01	3.37
286.48	83.10	0.86
289.46	83.25	-1.99
292.47	83.42	-4.60
295.52	83.62	-7.27
298.59	83.90	-10.38
301.70	84.20	-13.24
304.84	84.56	-16.26
308.02	85.09	-20.33
311.23	85.61	-23.91
314.47	86.32	-28.56
317.74	87.26	-34.68
321.05	88.15	-40.82
324.39	89.30	-50.16
327.77	90.55	-64.07
331.18	91.34	-78.48
334.63	91.73	-99.48
338.11	91.15	-123.81
341.63	90.21	-140.88
345.19	88.42	-159.83
348.78	86.42	-173.07
352.42	84.09	175.78
356.08	81.89	167.79
359.79	79.85	161.73
363.54	77.80	156.44
367.32	75.69	151.45
371.15	74.01	147.82
375.01	72.53	144.85
378.92	70.88	141.76
382.86	68.88	138.49
386.85	67.18	136.03
390.87	64.83	133.22
394.94	62.86	131.54
399.06	60.40	130.48
403.21	57.19	131.04
407.41	53.67	137.26
411.65	50.19	158.68
415.94	48.47	-172.72
420.27	48.01	-146.60
424.64	48.80	-124.29
429.06	50.74	-101.87
433.53	53.89	-91.13
438.04	56.33	-90.21
442.61	57.97	-91.06
447.21	59.41	-93.18
451.87	60.31	-94.91
456.57	61.19	-96.91
461.33	62.08	-99.56
466.13	62.80	-102.06
470.98	63.50	-104.83
475.89	64.11	-107.44
480.84	64.72	-110.41
485.85	65.19	-112.96
490.91	65.77	-116.16
496.02	66.27	-119.17
501.18	66.76	-122.18
506.40	67.20	-124.88
511.67	67.76	-128.20
517.00	68.28	-131.40
522.38	68.77	-134.42
527.82	69.29	-137.59
533.32	69.81	-140.58
538.87	70.44	-144.28
544.48	70.97	-147.34
550.15	71.60	-150.78
555.88	72.24	-154.03
561.66	72.94	-157.52
567.51	73.74	-161.13
573.42	74.57	-164.58
579.39	75.43	-167.85
585.42	76.44	-171.47
591.52	77.80	-175.97
597.68	79.11	179.94
603.90	80.83	174.87
610.19	82.59	169.92
616.54	85.50	161.11
622.96	88.95	143.33
629.45	91.14	117.98
636.00	92.15	88.09
642.62	92.08	55.09
649.31	90.82	21.53
656.07	88.48	-2.51
662.90	85.26	-17.74
669.80	82.73	-25.71
676.78	81.06	-31.11
683.82	79.67	-36.05
690.94	78.53	-40.59
698.14	77.53	-45.13
705.41	76.69	-49.57
712.75	75.99	-53.91
720.17	75.38	-58.22
727.67	74.82	-63.01
735.25	74.40	-67.14
742.90	73.99	-71.71
750.64	73.62	-76.38
758.45	73.32	-80.97
766.35	73.11	-85.14
774.33	72.93	-89.73
782.39	72.80	-94.33
790.53	72.74	-98.92
798.76	72.72	-104.02
807.08	72.75	-108.67
815.48	72.83	-113.29
823.97	72.99	-118.35
832.55	73.22	-123.46
841.22	73.53	-128.60
849.98	73.92	-133.81
858.83	74.40	-139.07
867.77	75.00	-144.43
876.81	75.71	-149.91
885.93	76.67	-156.05
895.16	77.80	-162.08
904.48	79.34	-169.21
913.90	81.49	-178.12
923.41	84.46	166.86
933.02	86.98	139.33
942.74	87.97	106.78
952.55	87.95	71.86
962.47	86.76	38.97
972.49	84.38	8.96
982.62	80.79	-12.09
992.85	77.94	-22.61
1003.19	75.76	-30.83
1013.63	73.97	-38.43
1024.18	72.58	-45.24
1034.85	71.23	-52.58
1045.62	70.07	-59.80
1056.51	69.10	-66.55
1067.51	68.12	-74.38
1078.62	67.27	-81.87
1089.85	66.46	-89.78
1101.20	65.67	-97.91
1112.66	64.87	-106.14
1124.25	64.04	-114.17
1135.95	63.18	-121.98
1147.78	62.37	-129.35
1159.73	61.61	-136.59
1171.81	60.84	-144.18
1184.01	60.08	-151.89
1196.33	59.29	-159.40
1208.79	58.41	-166.48
1221.37	57.36	-173.17
1234.09	56.38	-178.37
1246.94	55.30	178.79
1259.92	54.55	177.83
1273.04	54.05	177.76
1286.29	53.90	178.41
1299.69	54.12	179.54
1313.22	54.91	179.82
1326.89	55.95	177.18
1340.70	57.15	172.45
1354.66	58.36	165.83
1368.77	59.56	156.66
1383.02	60.50	146.69
1397.42	61.34	135.60
1411.97	62.06	125.35
1426.67	62.78	114.99
1441.52	63.53	105.53
1456.53	64.42	96.25
1471.69	65.49	87.04
1487.02	66.73	77.85
1502.50	68.33	68.17
1518.14	70.48	57.72
1533.95	73.25	46.10
1549.92	77.28	20.75
1566.06	79.58	-15.95
1582.36	80.56	-53.44
1598.84	80.36	-92.56
1615.48	78.98	-129.85
1632.30	76.02	-162.43
1649.30	72.86	-178.15
1666.47	70.91	171.26
1683.82	69.55	161.40
1701.35	68.73	152.07
1719.06	68.27	142.60
1736.96	68.09	132.48
1755.05	68.16	122.61
1773.32	68.50	112.18
1791.78	69.16	101.61
1810.44	70.23	90.18
1829.29	71.95	77.91
1848.33	74.90	61.10
1867.58	77.88	26.89
1887.02	79.00	-12.75
1906.67	78.76	-54.58
1926.52	77.39	-94.59
1946.58	74.72	-134.07
1966.84	70.45	-164.44
1987.32	66.66	179.84
2008.01	63.85	169.91
2028.92	61.53	158.18
2050.04	59.10	147.96
2071.39	56.52	142.45
2092.95	54.86	143.41
2114.74	54.06	129.86
2136.76	54.57	86.12
2159.01	58.67	30.91
2181.49	63.19	-46.14
2204.20	66.56	-133.89
2227.15	68.77	136.05
2250.34	70.73	74.62
2273.76	70.29	31.53
2297.44	67.68	2.60
2321.36	66.55	-12.15
2345.53	66.29	-26.36
2369.95	66.58	-40.83
2394.62	67.33	-55.33
2419.55	68.41	-70.08
2444.74	70.43	-83.90
2470.20	74.47	-104.10
2495.92	77.69	-146.02
2521.90	79.10	169.85
2548.16	79.48	124.53
2574.69	78.92	79.02
2601.50	76.81	32.85
2628.58	72.82	1.85
2655.95	70.46	-15.91
2683.60	69.19	-32.29
2711.54	68.73	-48.50
2739.77	69.13	-65.40
2768.30	71.13	-84.54
2797.12	73.28	-124.99
2826.24	73.30	-171.09
2855.67	72.04	144.88
2885.40	69.75	98.58
2915.44	65.24	51.46
2945.80	57.04	-0.70
2976.47	53.07	-50.89
3007.45	52.10	-101.10
3038.77	53.13	-154.31
3070.41	56.96	152.35
3102.37	63.00	83.78
3134.67	68.64	35.90
3167.31	71.44	-12.44
3200.29	72.70	-56.68
3233.61	73.44	-102.47
3267.27	72.02	-142.76
3301.29	71.63	-169.18
3335.66	72.46	167.32
3370.39	75.65	138.43
3405.48	78.18	86.41
3440.94	78.51	34.79
3476.76	78.32	-17.20
3512.96	76.01	-68.97
3549.54	73.82	-110.90
3586.49	69.94	-147.02
3623.83	67.57	-165.30
3661.56	67.11	176.81
3699.69	67.41	155.56
3738.20	69.19	126.40
3777.13	70.43	97.78
3816.45	72.89	57.01
3856.19	74.17	9.60
3896.33	73.57	-44.16
3936.90	72.38	-82.68
3977.89	71.85	-120.94
4019.31	70.99	-159.09
4061.15	70.82	160.91
4103.44	69.88	126.54
4146.16	71.15	92.05
4189.33	71.69	47.45
4232.94	71.91	1.14
4277.01	70.45	-48.22
4321.55	70.11	-86.39
4366.54	69.08	-137.42
4412.00	67.57	-168.79
4457.94	67.61	149.92
4504.35	67.40	109.78
4551.25	66.15	59.79
4598.63	64.03	32.49
4646.51	65.69	4.65
4694.89	66.23	-40.67
4743.77	66.32	-82.89
4793.16	66.92	-115.85
4843.06	70.30	-164.36
4893.49	70.25	135.06
4944.44	69.48	84.41
4995.91	69.68	38.65
5047.93	69.24	-16.43
5100.49	67.87	-61.49
5153.59	68.18	-98.56
5207.25	70.38	-147.01
5261.46	71.72	152.79
5316.24	70.99	96.41
5371.59	71.69	39.05
5427.52	72.62	-25.18
5484.03	72.77	-112.99
5541.12	73.02	148.01
5598.82	72.41	42.02
5657.11	72.00	-66.07
5716.01	72.02	-168.84
5775.52	72.51	96.62
5835.65	72.79	5.77
5896.41	71.48	-60.65
5957.80	73.10	-124.36
6019.83	73.46	128.92
6082.50	71.28	-28.81
6145.83	68.13	163.23
6209.82	67.61	-8.31
6274.47	68.18	175.17
6339.80	68.13	-2.09
6405.81	68.34	-126.12
6472.50	69.76	148.63
6539.89	70.75	66.55
6607.98	70.23	-7.58
6676.78	67.96	-93.66
6746.29	68.07	164.64
6816.53	71.30	48.70
6887.50	72.61	-88.93
6959.21	73.04	153.70
7031.67	75.67	32.66
7104.88	79.05	-81.09
7178.85	78.74	154.60
7253.59	77.81	11.10
7329.11	79.36	-138.90
7405.42	81.55	21.31
7482.52	80.33	161.31
7560.43	79.14	-109.60
7639.14	79.15	-33.31
7718.68	79.24	65.46
7799.04	78.86	-177.37
7880.24	77.65	-30.73
7962.29	77.42	135.88
8045.19	77.15	12.98
8128.95	77.05	-116.45
8213.58	76.20	117.63
8299.10	75.85	-9.36
8385.50	75.09	-130.77
8472.81	76.84	104.97
8561.02	75.64	-4.68
8650.16	76.17	-108.67
8740.22	76.08	156.69
8831.22	77.63	14.30
8923.16	76.93	-156.66
9016.07	75.68	-9.18
9109.94	76.21	109.02
9204.79	76.79	-175.68
9300.62	77.06	-120.52
9397.46	76.04	-24.67
9495.30	77.81	98.52
9594.16	79.21	-116.89
9694.05	79.35	-0.32
9794.98	80.07	103.78
9896.96	80.03	-133.02
