Frequenz   SPL  Phase

20.00	55.58	-24.95
20.21	57.07	-30.33
21.06	58.59	-38.03
21.73	59.57	-47.40
22.41	59.96	-53.75
23.12	60.63	-55.48
23.85	61.87	-58.14
24.60	62.99	-62.69
25.38	64.10	-66.91
26.18	65.27	-72.25
27.01	66.17	-78.26
27.57	67.04	-83.39
28.44	67.84	-88.75
29.04	68.54	-93.69
29.95	69.26	-98.05
30.58	69.99	-102.33
31.22	70.73	-106.64
31.88	71.44	-111.23
32.88	72.11	-115.62
33.57	72.79	-119.95
34.27	73.42	-124.63
34.99	74.01	-129.05
35.72	74.58	-133.54
36.47	75.10	-137.94
37.23	75.60	-142.13
38.01	76.33	-148.10
38.81	76.57	-150.07
39.21	77.04	-154.00
40.03	77.51	-158.02
40.87	77.95	-161.95
41.73	78.38	-165.89
42.16	78.78	-169.79
43.04	79.17	-173.64
43.94	79.54	-177.47
44.40	79.89	178.80
45.33	80.23	175.12
45.80	80.57	171.54
46.76	80.89	167.93
47.25	81.20	164.31
48.24	81.49	160.76
48.74	81.77	157.30
49.76	82.03	153.90
50.28	82.29	150.54
51.33	82.54	147.26
51.86	82.78	143.96
52.40	83.00	140.74
53.50	83.22	137.63
54.06	83.44	134.50
54.62	83.65	131.39
55.76	83.85	128.32
56.35	84.04	125.31
56.93	84.22	122.33
57.52	84.39	119.38
58.73	84.56	116.53
59.34	84.73	113.67
59.96	84.88	110.86
60.58	85.03	108.12
61.21	85.18	105.38
62.49	85.32	102.67
63.15	85.52	98.74
63.80	85.64	96.16
64.47	85.71	94.89
65.14	85.83	92.34
65.82	85.95	89.83
66.50	86.06	87.36
67.19	86.17	84.92
67.89	86.28	82.51
68.60	86.38	80.13
69.31	86.48	77.79
70.04	86.58	75.50
70.77	86.67	73.22
71.50	86.77	70.96
72.25	86.86	68.72
73.00	86.94	66.51
73.76	87.02	64.35
74.53	87.10	62.21
75.30	87.18	60.10
76.09	87.26	58.02
76.88	87.33	55.98
77.68	87.41	53.98
78.49	87.48	52.00
79.31	87.56	50.02
80.13	87.63	48.05
80.97	87.77	44.20
81.81	87.84	42.30
82.66	87.91	40.42
83.52	87.97	38.56
84.39	88.04	36.73
85.27	88.10	34.93
86.16	88.23	31.34
87.05	88.29	29.59
87.96	88.39	27.00
88.88	88.45	25.28
89.80	88.54	22.74
90.74	88.60	21.08
91.68	88.67	19.41
92.64	88.73	17.75
93.60	88.85	14.50
94.57	88.91	12.90
95.56	88.98	11.29
96.55	89.10	8.08
97.56	89.16	6.52
98.57	89.29	3.43
99.60	89.35	1.88
100.64	89.41	0.36
101.69	89.54	-2.62
102.74	89.60	-4.08
103.81	89.75	-7.04
104.90	89.82	-8.53
105.99	89.96	-11.51
107.09	90.04	-13.00
108.21	90.18	-15.97
109.33	90.26	-17.45
110.47	90.41	-20.43
111.62	90.48	-21.91
112.78	90.67	-25.61
113.96	90.83	-28.62
115.14	90.91	-30.13
116.34	91.02	-32.40
117.55	91.18	-35.43
118.78	91.26	-36.95
120.01	91.42	-40.03
121.26	91.58	-43.11
122.53	91.66	-44.67
123.80	91.81	-47.81
125.09	91.97	-51.01
126.39	92.12	-54.23
127.71	92.19	-55.85
129.04	92.34	-59.08
130.38	92.48	-62.31
131.74	92.62	-65.54
133.11	92.77	-68.78
134.50	92.93	-72.08
135.90	93.08	-75.45
137.31	93.16	-77.16
138.74	93.36	-81.58
140.19	93.51	-85.23
141.65	93.65	-88.99
143.12	93.75	-91.91
144.61	93.87	-95.80
146.12	93.97	-99.82
147.64	94.09	-105.93
149.18	94.15	-110.06
150.73	94.19	-114.25
152.30	94.21	-118.49
153.88	94.20	-122.76
155.49	94.17	-127.02
157.10	94.11	-131.24
158.74	93.97	-137.49
160.39	93.85	-141.55
162.06	93.71	-145.49
163.75	93.42	-152.07
165.45	93.23	-155.67
167.18	93.04	-159.13
168.92	92.80	-163.25
170.68	92.59	-166.47
172.45	92.39	-169.56
174.25	92.07	-173.99
176.06	91.85	-176.80
177.90	91.54	179.19
179.75	91.33	176.66
181.62	91.02	173.04
183.51	90.74	169.61
185.42	90.57	167.37
187.35	90.28	163.54
189.30	90.12	161.38
191.27	89.89	158.14
193.27	89.70	155.44
195.28	89.47	152.21
197.31	89.32	150.09
199.36	89.08	146.95
201.44	88.84	143.92
203.54	88.58	141.05
205.66	88.34	138.36
207.80	88.12	135.79
209.96	87.90	133.26
212.15	87.70	130.79
214.36	87.48	127.99
216.59	87.30	125.59
218.84	87.14	123.62
221.12	86.97	121.35
223.42	86.79	119.16
225.75	86.64	117.03
228.10	86.49	114.92
230.48	86.32	112.15
232.88	86.20	110.10
235.30	86.08	108.06
237.75	85.92	105.04
240.22	85.82	103.06
242.73	85.72	101.11
245.25	85.62	98.91
247.81	85.55	97.07
250.39	85.46	94.68
252.99	85.41	92.90
255.63	85.36	90.56
258.29	85.33	88.26
260.98	85.32	86.54
263.70	85.34	83.94
266.44	85.37	81.61
269.21	85.41	79.30
272.02	85.45	77.85
274.85	85.53	75.56
277.71	85.64	73.27
280.60	85.77	70.95
283.52	85.92	68.64
286.48	86.11	66.31
289.46	86.36	63.65
292.47	86.62	61.21
295.52	86.91	58.71
298.59	87.30	55.80
301.70	87.70	53.12
304.84	88.15	50.29
308.02	88.80	46.48
311.23	89.41	43.14
314.47	90.21	38.86
317.74	91.26	33.26
321.05	92.23	27.74
324.39	93.49	19.50
327.77	94.94	7.24
331.18	95.98	-5.73
334.63	96.79	-25.37
338.11	96.78	-49.02
341.63	96.25	-66.04
345.19	94.96	-85.57
348.78	93.35	-99.75
352.42	91.39	-112.03
356.08	89.50	-120.80
359.79	87.79	-127.30
363.54	86.14	-132.82
367.32	84.53	-137.98
371.15	83.31	-141.71
375.01	82.31	-144.78
378.92	81.26	-148.00
382.86	80.07	-151.54
386.85	79.15	-154.24
390.87	78.03	-157.53
394.94	77.22	-159.96
399.06	76.38	-162.47
403.21	75.51	-165.21
407.41	74.82	-167.48
411.65	74.02	-170.18
415.94	73.18	-173.01
420.27	72.44	-175.63
424.64	71.78	-177.98
429.06	71.07	179.50
433.53	70.37	177.04
438.04	69.64	174.40
442.61	68.98	172.00
447.21	68.22	169.25
451.87	67.63	167.14
456.57	67.00	164.83
461.33	66.25	162.13
466.13	65.56	159.70
470.98	64.82	157.12
475.89	64.13	154.73
480.84	63.35	152.15
485.85	62.68	150.04
490.91	61.82	147.40
496.02	60.96	144.93
501.18	60.07	142.51
506.40	59.15	140.29
511.67	57.90	137.62
517.00	56.55	135.46
522.38	55.08	133.52
527.82	53.00	132.22
533.32	50.34	133.84
538.87	46.49	151.25
544.48	44.98	173.88
550.15	44.49	-159.17
555.88	45.39	-133.96
561.66	47.47	-108.31
567.51	51.51	-89.07
573.42	55.46	-86.14
579.39	58.20	-86.91
585.42	60.79	-89.18
591.52	63.57	-92.59
597.68	65.88	-95.97
603.90	68.56	-100.42
610.19	71.04	-105.02
616.54	74.82	-114.01
622.96	78.83	-133.58
629.45	81.27	-159.25
636.00	82.54	171.27
642.62	82.74	138.93
649.31	81.70	106.28
656.07	79.49	84.01
662.90	76.70	71.37
669.80	74.66	64.49
676.78	73.35	59.75
683.82	72.30	55.40
690.94	71.46	51.44
698.14	70.76	47.46
705.41	70.21	43.58
712.75	69.77	39.73
720.17	69.41	35.97
727.67	69.11	31.76
735.25	68.89	28.10
742.90	68.71	24.15
750.64	68.56	20.10
758.45	68.49	16.18
766.35	68.49	12.52
774.33	68.52	8.54
782.39	68.61	4.47
790.53	68.76	0.42
798.76	68.96	-4.14
807.08	69.18	-8.30
815.48	69.46	-12.38
823.97	69.83	-16.84
832.55	70.26	-21.36
841.22	70.78	-25.95
849.98	71.37	-30.56
858.83	72.05	-35.25
867.77	72.85	-40.05
876.81	73.76	-44.96
885.93	74.93	-50.46
895.16	76.26	-55.84
904.48	78.02	-62.22
913.90	80.40	-70.27
923.41	83.65	-84.33
933.02	86.47	-111.45
942.74	87.73	-143.67
952.55	87.99	-178.20
962.47	87.06	149.23
972.49	84.94	119.45
982.62	81.54	98.81
992.85	78.93	89.08
1003.19	77.04	81.64
1013.63	75.56	74.81
1024.18	74.46	68.72
1034.85	73.47	62.13
1045.62	72.68	55.64
1056.51	72.08	49.56
1067.51	71.53	42.48
1078.62	71.12	35.67
1089.85	70.79	28.44
1101.20	70.52	20.96
1112.66	70.27	13.32
1124.25	70.03	5.85
1135.95	69.83	-1.41
1147.78	69.75	-8.24
1159.73	69.79	-14.94
1171.81	70.01	-22.08
1184.01	70.39	-29.38
1196.33	70.94	-36.81
1208.79	71.72	-44.37
1221.37	73.14	-53.33
1234.09	75.29	-66.97
1246.94	76.88	-92.16
1259.92	77.26	-119.31
1273.04	76.76	-147.45
1286.29	75.53	-172.63
1299.69	73.22	163.73
1313.22	70.41	151.02
1326.89	68.64	144.96
1340.70	67.59	138.88
1354.66	67.03	131.85
1368.77	66.65	122.70
1383.02	66.25	112.96
1397.42	65.74	102.23
1411.97	65.29	92.46
1426.67	64.84	82.68
1441.52	64.50	73.75
1456.53	64.31	65.15
1471.69	64.31	56.66
1487.02	64.50	48.25
1502.50	65.00	39.53
1518.14	66.04	30.02
1533.95	67.79	18.94
1549.92	70.44	-6.75
1566.06	71.22	-42.17
1582.36	70.64	-78.04
1598.84	68.59	-115.16
1615.48	65.00	-149.89
1632.30	59.21	-177.24
1649.30	52.29	179.75
1666.47	47.66	-163.53
1683.82	45.09	-142.91
1701.35	44.38	-121.60
1719.06	45.18	-101.42
1736.96	47.75	-83.93
1755.05	51.71	-80.79
1773.32	54.88	-87.58
1791.78	57.68	-95.96
1810.44	60.58	-105.47
1829.29	63.87	-116.16
1848.33	68.28	-131.69
1867.58	72.51	-164.88
1887.02	74.88	157.06
1906.67	75.95	116.66
1926.52	75.90	77.32
1946.58	74.49	38.20
1966.84	71.42	9.65
1987.32	69.17	-4.27
2008.01	67.92	-15.36
2028.92	67.34	-25.98
2050.04	67.16	-36.50
2071.39	67.37	-46.78
2092.95	68.08	-56.17
2114.74	69.71	-65.34
2136.76	71.89	-78.02
2159.01	75.63	-95.18
2181.49	79.17	-132.95
2204.20	80.71	-176.21
2227.15	80.90	138.48
2250.34	79.65	96.51
2273.76	77.55	59.81
2297.44	73.92	31.09
2321.36	71.71	17.20
2345.53	70.52	3.91
2369.95	70.04	-9.83
2394.62	70.19	-24.81
2419.55	70.38	-40.81
2444.74	71.48	-54.93
2470.20	74.59	-75.47
2495.92	76.70	-116.24
2521.90	77.13	-158.56
2548.16	76.50	158.12
2574.69	74.80	115.54
2601.50	71.55	74.43
2628.58	66.74	51.48
2655.95	64.19	39.63
2683.60	62.52	25.77
2711.54	61.28	11.69
2739.77	60.43	-2.88
2768.30	60.15	-17.22
2797.12	59.90	-37.46
2826.24	59.25	-55.62
2855.67	58.74	-74.56
2885.40	57.99	-88.72
2915.44	58.03	-102.19
2945.80	58.12	-115.31
2976.47	58.95	-126.41
3007.45	60.31	-137.86
3038.77	63.10	-149.30
3070.41	67.15	-168.74
3102.37	71.11	153.05
3134.67	73.55	110.06
3167.31	74.91	65.01
3200.29	75.46	17.58
3233.61	74.16	-25.85
3267.27	72.04	-58.98
3301.29	71.47	-78.82
3335.66	72.36	-99.82
3370.39	75.10	-125.28
3405.48	78.31	-168.41
3440.94	79.60	138.17
3476.76	79.56	85.36
3512.96	78.31	34.46
3549.54	76.25	-15.18
3586.49	72.38	-54.66
3623.83	70.14	-76.89
3661.56	70.46	-109.43
3699.69	69.75	-175.83
3738.20	69.43	101.23
3777.13	70.47	18.88
3816.45	72.73	-78.94
3856.19	73.80	-178.37
3896.33	74.79	88.82
3936.90	75.00	10.08
3977.89	73.38	-88.91
4019.31	70.86	163.82
4061.15	69.49	68.32
4103.44	67.11	-25.07
4146.16	65.88	-103.48
4189.33	67.50	-164.15
4232.94	68.97	152.75
4277.01	69.89	105.69
4321.55	70.70	65.17
4366.54	71.54	15.71
4412.00	70.85	-34.46
4457.94	70.42	-76.37
4504.35	70.10	-117.45
4551.25	70.25	-158.74
4598.63	70.70	155.55
4646.51	70.87	106.20
4694.89	70.82	51.84
4743.77	69.28	-35.16
4793.16	67.75	-141.53
4843.06	66.50	114.69
4893.49	65.64	16.12
4944.44	65.93	-77.66
4995.91	68.36	-167.68
5047.93	70.37	127.59
5100.49	70.26	67.17
5153.59	69.73	12.06
5207.25	69.83	-48.71
5261.46	70.47	-150.53
5316.24	68.66	99.41
5371.59	68.67	5.71
5427.52	70.44	-98.43
5484.03	71.68	154.02
5541.12	73.29	62.16
5598.82	73.05	-3.79
5657.11	74.66	-61.63
5716.01	75.64	-134.83
5775.52	75.69	155.04
5835.65	73.85	60.51
5896.41	71.45	-51.47
5957.80	72.06	-177.11
6019.83	70.82	25.57
6082.50	70.66	-147.32
6145.83	69.92	44.89
6209.82	70.62	-89.83
6274.47	72.48	146.09
6339.80	72.52	19.16
6405.81	70.20	-97.55
6472.50	68.67	145.63
6539.89	69.33	-7.65
6607.98	69.17	159.43
6676.78	65.03	-44.06
6746.29	65.37	111.11
6816.53	69.34	-79.27
6887.50	72.51	83.98
6959.21	72.04	-56.08
7031.67	74.19	-176.81
7104.88	78.78	82.57
7178.85	79.08	-35.23
7253.59	77.76	169.91
7329.11	77.63	-53.73
7405.42	78.51	-7.18
7482.52	76.74	5.09
7560.43	76.22	-4.66
7639.14	77.73	7.64
7718.68	76.34	38.92
7799.04	76.79	130.04
7880.24	76.94	-113.94
7962.29	78.31	17.97
8045.19	77.31	168.46
8128.95	77.78	-37.44
8213.58	77.48	159.62
8299.10	75.69	12.23
8385.50	74.82	-157.34
8472.81	74.86	24.09
8561.02	73.53	-154.97
8650.16	74.44	29.17
8740.22	76.55	-157.28
8831.22	78.62	40.57
8923.16	77.84	-98.05
9016.07	78.69	153.64
9109.94	80.11	14.47
9204.79	79.76	-150.84
9300.62	79.01	33.65
9397.46	77.42	-150.75
9495.30	78.43	2.75
9594.16	77.72	149.41
9694.05	78.13	-74.16
9794.98	79.96	54.49
9896.96	81.39	-175.66
