Frequenz   SPL   Phase

20.00	57.25	-30.95
20.21	58.15	-40.09
21.06	58.89	-47.41
21.73	59.62	-52.03
22.41	60.61	-54.95
23.12	61.92	-59.85
23.85	62.93	-66.68
24.60	63.64	-71.84
25.38	64.53	-75.26
26.18	65.56	-80.16
27.01	66.47	-85.44
27.57	67.25	-90.67
28.44	68.03	-95.59
29.04	68.73	-101.08
29.95	69.21	-105.29
30.58	69.94	-108.29
31.22	70.69	-113.15
31.88	71.25	-117.38
32.88	71.88	-121.02
33.57	72.52	-125.17
34.27	73.11	-129.00
34.99	73.74	-133.05
35.72	74.31	-137.46
36.47	74.79	-141.55
37.23	75.29	-145.27
38.01	76.04	-151.13
38.81	76.27	-153.01
39.21	76.72	-156.84
40.03	77.17	-160.55
40.87	77.62	-164.30
41.73	78.03	-168.08
42.16	78.43	-171.81
43.04	78.81	-175.56
43.94	79.15	-179.21
44.40	79.49	177.33
45.33	79.82	173.86
45.80	80.13	170.50
46.76	80.45	167.33
47.25	80.79	164.00
48.24	81.08	160.59
48.74	81.37	157.34
49.76	81.65	153.96
50.28	81.89	150.72
51.33	82.14	147.72
51.86	82.38	144.62
52.40	82.62	141.60
53.50	82.86	138.55
54.06	83.08	135.52
54.62	83.29	132.56
55.76	83.48	129.62
56.35	83.67	126.79
56.93	83.86	123.97
57.52	84.05	121.19
58.73	84.22	118.45
59.34	84.40	115.72
59.96	84.56	113.01
60.58	84.72	110.32
61.21	84.86	107.72
62.49	85.01	105.16
63.15	85.22	101.43
63.80	85.36	98.95
64.47	85.42	97.73
65.14	85.56	95.30
65.82	85.69	92.88
66.50	85.81	90.50
67.19	85.93	88.14
67.89	86.04	85.81
68.60	86.16	83.52
69.31	86.26	81.24
70.04	86.37	79.01
70.77	86.47	76.80
71.50	86.56	74.63
72.25	86.66	72.51
73.00	86.75	70.41
73.76	86.85	68.34
74.53	86.94	66.28
75.30	87.03	64.24
76.09	87.12	62.22
76.88	87.20	60.20
77.68	87.28	58.23
78.49	87.36	56.26
79.31	87.44	54.34
80.13	87.51	52.45
80.97	87.67	48.76
81.81	87.74	46.91
82.66	87.81	45.11
83.52	87.89	43.30
84.39	87.96	41.50
85.27	88.03	39.73
86.16	88.16	36.29
87.05	88.22	34.61
87.96	88.32	32.14
88.88	88.39	30.52
89.80	88.50	28.12
90.74	88.57	26.53
91.68	88.64	24.94
92.64	88.71	23.35
93.60	88.86	20.20
94.57	88.93	18.64
95.56	89.00	17.08
96.55	89.14	13.99
97.56	89.22	12.46
98.57	89.36	9.42
99.60	89.44	7.91
100.64	89.51	6.40
101.69	89.65	3.44
102.74	89.72	1.94
103.81	89.87	-0.99
104.90	89.94	-2.45
105.99	90.09	-5.36
107.09	90.17	-6.82
108.21	90.33	-9.72
109.33	90.40	-11.17
110.47	90.56	-14.08
111.62	90.64	-15.54
112.78	90.84	-19.20
113.96	91.00	-22.15
115.14	91.08	-23.63
116.34	91.20	-25.84
117.55	91.36	-28.77
118.78	91.44	-30.25
120.01	91.60	-33.22
121.26	91.77	-36.19
122.53	91.85	-37.69
123.80	92.02	-40.73
125.09	92.19	-43.81
126.39	92.35	-46.92
127.71	92.43	-48.48
129.04	92.59	-51.62
130.38	92.76	-54.77
131.74	92.92	-57.98
133.11	93.09	-61.22
134.50	93.25	-64.54
135.90	93.42	-67.94
137.31	93.50	-69.67
138.74	93.70	-74.13
140.19	93.84	-77.78
141.65	93.98	-81.52
143.12	94.07	-84.40
144.61	94.19	-88.28
146.12	94.28	-92.22
147.64	94.40	-98.24
149.18	94.44	-102.30
150.73	94.47	-106.39
152.30	94.48	-110.50
153.88	94.46	-114.62
155.49	94.42	-118.71
157.10	94.35	-122.72
158.74	94.21	-128.63
160.39	94.09	-132.46
162.06	93.95	-136.17
163.75	93.67	-142.30
165.45	93.51	-145.63
167.18	93.34	-148.86
168.92	93.12	-152.70
170.68	92.94	-155.68
172.45	92.76	-158.57
174.25	92.50	-162.75
176.06	92.32	-165.43
177.90	92.05	-169.29
179.75	91.88	-171.75
181.62	91.63	-175.31
183.51	91.39	-178.75
185.42	91.24	179.00
187.35	90.99	175.16
189.30	90.85	172.96
191.27	90.64	169.68
193.27	90.46	167.00
195.28	90.24	163.80
197.31	90.10	161.71
199.36	89.87	158.64
201.44	89.63	155.74
203.54	89.39	152.98
205.66	89.16	150.42
207.80	88.96	147.99
209.96	88.77	145.58
212.15	88.58	143.24
214.36	88.38	140.56
216.59	88.22	138.29
218.84	88.09	136.44
221.12	87.93	134.30
223.42	87.78	132.25
225.75	87.65	130.26
228.10	87.53	128.28
230.48	87.39	125.64
232.88	87.29	123.68
235.30	87.20	121.76
237.75	87.07	118.89
240.22	86.99	117.03
242.73	86.92	115.21
245.25	86.85	113.17
247.81	86.80	111.44
250.39	86.75	109.20
252.99	86.72	107.54
255.63	86.71	105.36
258.29	86.71	103.21
260.98	86.73	101.60
263.70	86.78	99.17
266.44	86.84	97.02
269.21	86.92	94.89
272.02	86.98	93.56
274.85	87.10	91.44
277.71	87.24	89.35
280.60	87.41	87.24
283.52	87.60	85.10
286.48	87.82	82.94
289.46	88.12	80.48
292.47	88.42	78.21
295.52	88.75	75.88
298.59	89.18	73.18
301.70	89.61	70.65
304.84	90.10	67.96
308.02	90.78	64.37
311.23	91.41	61.24
314.47	92.23	57.21
317.74	93.27	51.99
321.05	94.23	46.93
324.39	95.46	39.53
327.77	96.91	28.67
331.18	98.03	17.07
334.63	99.03	-0.86
338.11	99.34	-23.24
341.63	99.07	-39.74
345.19	98.12	-59.18
348.78	96.76	-73.86
352.42	95.02	-86.98
356.08	93.26	-96.60
359.79	91.63	-103.63
363.54	90.07	-109.46
367.32	88.56	-114.81
371.15	87.42	-118.59
375.01	86.50	-121.65
378.92	85.54	-124.76
382.86	84.48	-128.21
386.85	83.66	-130.78
390.87	82.69	-133.90
394.94	82.00	-136.16
399.06	81.30	-138.51
403.21	80.59	-141.02
407.41	80.04	-143.08
411.65	79.42	-145.57
415.94	78.78	-148.15
420.27	78.24	-150.52
424.64	77.77	-152.68
429.06	77.28	-155.03
433.53	76.82	-157.32
438.04	76.35	-159.75
442.61	75.93	-161.98
447.21	75.48	-164.53
451.87	75.14	-166.47
456.57	74.80	-168.54
461.33	74.43	-170.97
466.13	74.12	-173.19
470.98	73.81	-175.58
475.89	73.56	-177.86
480.84	73.30	179.69
485.85	73.09	177.62
490.91	72.86	175.03
496.02	72.68	172.55
501.18	72.49	170.11
506.40	72.36	167.94
511.67	72.23	165.25
517.00	72.13	162.66
522.38	72.06	160.28
527.82	72.03	157.75
533.32	72.03	155.34
538.87	72.07	152.33
544.48	72.12	149.87
550.15	72.23	147.05
555.88	72.36	144.42
561.66	72.55	141.65
567.51	72.83	138.76
573.42	73.17	136.05
579.39	73.58	133.49
585.42	74.13	130.67
591.52	74.95	127.04
597.68	75.82	123.72
603.90	77.07	119.51
610.19	78.46	115.16
616.54	80.95	106.64
622.96	83.85	88.23
629.45	85.45	63.33
636.00	85.87	34.38
642.62	85.17	2.49
649.31	83.23	-29.68
656.07	80.32	-51.90
662.90	76.67	-64.95
669.80	73.69	-71.78
676.78	71.55	-76.33
683.82	69.63	-80.40
690.94	67.94	-84.08
698.14	66.32	-87.66
705.41	64.85	-91.04
712.75	63.48	-94.27
720.17	62.20	-97.43
727.67	60.84	-100.92
735.25	59.70	-103.89
742.90	58.46	-107.11
750.64	57.13	-110.47
758.45	55.77	-113.72
766.35	54.48	-116.38
774.33	52.97	-119.12
782.39	51.29	-121.77
790.53	49.28	-123.40
798.76	46.44	-122.77
807.08	43.30	-113.90
815.48	41.08	-93.98
823.97	40.07	-69.67
832.55	40.39	-44.57
841.22	42.13	-21.47
849.98	45.19	-2.40
858.83	48.96	4.82
867.77	52.13	4.17
876.81	54.84	1.41
885.93	57.53	-2.50
895.16	60.03	-6.78
904.48	62.92	-12.25
913.90	66.37	-20.08
923.41	70.52	-36.33
933.02	73.68	-64.44
942.74	75.26	-96.08
952.55	75.88	-129.82
962.47	75.23	-161.26
972.49	73.27	171.05
982.62	70.38	154.49
992.85	68.43	146.35
1003.19	67.07	139.87
1013.63	66.09	133.88
1024.18	65.41	128.51
1034.85	64.86	122.66
1045.62	64.48	116.87
1056.51	64.24	111.41
1067.51	64.10	105.00
1078.62	64.04	98.77
1089.85	64.06	92.12
1101.20	64.12	85.22
1112.66	64.20	78.16
1124.25	64.27	71.15
1135.95	64.36	64.46
1147.78	64.57	58.21
1159.73	64.89	52.19
1171.81	65.40	45.81
1184.01	66.07	39.32
1196.33	66.92	32.75
1208.79	68.00	25.96
1221.37	69.77	17.80
1234.09	72.20	4.85
1246.94	74.09	-19.48
1259.92	74.80	-45.83
1273.04	74.64	-73.15
1286.29	73.73	-97.50
1299.69	71.79	-120.22
1313.22	69.36	-132.20
1326.89	67.95	-137.54
1340.70	67.29	-142.83
1354.66	67.11	-149.06
1368.77	67.13	-157.37
1383.02	67.13	-166.24
1397.42	67.09	-176.05
1411.97	67.09	175.06
1426.67	67.17	166.19
1441.52	67.35	158.16
1456.53	67.72	150.41
1471.69	68.32	142.76
1487.02	69.14	135.20
1502.50	70.34	127.34
1518.14	72.12	118.84
1533.95	74.60	108.97
1549.92	78.32	85.84
1566.06	80.39	51.31
1582.36	81.20	15.90
1598.84	80.83	-21.13
1615.48	79.31	-56.38
1632.30	76.26	-86.98
1649.30	72.99	-100.84
1666.47	70.95	-109.45
1683.82	69.52	-117.10
1701.35	68.65	-124.27
1719.06	68.18	-131.38
1736.96	68.04	-138.99
1755.05	68.18	-146.57
1773.32	68.61	-154.67
1791.78	69.40	-162.82
1810.44	70.65	-171.80
1829.29	72.53	178.41
1848.33	75.60	165.06
1867.58	79.17	135.12
1887.02	80.92	97.67
1906.67	81.35	57.62
1926.52	80.72	18.56
1946.58	78.83	-20.57
1966.84	75.26	-51.35
1987.32	72.16	-65.18
2008.01	70.22	-76.62
2028.92	69.04	-86.99
2050.04	68.28	-97.76
2071.39	67.90	-108.49
2092.95	67.88	-119.73
2114.74	68.24	-129.30
2136.76	69.57	-138.66
2159.01	72.73	-153.65
2181.49	75.46	170.64
2204.20	76.36	130.68
2227.15	76.26	89.29
2250.34	75.20	46.33
2273.76	72.20	2.06
2297.44	66.63	-24.60
2321.36	63.15	-34.16
2345.53	60.79	-42.15
2369.95	59.18	-49.67
2394.62	58.26	-55.67
2419.55	58.59	-61.92
2444.74	59.73	-75.25
2470.20	61.92	-98.61
2495.92	61.89	-141.83
2521.90	59.00	159.34
2548.16	57.13	85.49
2574.69	55.83	10.22
2601.50	54.19	-66.11
2628.58	52.17	-127.03
2655.95	52.81	-174.46
2683.60	55.09	164.98
2711.54	56.84	150.62
2739.77	59.04	138.41
2768.30	62.81	125.43
2797.12	66.96	93.14
2826.24	69.81	52.05
2855.67	71.00	9.14
2885.40	71.24	-33.62
2915.44	70.23	-75.52
2945.80	67.37	-105.72
2976.47	66.03	-120.12
3007.45	66.14	-132.65
3038.77	67.60	-147.38
3070.41	70.59	-164.81
3102.37	74.12	157.69
3134.67	75.94	114.51
3167.31	76.75	69.77
3200.29	76.60	25.53
3233.61	75.75	-18.01
3267.27	72.96	-54.83
3301.29	71.37	-73.11
3335.66	71.76	-89.99
3370.39	74.22	-112.64
3405.48	76.50	-151.77
3440.94	77.66	165.08
3476.76	78.30	121.11
3512.96	78.19	76.02
3549.54	77.52	28.36
3586.49	75.07	-10.44
3623.83	74.06	-35.86
3661.56	75.72	-69.41
3699.69	75.65	-122.20
3738.20	72.05	-166.32
3777.13	70.81	174.96
3816.45	71.93	141.55
3856.19	71.51	101.51
3896.33	71.05	71.50
3936.90	72.73	35.86
3977.89	73.63	-26.57
4019.31	70.84	-73.25
4061.15	68.97	-116.82
4103.44	66.37	-159.42
4146.16	63.21	157.38
4189.33	61.15	97.17
4232.94	63.10	20.49
4277.01	63.42	-78.57
4321.55	64.00	-167.52
4366.54	65.17	100.39
4412.00	66.41	18.57
4457.94	66.75	-37.18
4504.35	64.85	-95.61
4551.25	65.17	178.29
4598.63	66.20	76.93
4646.51	66.95	-23.95
4694.89	68.53	-128.81
4743.77	69.30	129.53
4793.16	71.65	45.65
4843.06	70.93	-23.95
4893.49	68.19	-69.92
4944.44	67.27	-106.25
4995.91	67.83	-142.48
5047.93	68.67	168.39
5100.49	67.93	125.96
5153.59	69.74	91.45
5207.25	72.23	40.71
5261.46	74.19	-18.12
5316.24	73.98	-77.55
5371.59	74.62	-131.61
5427.52	75.90	171.02
5484.03	75.87	102.24
5541.12	75.28	37.16
5598.82	72.79	-18.04
5657.11	73.30	-72.68
5716.01	72.08	-152.34
5775.52	68.52	117.78
5835.65	67.86	0.69
5896.41	66.81	-115.57
5957.80	66.33	103.34
6019.83	64.97	-53.27
6082.50	68.01	148.86
6145.83	67.42	24.16
6209.82	67.67	-84.44
6274.47	69.19	162.85
6339.80	70.50	71.74
6405.81	68.39	1.36
6472.50	68.76	-56.23
6539.89	71.54	-141.59
6607.98	70.19	90.65
6676.78	66.58	-68.18
6746.29	66.65	79.62
6816.53	70.50	-160.66
6887.50	71.33	-55.43
6959.21	70.85	72.66
7031.67	74.15	-170.18
7104.88	79.53	-1.15
7178.85	79.98	-174.72
7253.59	78.54	14.59
7329.11	79.16	148.44
7405.42	80.32	-90.00
7482.52	79.73	24.60
7560.43	79.50	116.69
7639.14	80.48	-167.76
7718.68	78.79	-89.79
7799.04	78.16	34.84
7880.24	78.86	157.02
7962.29	77.79	-58.52
8045.19	76.58	105.50
8128.95	74.00	-80.89
8213.58	73.98	78.19
8299.10	72.48	-135.25
8385.50	69.66	-4.86
8472.81	69.77	94.29
8561.02	69.83	-153.25
8650.16	72.37	-12.86
8740.22	74.25	165.75
8831.22	75.97	-4.82
8923.16	77.59	173.09
9016.07	77.37	0.64
9109.94	76.57	166.57
9204.79	75.50	-22.23
9300.62	74.74	135.87
9397.46	73.89	-64.62
9495.30	74.86	80.85
9594.16	76.60	-172.27
9694.05	78.87	-70.87
9794.98	80.42	-3.99
9896.96	81.83	66.42
