Frequenz   SPL   Phase

20.00	52.88	-23.45
20.21	53.07	-23.41
21.06	54.84	-18.38
21.73	57.19	-22.41
22.41	58.52	-30.79
23.12	59.60	-35.82
23.85	60.68	-41.24
24.60	61.59	-45.87
25.38	62.59	-49.19
26.18	63.81	-53.66
27.01	64.79	-59.80
27.57	65.43	-64.42
28.44	66.30	-66.80
29.04	67.44	-70.88
29.95	68.36	-76.04
30.58	69.18	-80.54
31.22	70.09	-84.58
31.88	71.03	-90.29
32.88	71.64	-96.39
33.57	72.12	-100.52
34.27	72.80	-103.87
34.99	73.56	-107.85
35.72	74.28	-112.77
36.47	74.84	-117.52
37.23	75.38	-121.58
38.01	76.26	-127.69
38.81	76.52	-129.80
39.21	77.10	-133.81
40.03	77.66	-138.26
40.87	78.15	-142.61
41.73	78.64	-146.89
42.16	79.08	-151.35
43.04	79.47	-155.37
43.94	79.88	-159.36
44.40	80.28	-163.34
45.33	80.65	-167.25
45.80	81.02	-171.10
46.76	81.38	-174.90
47.25	81.73	-178.77
48.24	82.05	177.37
48.74	82.35	173.57
49.76	82.63	169.86
50.28	82.90	166.28
51.33	83.17	162.76
51.86	83.43	159.23
52.40	83.68	155.66
53.50	83.89	152.16
54.06	84.10	148.83
54.62	84.31	145.52
55.76	84.50	142.30
56.35	84.69	139.13
56.93	84.87	135.95
57.52	85.04	132.88
58.73	85.21	129.89
59.34	85.37	126.93
59.96	85.53	123.93
60.58	85.67	121.02
61.21	85.82	118.18
62.49	85.95	115.34
63.15	86.13	111.25
63.80	86.26	108.56
64.47	86.32	107.24
65.14	86.43	104.56
65.82	86.53	101.97
66.50	86.63	99.45
67.19	86.74	96.95
67.89	86.83	94.48
68.60	86.92	92.07
69.31	87.01	89.72
70.04	87.10	87.40
70.77	87.19	85.11
71.50	87.27	82.83
72.25	87.35	80.59
73.00	87.43	78.39
73.76	87.50	76.22
74.53	87.58	74.08
75.30	87.65	71.97
76.09	87.72	69.90
76.88	87.78	67.87
77.68	87.85	65.88
78.49	87.92	63.91
79.31	87.99	61.94
80.13	88.05	59.97
80.97	88.17	56.19
81.81	88.23	54.34
82.66	88.29	52.50
83.52	88.34	50.71
84.39	88.40	48.95
85.27	88.46	47.20
86.16	88.58	43.77
87.05	88.64	42.08
87.96	88.73	39.58
88.88	88.78	37.94
89.80	88.87	35.52
90.74	88.93	33.91
91.68	88.99	32.31
92.64	89.05	30.73
93.60	89.17	27.61
94.57	89.23	26.08
95.56	89.30	24.55
96.55	89.42	21.51
97.56	89.48	20.01
98.57	89.60	17.11
99.60	89.66	15.67
100.64	89.73	14.23
101.69	89.86	11.38
102.74	89.93	9.98
103.81	90.08	7.14
104.90	90.16	5.69
105.99	90.31	2.80
107.09	90.38	1.36
108.21	90.52	-1.53
109.33	90.59	-2.97
110.47	90.73	-5.82
111.62	90.81	-7.23
112.78	90.99	-10.79
113.96	91.13	-13.62
115.14	91.20	-15.04
116.34	91.31	-17.14
117.55	91.46	-19.93
118.78	91.53	-21.33
120.01	91.69	-24.09
121.26	91.85	-26.90
122.53	91.93	-28.31
123.80	92.10	-31.18
125.09	92.27	-34.08
126.39	92.44	-37.03
127.71	92.52	-38.52
129.04	92.69	-41.52
130.38	92.87	-44.58
131.74	93.04	-47.68
133.11	93.21	-50.85
134.50	93.38	-54.11
135.90	93.54	-57.43
137.31	93.62	-59.11
138.74	93.81	-63.40
140.19	93.96	-66.91
141.65	94.09	-70.49
143.12	94.19	-73.22
144.61	94.31	-76.90
146.12	94.41	-80.66
147.64	94.54	-86.42
149.18	94.61	-90.33
150.73	94.66	-94.28
152.30	94.69	-98.27
153.88	94.69	-102.28
155.49	94.67	-106.27
157.10	94.62	-110.24
158.74	94.51	-116.07
160.39	94.40	-119.83
162.06	94.29	-123.49
163.75	94.04	-129.61
165.45	93.89	-132.94
167.18	93.74	-136.18
168.92	93.53	-140.07
170.68	93.37	-143.11
172.45	93.19	-146.05
174.25	92.93	-150.29
176.06	92.75	-153.02
177.90	92.47	-156.91
179.75	92.28	-159.36
181.62	92.02	-162.83
183.51	91.77	-166.19
185.42	91.61	-168.32
187.35	91.35	-171.96
189.30	91.22	-174.06
191.27	91.01	-177.22
193.27	90.83	-179.79
195.28	90.62	177.16
197.31	90.48	175.13
199.36	90.25	172.18
201.44	90.01	169.39
203.54	89.78	166.78
205.66	89.55	164.36
207.80	89.35	162.04
209.96	89.16	159.78
212.15	88.98	157.57
214.36	88.79	155.03
216.59	88.63	152.85
218.84	88.50	151.11
221.12	88.34	149.11
223.42	88.19	147.19
225.75	88.06	145.34
228.10	87.94	143.52
230.48	87.81	141.12
232.88	87.72	139.33
235.30	87.63	137.56
237.75	87.51	134.92
240.22	87.44	133.21
242.73	87.38	131.53
245.25	87.31	129.63
247.81	87.26	128.06
250.39	87.21	126.03
252.99	87.19	124.55
255.63	87.18	122.59
258.29	87.19	120.68
260.98	87.22	119.24
263.70	87.28	117.07
266.44	87.36	115.12
269.21	87.45	113.19
272.02	87.51	111.99
274.85	87.64	110.08
277.71	87.79	108.17
280.60	87.96	106.23
283.52	88.15	104.31
286.48	88.38	102.38
289.46	88.68	100.16
292.47	88.97	98.10
295.52	89.30	96.01
298.59	89.72	93.58
301.70	90.14	91.31
304.84	90.60	88.93
308.02	91.25	85.76
311.23	91.85	83.00
314.47	92.62	79.50
317.74	93.60	75.04
321.05	94.49	70.81
324.39	95.65	64.73
327.77	97.07	55.98
331.18	98.25	46.56
334.63	99.53	31.17
338.11	100.32	10.34
341.63	100.41	-5.78
345.19	99.89	-25.64
348.78	98.85	-41.61
352.42	97.31	-56.70
356.08	95.60	-68.09
359.79	93.93	-76.27
363.54	92.31	-82.75
367.32	90.75	-88.46
371.15	89.59	-92.35
375.01	88.65	-95.39
378.92	87.68	-98.47
382.86	86.62	-101.81
386.85	85.80	-104.25
390.87	84.85	-107.14
394.94	84.17	-109.21
399.06	83.50	-111.36
403.21	82.81	-113.63
407.41	82.30	-115.49
411.65	81.71	-117.74
415.94	81.12	-120.08
420.27	80.61	-122.22
424.64	80.18	-124.15
429.06	79.73	-126.23
433.53	79.30	-128.25
438.04	78.88	-130.39
442.61	78.51	-132.33
447.21	78.12	-134.53
451.87	77.83	-136.22
456.57	77.54	-138.04
461.33	77.23	-140.12
466.13	76.98	-142.00
470.98	76.74	-144.05
475.89	76.55	-145.98
480.84	76.36	-148.04
485.85	76.22	-149.79
490.91	76.09	-152.01
496.02	75.98	-154.12
501.18	75.89	-156.22
506.40	75.84	-158.12
511.67	75.80	-160.47
517.00	75.81	-162.71
522.38	75.83	-164.78
527.82	75.89	-166.98
533.32	75.99	-169.06
538.87	76.13	-171.64
544.48	76.29	-173.76
550.15	76.51	-176.18
555.88	76.76	-178.43
561.66	77.07	179.18
567.51	77.48	176.70
573.42	77.95	174.38
579.39	78.48	172.17
585.42	79.15	169.69
591.52	80.12	166.47
597.68	81.10	163.51
603.90	82.45	159.70
610.19	83.87	155.82
616.54	86.28	148.75
622.96	89.28	134.71
629.45	91.43	112.33
636.00	92.42	84.42
642.62	92.30	53.22
649.31	91.05	21.37
656.07	88.80	-2.13
662.90	85.46	-18.56
669.80	82.58	-26.31
676.78	80.64	-30.87
683.82	78.99	-34.78
690.94	77.60	-38.18
698.14	76.36	-41.38
705.41	75.30	-44.45
712.75	74.39	-47.41
720.17	73.59	-50.33
727.67	72.82	-53.52
735.25	72.24	-56.28
742.90	71.66	-59.35
750.64	71.12	-62.49
758.45	70.66	-65.54
766.35	70.32	-68.30
774.33	69.99	-71.36
782.39	69.72	-74.47
790.53	69.53	-77.50
798.76	69.38	-80.90
807.08	69.29	-84.03
815.48	69.27	-87.12
823.97	69.31	-90.48
832.55	69.44	-93.88
841.22	69.66	-97.41
849.98	69.96	-100.93
858.83	70.37	-104.54
867.77	70.90	-108.29
876.81	71.56	-112.16
885.93	72.46	-116.53
895.16	73.56	-120.89
904.48	75.09	-126.31
913.90	77.28	-133.72
923.41	80.26	-148.29
933.02	82.59	-174.88
942.74	83.42	154.32
952.55	83.28	121.38
962.47	81.97	90.59
972.49	79.45	63.14
982.62	75.89	45.69
992.85	73.18	37.57
1003.19	71.12	31.47
1013.63	69.45	25.97
1024.18	68.18	21.09
1034.85	66.97	15.87
1045.62	65.96	10.74
1056.51	65.16	5.92
1067.51	64.39	0.24
1078.62	63.76	-5.22
1089.85	63.21	-11.05
1101.20	62.71	-17.10
1112.66	62.24	-23.32
1124.25	61.79	-29.28
1135.95	61.38	-35.07
1147.78	61.09	-40.42
1159.73	60.92	-45.70
1171.81	60.91	-51.35
1184.01	61.07	-57.19
1196.33	61.40	-63.22
1208.79	61.96	-69.47
1221.37	63.13	-77.12
1234.09	64.96	-89.80
1246.94	66.19	-113.20
1259.92	66.26	-138.52
1273.04	65.42	-164.69
1286.29	63.85	172.19
1299.69	61.20	151.13
1313.22	58.16	140.71
1326.89	56.10	136.54
1340.70	54.71	132.48
1354.66	53.80	127.38
1368.77	53.01	120.24
1383.02	52.20	112.33
1397.42	51.13	103.75
1411.97	50.06	96.25
1426.67	48.90	89.23
1441.52	47.79	83.23
1456.53	46.63	77.60
1471.69	45.35	72.57
1487.02	43.72	69.56
1502.50	41.66	72.75
1518.14	40.74	89.19
1533.95	42.10	105.39
1549.92	45.52	109.54
1566.06	48.35	103.15
1582.36	51.21	92.91
1598.84	54.05	71.36
1615.48	55.00	41.89
1632.30	53.60	16.70
1649.30	52.15	7.11
1666.47	51.54	0.64
1683.82	51.35	-5.43
1701.35	51.46	-10.39
1719.06	51.99	-15.02
1736.96	52.85	-21.29
1755.05	53.79	-27.38
1773.32	54.95	-33.80
1791.78	56.52	-39.90
1810.44	58.52	-47.34
1829.29	61.09	-55.55
1848.33	64.90	-66.75
1867.58	69.29	-95.17
1887.02	71.81	-132.19
1906.67	72.87	-172.25
1926.52	72.77	149.48
1946.58	71.45	110.99
1966.84	68.38	80.67
1987.32	65.65	67.64
2008.01	64.16	58.66
2028.92	63.59	50.00
2050.04	63.34	40.71
2071.39	63.49	31.67
2092.95	64.12	23.37
2114.74	65.45	15.17
2136.76	67.43	5.47
2159.01	71.23	-9.33
2181.49	74.46	-44.50
2204.20	75.92	-83.66
2227.15	76.24	-124.16
2250.34	75.51	-163.21
2273.76	73.46	159.17
2297.44	69.57	134.82
2321.36	67.44	124.62
2345.53	66.36	115.28
2369.95	65.98	106.02
2394.62	66.26	97.25
2419.55	67.26	87.80
2444.74	69.19	77.04
2470.20	73.01	59.34
2495.92	75.81	21.26
2521.90	76.94	-18.45
2548.16	77.03	-58.95
2574.69	76.14	-98.44
2601.50	73.93	-136.62
2628.58	70.24	-158.33
2655.95	68.59	-168.84
2683.60	68.05	-179.51
2711.54	68.35	169.91
2739.77	69.68	158.36
2768.30	72.60	144.05
2797.12	75.93	108.13
2826.24	77.19	67.17
2855.67	77.54	27.32
2885.40	77.15	-13.96
2915.44	75.60	-54.72
2945.80	72.17	-85.33
2976.47	70.11	-98.74
3007.45	69.44	-109.97
3038.77	70.28	-121.11
3070.41	72.78	-135.05
3102.37	76.28	-168.64
3134.67	78.01	149.35
3167.31	78.68	106.18
3200.29	78.50	61.10
3233.61	77.04	18.37
3267.27	73.96	-16.47
3301.29	72.07	-32.93
3335.66	72.17	-47.26
3370.39	74.64	-66.69
3405.48	77.17	-106.76
3440.94	78.03	-151.29
3476.76	78.05	163.19
3512.96	76.99	118.75
3549.54	75.30	75.95
3586.49	72.02	43.46
3623.83	70.70	26.93
3661.56	71.82	3.37
3699.69	72.66	-33.25
3738.20	72.04	-72.33
3777.13	71.29	-97.49
3816.45	73.01	-128.44
3856.19	73.50	-169.78
3896.33	73.81	154.07
3936.90	74.89	114.24
3977.89	75.88	66.20
4019.31	74.97	12.55
4061.15	73.51	-37.14
4103.44	70.93	-82.64
4146.16	67.84	-120.77
4189.33	65.64	-142.48
4232.94	66.80	-169.88
4277.01	65.93	142.80
4321.55	65.09	108.56
4366.54	64.75	72.51
4412.00	65.98	28.94
4457.94	64.35	-47.33
4504.35	60.34	-139.06
4551.25	59.82	102.77
4598.63	59.63	-42.18
4646.51	58.72	169.07
4694.89	57.52	30.61
4743.77	60.78	-76.73
4793.16	63.06	-165.53
4843.06	65.57	122.56
4893.49	65.78	62.77
4944.44	65.86	16.29
4995.91	67.83	-37.87
5047.93	66.92	-108.76
5100.49	62.22	164.96
5153.59	60.84	79.34
5207.25	62.10	-13.95
5261.46	64.48	-120.77
5316.24	64.43	136.92
5371.59	67.65	45.21
5427.52	70.59	-13.13
5484.03	72.26	-70.27
5541.12	74.15	-136.11
5598.82	73.48	162.20
5657.11	73.33	111.08
5716.01	74.35	56.03
5775.52	75.78	-1.76
5835.65	75.19	-75.50
5896.41	73.47	-123.84
5957.80	74.95	-174.91
6019.83	76.08	123.87
6082.50	76.26	51.11
6145.83	74.02	-13.97
6209.82	74.26	-63.93
6274.47	74.51	-138.67
6339.80	71.81	113.56
6405.81	69.31	-2.10
6472.50	68.51	-111.86
6539.89	70.06	103.25
6607.98	69.43	-83.83
6676.78	70.14	110.73
6746.29	71.38	-15.22
6816.53	73.50	-140.28
6887.50	75.58	83.94
6959.21	75.99	-0.16
7031.67	76.14	-74.45
7104.88	77.78	161.80
7178.85	79.13	-2.47
7253.59	77.99	-174.43
7329.11	78.42	4.77
7405.42	80.03	163.30
7482.52	79.81	-57.77
7560.43	79.12	112.04
7639.14	79.36	-73.67
7718.68	78.80	95.33
7799.04	78.20	-91.74
7880.24	79.54	81.74
7962.29	79.05	-101.51
8045.19	77.80	93.61
8128.95	77.76	-73.85
8213.58	77.26	136.92
8299.10	76.99	7.31
8385.50	74.36	-117.94
8472.81	72.60	37.76
8561.02	71.68	-178.51
8650.16	71.37	-52.36
8740.22	71.53	33.38
8831.22	71.83	128.09
8923.16	74.48	-104.87
9016.07	76.96	41.67
9109.94	78.02	177.72
9204.79	80.01	8.47
9300.62	82.10	-160.87
9397.46	81.71	30.32
9495.30	83.25	-113.93
9594.16	83.09	133.33
9694.05	84.01	13.61
9794.98	84.37	-111.57
9896.96	83.32	131.07
