Frequenz   SPL  Phase

20.00	60.30	-85.61
20.21	61.49	-90.45
21.06	62.66	-97.41
21.73	63.45	-105.26
22.41	63.94	-110.38
23.12	64.79	-113.82
23.85	65.77	-119.40
24.60	66.48	-125.20
25.38	67.12	-130.35
26.18	67.71	-135.12
27.01	68.35	-139.08
27.57	69.08	-143.72
28.44	69.65	-148.92
29.04	70.15	-153.27
29.95	70.70	-157.72
30.58	71.14	-162.22
31.22	71.56	-165.79
31.88	72.08	-169.64
32.88	72.50	-174.04
33.57	72.84	-177.16
34.27	73.34	179.76
34.99	73.82	175.58
35.72	74.17	171.85
36.47	74.52	168.46
37.23	74.90	165.19
38.01	75.47	160.19
38.81	75.65	158.47
39.21	76.01	155.05
40.03	76.33	151.65
40.87	76.64	148.34
41.73	76.94	145.18
42.16	77.24	142.03
43.04	77.53	138.91
43.94	77.83	135.83
44.40	78.11	132.62
45.33	78.36	129.52
45.80	78.62	126.54
46.76	78.86	123.53
47.25	79.11	120.58
48.24	79.34	117.56
48.74	79.55	114.58
49.76	79.76	111.70
50.28	79.96	108.86
51.33	80.15	106.13
51.86	80.36	103.36
52.40	80.54	100.59
53.50	80.73	97.89
54.06	80.91	95.14
54.62	81.08	92.45
55.76	81.24	89.76
56.35	81.40	87.08
56.93	81.55	84.49
57.52	81.69	81.90
58.73	81.84	79.35
59.34	81.97	76.78
59.96	82.10	74.26
60.58	82.22	71.80
61.21	82.35	69.35
62.49	82.47	66.89
63.15	82.64	63.23
63.80	82.75	60.77
64.47	82.79	59.60
65.14	82.89	57.25
65.82	82.98	54.91
66.50	83.08	52.64
67.19	83.17	50.35
67.89	83.26	48.08
68.60	83.35	45.81
69.31	83.43	43.55
70.04	83.51	41.33
70.77	83.58	39.10
71.50	83.65	36.90
72.25	83.72	34.73
73.00	83.78	32.59
73.76	83.84	30.46
74.53	83.90	28.37
75.30	83.97	26.28
76.09	84.03	24.17
76.88	84.08	22.10
77.68	84.13	20.04
78.49	84.18	17.97
79.31	84.22	15.92
80.13	84.26	13.91
80.97	84.34	9.96
81.81	84.38	7.99
82.66	84.41	6.05
83.52	84.45	4.13
84.39	84.48	2.19
85.27	84.51	0.27
86.16	84.56	-3.47
87.05	84.58	-5.33
87.96	84.61	-8.06
88.88	84.64	-9.87
89.80	84.67	-12.54
90.74	84.70	-14.33
91.68	84.72	-16.13
92.64	84.74	-17.91
93.60	84.78	-21.47
94.57	84.80	-23.24
95.56	84.81	-25.01
96.55	84.83	-28.54
97.56	84.84	-30.26
98.57	84.86	-33.68
99.60	84.86	-35.38
100.64	84.87	-37.05
101.69	84.89	-40.42
102.74	84.90	-42.08
103.81	84.92	-45.45
104.90	84.93	-47.14
105.99	84.94	-50.55
107.09	84.95	-52.24
108.21	84.95	-55.64
109.33	84.96	-57.37
110.47	84.95	-60.81
111.62	84.95	-62.52
112.78	84.94	-66.83
113.96	84.93	-70.36
115.14	84.91	-72.11
116.34	84.89	-74.77
117.55	84.85	-78.32
118.78	84.83	-80.13
120.01	84.78	-83.74
121.26	84.71	-87.34
122.53	84.67	-89.16
123.80	84.59	-92.81
125.09	84.49	-96.48
126.39	84.38	-100.16
127.71	84.32	-102.00
129.04	84.18	-105.66
130.38	84.04	-109.31
131.74	83.88	-112.99
133.11	83.71	-116.69
134.50	83.52	-120.41
135.90	83.32	-124.15
137.31	83.21	-126.03
138.74	82.92	-130.78
140.19	82.66	-134.63
141.65	82.39	-138.53
143.12	82.16	-141.53
144.61	81.83	-145.59
146.12	81.46	-149.75
147.64	80.82	-156.08
149.18	80.33	-160.36
150.73	79.76	-164.67
152.30	79.13	-168.97
153.88	78.41	-173.22
155.49	77.60	-177.39
157.10	76.69	178.53
158.74	75.06	172.73
160.39	73.76	169.20
162.06	72.21	166.16
163.75	68.42	164.37
165.45	65.51	169.74
167.18	63.04	-175.53
168.92	61.76	-151.12
170.68	61.37	-132.86
172.45	61.65	-114.59
174.25	63.50	-89.07
176.06	65.85	-77.52
177.90	69.07	-74.41
179.75	70.59	-75.37
181.62	72.36	-77.99
183.51	73.72	-81.15
185.42	74.48	-83.41
187.35	75.60	-87.54
189.30	76.16	-89.91
191.27	76.90	-93.54
193.27	77.44	-96.60
195.28	78.01	-100.26
197.31	78.36	-102.67
199.36	78.82	-106.26
201.44	79.23	-109.78
203.54	79.59	-113.15
205.66	79.92	-116.35
207.80	80.23	-119.52
209.96	80.51	-122.60
212.15	80.79	-125.60
214.36	81.09	-129.03
216.59	81.34	-131.96
218.84	81.53	-134.36
221.12	81.75	-137.18
223.42	81.96	-139.89
225.75	82.18	-142.56
228.10	82.40	-145.23
230.48	82.69	-148.79
232.88	82.91	-151.45
235.30	83.12	-154.13
237.75	83.42	-158.13
240.22	83.62	-160.78
242.73	83.81	-163.39
245.25	84.04	-166.38
247.81	84.24	-168.92
250.39	84.51	-172.24
252.99	84.71	-174.75
255.63	84.99	-178.07
258.29	85.28	178.62
260.98	85.49	176.13
263.70	85.83	172.42
266.44	86.14	169.10
269.21	86.46	165.78
272.02	86.66	163.72
274.85	87.00	160.45
277.71	87.36	157.14
280.60	87.74	153.80
283.52	88.13	150.44
286.48	88.55	147.06
289.46	89.06	143.18
292.47	89.54	139.67
295.52	90.05	136.07
298.59	90.68	131.90
301.70	91.29	128.05
304.84	91.94	124.00
308.02	92.85	118.58
311.23	93.66	113.88
314.47	94.70	107.89
317.74	95.99	100.08
321.05	97.14	92.46
324.39	98.52	81.32
327.77	99.94	65.66
331.18	100.82	50.42
334.63	101.34	29.09
338.11	101.01	5.11
341.63	100.32	-11.53
345.19	98.93	-29.84
348.78	97.41	-42.83
352.42	95.67	-54.28
356.08	94.06	-63.10
359.79	92.59	-70.18
363.54	91.17	-76.71
367.32	89.77	-83.13
371.15	88.71	-88.00
375.01	87.82	-92.13
378.92	86.88	-96.54
382.86	85.82	-101.55
386.85	84.98	-105.52
390.87	83.95	-110.48
394.94	83.19	-114.16
399.06	82.39	-118.03
403.21	81.56	-122.21
407.41	80.89	-125.65
411.65	80.10	-129.75
415.94	79.27	-134.14
420.27	78.52	-138.21
424.64	77.83	-141.94
429.06	77.07	-145.99
433.53	76.31	-149.95
438.04	75.47	-154.22
442.61	74.68	-158.12
447.21	73.75	-162.62
451.87	72.98	-166.14
456.57	72.11	-169.93
461.33	71.05	-174.28
466.13	69.99	-178.24
470.98	68.76	177.56
475.89	67.49	173.71
480.84	65.94	169.69
485.85	64.39	166.30
490.91	61.87	162.35
496.02	58.37	160.83
501.18	54.09	179.59
506.40	52.47	-155.37
511.67	51.91	-125.80
517.00	52.85	-98.97
522.38	54.86	-74.47
527.82	59.30	-57.70
533.32	62.69	-59.93
538.87	65.39	-64.60
544.48	67.16	-68.64
550.15	68.90	-73.37
555.88	70.36	-77.89
561.66	71.81	-82.79
567.51	73.27	-88.06
573.42	74.61	-93.11
579.39	75.88	-97.91
585.42	77.26	-103.19
591.52	78.99	-109.74
597.68	80.56	-115.54
603.90	82.54	-122.57
610.19	84.50	-129.27
616.54	87.63	-140.83
622.96	91.07	-161.85
629.45	93.16	171.05
636.00	94.08	139.71
642.62	93.92	105.19
649.31	92.51	70.27
656.07	90.06	45.72
662.90	86.90	29.72
669.80	84.39	19.86
676.78	82.65	12.66
683.82	81.15	5.77
690.94	79.85	-0.78
698.14	78.64	-7.39
705.41	77.55	-13.81
712.75	76.56	-20.10
720.17	75.63	-26.39
727.67	74.66	-33.26
735.25	73.85	-39.11
742.90	72.98	-45.52
750.64	72.07	-52.21
758.45	71.16	-58.78
766.35	70.33	-64.81
774.33	69.37	-71.39
782.39	68.36	-77.98
790.53	67.25	-84.51
798.76	65.88	-91.51
807.08	64.39	-97.79
815.48	62.49	-103.55
823.97	59.55	-108.15
832.55	55.55	-96.87
841.22	53.91	-73.34
849.98	53.63	-50.60
858.83	54.60	-27.82
867.77	57.02	-7.23
876.81	61.28	9.43
885.93	66.17	6.11
895.16	69.56	-0.90
904.48	73.04	-9.71
913.90	76.82	-20.55
923.41	81.32	-39.37
933.02	84.77	-71.63
942.74	86.47	-107.63
952.55	87.11	-145.99
962.47	86.42	178.00
972.49	84.33	145.18
982.62	81.02	123.79
992.85	78.70	111.89
1003.19	76.99	101.67
1013.63	75.60	91.69
1024.18	74.51	82.62
1034.85	73.44	72.68
1045.62	72.50	62.81
1056.51	71.68	53.50
1067.51	70.77	42.71
1078.62	69.92	32.48
1089.85	69.03	21.74
1101.20	68.05	10.69
1112.66	66.93	-0.58
1124.25	65.56	-11.66
1135.95	63.84	-22.34
1147.78	61.64	-31.41
1159.73	58.64	-36.53
1171.81	55.38	-25.92
1184.01	54.07	-8.37
1196.33	54.35	9.28
1208.79	55.94	25.95
1221.37	59.67	41.14
1234.09	65.13	39.71
1246.94	69.60	15.55
1259.92	71.99	-13.26
1273.04	73.12	-43.70
1286.29	73.13	-71.44
1299.69	71.94	-97.42
1313.22	70.32	-112.84
1326.89	69.51	-123.32
1340.70	69.22	-134.57
1354.66	69.18	-146.44
1368.77	69.17	-160.52
1383.02	69.02	-174.78
1397.42	68.65	169.36
1411.97	68.14	154.85
1426.67	67.50	140.45
1441.52	66.81	127.12
1456.53	66.04	114.08
1471.69	65.13	101.49
1487.02	63.94	89.77
1502.50	61.95	80.87
1518.14	60.17	88.60
1533.95	61.13	99.30
1549.92	64.15	98.45
1566.06	66.67	87.08
1582.36	69.14	73.63
1598.84	72.27	50.35
1615.48	73.59	13.54
1632.30	72.38	-20.16
1649.30	70.66	-39.36
1666.47	69.66	-54.31
1683.82	68.96	-69.02
1701.35	68.45	-83.37
1719.06	68.07	-97.29
1736.96	67.79	-112.02
1755.05	67.53	-126.14
1773.32	67.30	-140.55
1791.78	67.12	-154.86
1810.44	66.92	-169.95
1829.29	66.58	175.31
1848.33	66.22	165.90
1867.58	67.04	153.32
1887.02	67.54	137.74
1906.67	67.92	121.12
1926.52	68.24	105.32
1946.58	69.17	87.54
1966.84	69.34	63.50
1987.32	69.02	45.75
2008.01	69.17	27.61
2028.92	69.26	9.60
2050.04	69.27	-10.14
2071.39	69.17	-27.80
2092.95	69.33	-44.78
2114.74	69.97	-61.91
2136.76	70.83	-80.40
2159.01	72.72	-105.60
2181.49	72.38	-148.25
2204.20	70.04	-172.11
2227.15	68.55	166.85
2250.34	66.92	148.81
2273.76	65.45	134.87
2297.44	63.81	130.79
2321.36	65.83	127.27
2345.53	67.38	107.75
2369.95	68.48	86.54
2394.62	69.42	64.16
2419.55	70.03	41.50
2444.74	71.18	20.15
2470.20	73.77	-8.48
2495.92	74.35	-56.81
2521.90	71.40	-96.54
2548.16	69.02	-119.31
2574.69	67.18	-140.74
2601.50	64.92	-161.07
2628.58	62.14	-165.15
2655.95	62.84	-160.09
2683.60	65.89	-173.72
2711.54	67.83	164.65
2739.77	69.82	141.11
2768.30	72.67	115.25
2797.12	75.28	67.73
2826.24	74.78	14.92
2855.67	71.37	-26.71
2885.40	68.65	-52.35
2915.44	66.24	-75.87
2945.80	62.90	-89.86
2976.47	61.94	-87.35
3007.45	63.85	-85.70
3038.77	67.91	-103.49
3070.41	71.68	-130.13
3102.37	75.05	-177.39
3134.67	75.59	132.02
3167.31	74.86	86.75
3200.29	73.11	42.36
3233.61	69.71	-9.78
3267.27	66.26	-95.25
3301.29	64.81	-162.79
3335.66	66.40	127.37
3370.39	70.03	46.69
3405.48	74.57	-54.51
3440.94	76.95	-132.20
3476.76	76.52	172.36
3512.96	74.85	117.35
3549.54	71.30	38.80
3586.49	67.73	-44.32
3623.83	67.22	-111.22
3661.56	70.48	171.48
3699.69	73.37	71.90
3738.20	74.71	-25.46
3777.13	74.16	-70.41
3816.45	75.76	-120.58
3856.19	73.88	175.62
3896.33	71.04	96.82
3936.90	71.54	11.97
3977.89	74.14	-81.74
4019.31	74.45	160.91
4061.15	73.93	59.64
4103.44	74.26	-21.60
4146.16	72.84	-78.48
4189.33	69.69	-116.33
4232.94	68.51	-146.75
4277.01	67.37	178.78
4321.55	67.31	152.33
4366.54	67.66	118.47
4412.00	69.18	86.16
4457.94	70.13	39.04
4504.35	69.87	-8.83
4551.25	68.90	-49.86
4598.63	68.76	-86.67
4646.51	69.11	-124.51
4694.89	70.18	-166.14
4743.77	70.15	142.06
4793.16	69.83	98.43
4843.06	69.88	49.94
4893.49	68.57	4.59
4944.44	67.85	-35.27
4995.91	68.39	-74.94
5047.93	68.07	-122.66
5100.49	68.01	-162.74
5153.59	68.81	155.36
5207.25	70.77	101.12
5261.46	69.67	6.52
5316.24	68.98	-96.29
5371.59	70.40	150.60
5427.52	70.93	30.68
5484.03	69.48	-90.71
5541.12	69.01	172.66
5598.82	69.18	110.72
5657.11	67.98	60.44
5716.01	68.41	13.65
5775.52	69.38	-33.45
5835.65	70.09	-96.70
5896.41	69.11	-155.45
5957.80	68.27	131.72
6019.83	69.47	10.48
6082.50	68.55	-116.47
6145.83	67.88	127.02
6209.82	67.72	1.07
6274.47	69.09	-163.93
6339.80	71.04	49.36
6405.81	69.44	-76.20
6472.50	68.52	142.09
6539.89	70.57	-33.85
6607.98	71.28	158.06
6676.78	69.58	24.82
6746.29	69.18	-112.68
6816.53	72.63	68.39
6887.50	74.22	-92.65
6959.21	72.91	140.90
7031.67	74.92	8.38
7104.88	76.99	-164.77
7178.85	78.71	25.62
7253.59	78.34	-124.98
7329.11	80.72	79.91
7405.42	81.58	-107.07
7482.52	80.91	59.61
7560.43	80.28	-108.10
7639.14	78.67	86.53
7718.68	78.19	-91.35
7799.04	76.58	63.06
7880.24	77.00	176.82
7962.29	75.87	-87.47
8045.19	76.41	3.07
8128.95	76.16	83.22
8213.58	74.34	168.14
8299.10	74.33	-90.14
8385.50	71.96	6.24
8472.81	73.42	76.09
8561.02	71.89	123.93
8650.16	72.92	112.24
8740.22	74.65	131.30
8831.22	76.65	154.64
8923.16	78.13	-157.81
9016.07	79.74	-59.78
9109.94	80.11	74.11
9204.79	80.17	-141.69
9300.62	81.50	11.03
9397.46	80.91	179.53
9495.30	82.38	-38.87
9594.16	82.92	90.13
9694.05	83.55	-147.88
9794.98	84.47	-26.56
9896.96	82.94	93.43
