Frequenz  SPL   Phase

20.00	56.66	-19.21
20.21	57.37	-29.56
21.06	58.26	-34.78
21.73	59.33	-41.32
22.41	60.15	-47.48
23.12	60.98	-52.21
23.85	61.87	-56.55
24.60	62.81	-60.81
25.38	63.76	-65.26
26.18	64.71	-69.89
27.01	65.57	-74.92
27.57	66.33	-79.37
28.44	67.15	-83.24
29.04	68.01	-87.89
29.95	68.69	-92.41
30.58	69.42	-95.83
31.22	70.32	-99.94
31.88	71.07	-105.28
32.88	71.61	-109.92
33.57	72.22	-113.35
34.27	72.95	-117.35
34.99	73.59	-122.02
35.72	74.14	-126.35
36.47	74.69	-130.36
37.23	75.26	-134.43
38.01	76.04	-140.92
38.81	76.25	-143.01
39.21	76.70	-147.07
40.03	77.12	-150.95
40.87	77.53	-154.69
41.73	77.95	-158.28
42.16	78.36	-161.93
43.04	78.76	-165.52
43.94	79.16	-169.08
44.40	79.54	-172.79
45.33	79.89	-176.39
45.80	80.24	-180.00
46.76	80.56	176.44
47.25	80.86	172.96
48.24	81.15	169.60
48.74	81.43	166.30
49.76	81.71	163.01
50.28	81.97	159.87
51.33	82.25	156.71
51.86	82.51	153.44
52.40	82.75	150.25
53.50	82.97	147.08
54.06	83.17	144.01
54.62	83.37	141.13
55.76	83.58	138.28
56.35	83.79	135.44
56.93	84.00	132.52
57.52	84.18	129.62
58.73	84.36	126.79
59.34	84.53	124.02
59.96	84.69	121.28
60.58	84.85	118.61
61.21	85.00	115.95
62.49	85.14	113.34
63.15	85.35	109.53
63.80	85.48	107.03
64.47	85.55	105.79
65.14	85.68	103.31
65.82	85.80	100.87
66.50	85.91	98.49
67.19	86.03	96.13
67.89	86.14	93.78
68.60	86.24	91.50
69.31	86.34	89.28
70.04	86.45	87.07
70.77	86.55	84.89
71.50	86.64	82.74
72.25	86.73	80.63
73.00	86.83	78.55
73.76	86.92	76.47
74.53	87.01	74.42
75.30	87.10	72.39
76.09	87.18	70.39
76.88	87.26	68.41
77.68	87.34	66.45
78.49	87.41	64.54
79.31	87.49	62.68
80.13	87.57	60.82
80.97	87.72	57.15
81.81	87.80	55.34
82.66	87.87	53.54
83.52	87.94	51.75
84.39	88.01	49.99
85.27	88.07	48.27
86.16	88.20	44.89
87.05	88.27	43.24
87.96	88.37	40.80
88.88	88.44	39.19
89.80	88.54	36.78
90.74	88.61	35.20
91.68	88.68	33.61
92.64	88.74	32.04
93.60	88.88	28.95
94.57	88.94	27.42
95.56	89.01	25.92
96.55	89.15	22.94
97.56	89.21	21.43
98.57	89.35	18.48
99.60	89.41	17.02
100.64	89.48	15.57
101.69	89.61	12.68
102.74	89.68	11.26
103.81	89.82	8.47
104.90	89.89	7.08
105.99	90.04	4.25
107.09	90.11	2.83
108.21	90.25	0.03
109.33	90.32	-1.36
110.47	90.47	-4.16
111.62	90.54	-5.53
112.78	90.72	-8.96
113.96	90.87	-11.70
115.14	90.95	-13.07
116.34	91.06	-15.13
117.55	91.21	-17.85
118.78	91.29	-19.21
120.01	91.45	-21.92
121.26	91.62	-24.68
122.53	91.71	-26.08
123.80	91.88	-28.87
125.09	92.05	-31.72
126.39	92.23	-34.62
127.71	92.32	-36.08
129.04	92.50	-39.03
130.38	92.68	-42.05
131.74	92.86	-45.17
133.11	93.04	-48.36
134.50	93.21	-51.63
135.90	93.37	-54.98
137.31	93.45	-56.67
138.74	93.63	-60.98
140.19	93.77	-64.48
141.65	93.90	-68.03
143.12	93.98	-70.74
144.61	94.09	-74.38
146.12	94.18	-78.07
147.64	94.30	-83.67
149.18	94.35	-87.46
150.73	94.39	-91.27
152.30	94.41	-95.09
153.88	94.41	-98.90
155.49	94.39	-102.66
157.10	94.35	-106.38
158.74	94.26	-111.86
160.39	94.19	-115.45
162.06	94.10	-118.98
163.75	93.91	-124.96
165.45	93.79	-128.27
167.18	93.66	-131.50
168.92	93.49	-135.43
170.68	93.35	-138.50
172.45	93.20	-141.52
174.25	92.97	-145.91
176.06	92.80	-148.74
177.90	92.54	-152.81
179.75	92.36	-155.39
181.62	92.10	-159.09
183.51	91.83	-162.63
185.42	91.66	-164.88
187.35	91.38	-168.69
189.30	91.22	-170.83
191.27	90.97	-173.99
193.27	90.77	-176.53
195.28	90.53	-179.49
197.31	90.37	178.58
199.36	90.12	175.78
201.44	89.88	173.14
203.54	89.63	170.67
205.66	89.40	168.38
207.80	89.18	166.17
209.96	88.98	164.06
212.15	88.79	162.03
214.36	88.59	159.75
216.59	88.43	157.82
218.84	88.31	156.27
221.12	88.16	154.45
223.42	88.03	152.69
225.75	87.91	150.97
228.10	87.81	149.27
230.48	87.69	146.99
232.88	87.61	145.31
235.30	87.53	143.64
237.75	87.44	141.14
240.22	87.38	139.51
242.73	87.32	137.92
245.25	87.27	136.12
247.81	87.24	134.62
250.39	87.21	132.67
252.99	87.20	131.24
255.63	87.21	129.31
258.29	87.24	127.41
260.98	87.28	125.96
263.70	87.35	123.80
266.44	87.43	121.87
269.21	87.52	119.95
272.02	87.60	118.77
274.85	87.72	116.90
277.71	87.88	115.02
280.60	88.06	113.12
283.52	88.26	111.22
286.48	88.49	109.31
289.46	88.79	107.10
292.47	89.08	105.10
295.52	89.41	103.04
298.59	89.84	100.64
301.70	90.26	98.39
304.84	90.72	96.01
308.02	91.38	92.79
311.23	91.98	89.95
314.47	92.74	86.33
317.74	93.69	81.71
321.05	94.56	77.30
324.39	95.65	71.06
327.77	96.97	62.19
331.18	98.04	52.91
334.63	99.17	38.22
338.11	99.86	18.71
341.63	99.93	3.66
345.19	99.46	-14.88
348.78	98.51	-29.86
352.42	97.13	-44.19
356.08	95.57	-55.30
359.79	94.02	-63.53
363.54	92.49	-70.17
367.32	91.00	-76.03
371.15	89.88	-80.04
375.01	88.97	-83.17
378.92	88.03	-86.31
382.86	86.99	-89.69
386.85	86.20	-92.15
390.87	85.27	-95.06
394.94	84.61	-97.10
399.06	83.95	-99.25
403.21	83.29	-101.49
407.41	82.78	-103.32
411.65	82.20	-105.50
415.94	81.63	-107.75
420.27	81.13	-109.78
424.64	80.71	-111.61
429.06	80.28	-113.58
433.53	79.88	-115.50
438.04	79.47	-117.54
442.61	79.13	-119.38
447.21	78.75	-121.51
451.87	78.47	-123.11
456.57	78.19	-124.80
461.33	77.90	-126.72
466.13	77.67	-128.46
470.98	77.45	-130.34
475.89	77.29	-132.10
480.84	77.13	-134.06
485.85	77.02	-135.74
490.91	76.90	-137.89
496.02	76.81	-139.88
501.18	76.74	-141.88
506.40	76.70	-143.65
511.67	76.69	-145.84
517.00	76.72	-147.93
522.38	76.77	-149.88
527.82	76.85	-151.94
533.32	76.97	-153.93
538.87	77.14	-156.37
544.48	77.31	-158.36
550.15	77.55	-160.63
555.88	77.82	-162.73
561.66	78.15	-164.95
567.51	78.58	-167.21
573.42	79.07	-169.37
579.39	79.63	-171.45
585.42	80.32	-173.81
591.52	81.31	-176.92
597.68	82.29	-179.82
603.90	83.63	176.41
610.19	85.01	172.57
616.54	87.29	165.72
622.96	90.10	153.32
629.45	92.33	133.11
636.00	93.52	106.50
642.62	93.63	76.21
649.31	92.63	45.22
656.07	90.68	21.94
662.90	87.62	4.09
669.80	84.76	-4.86
676.78	82.81	-9.74
683.82	81.18	-13.76
690.94	79.82	-17.19
698.14	78.61	-20.44
705.41	77.58	-23.46
712.75	76.71	-26.31
720.17	75.95	-29.11
727.67	75.23	-32.15
735.25	74.69	-34.79
742.90	74.16	-37.67
750.64	73.67	-40.64
758.45	73.27	-43.51
766.35	72.97	-46.10
774.33	72.70	-48.97
782.39	72.49	-51.80
790.53	72.35	-54.64
798.76	72.26	-57.78
807.08	72.24	-60.68
815.48	72.29	-63.53
823.97	72.41	-66.66
832.55	72.61	-69.87
841.22	72.90	-73.12
849.98	73.27	-76.44
858.83	73.75	-79.80
867.77	74.34	-83.28
876.81	75.06	-86.88
885.93	76.02	-90.94
895.16	77.16	-95.00
904.48	78.71	-100.00
913.90	80.85	-106.61
923.41	83.81	-118.64
933.02	86.52	-143.07
942.74	87.72	-173.26
952.55	87.92	154.21
962.47	86.97	123.48
972.49	84.86	95.36
982.62	81.49	75.43
992.85	78.76	66.63
1003.19	76.74	60.50
1013.63	75.16	55.10
1024.18	73.97	50.44
1034.85	72.89	45.42
1045.62	72.02	40.55
1056.51	71.35	35.99
1067.51	70.75	30.63
1078.62	70.28	25.49
1089.85	69.90	20.00
1101.20	69.60	14.29
1112.66	69.33	8.38
1124.25	69.07	2.64
1135.95	68.88	-2.84
1147.78	68.81	-7.97
1159.73	68.86	-12.95
1171.81	69.11	-18.35
1184.01	69.52	-23.95
1196.33	70.10	-29.78
1208.79	70.89	-35.87
1221.37	72.28	-43.30
1234.09	74.24	-54.73
1246.94	75.87	-76.28
1259.92	76.42	-100.56
1273.04	76.11	-125.89
1286.29	75.10	-148.48
1299.69	73.13	-169.37
1313.22	70.71	178.88
1326.89	69.11	173.87
1340.70	68.23	169.44
1354.66	67.85	164.21
1368.77	67.67	157.07
1383.02	67.50	149.34
1397.42	67.27	140.80
1411.97	67.10	133.24
1426.67	67.01	125.82
1441.52	67.05	119.20
1456.53	67.28	112.91
1471.69	67.74	106.70
1487.02	68.45	100.65
1502.50	69.56	94.22
1518.14	71.24	87.13
1533.95	73.62	78.47
1549.92	77.19	56.75
1566.06	79.17	23.81
1582.36	79.87	-10.13
1598.84	79.40	-45.51
1615.48	77.79	-79.02
1632.30	74.69	-107.79
1649.30	71.39	-120.30
1666.47	69.28	-127.32
1683.82	67.81	-133.32
1701.35	66.91	-139.03
1719.06	66.35	-144.75
1736.96	66.12	-150.49
1755.05	66.22	-156.34
1773.32	66.61	-162.83
1791.78	67.27	-169.22
1810.44	68.40	-176.22
1829.29	70.06	176.42
1848.33	72.82	167.49
1867.58	76.56	144.14
1887.02	78.87	110.59
1906.67	79.81	72.95
1926.52	79.61	35.86
1946.58	78.40	-1.91
1966.84	75.31	-34.11
1987.32	72.07	-49.67
2008.01	70.01	-58.81
2028.92	68.96	-66.70
2050.04	68.44	-75.48
2071.39	68.33	-83.66
2092.95	68.68	-93.14
2114.74	69.34	-101.84
2136.76	70.82	-109.83
2159.01	74.11	-122.04
2181.49	77.31	-154.88
2204.20	78.64	167.37
2227.15	79.00	128.72
2250.34	78.49	88.62
2273.76	76.28	48.29
2297.44	71.79	21.58
2321.36	69.04	12.33
2345.53	67.49	4.56
2369.95	66.70	-2.77
2394.62	66.62	-8.96
2419.55	67.54	-15.11
2444.74	69.53	-24.19
2470.20	73.33	-40.54
2495.92	76.21	-78.11
2521.90	77.30	-117.76
2548.16	77.32	-158.28
2574.69	76.28	162.04
2601.50	73.80	124.26
2628.58	69.85	103.50
2655.95	68.07	94.78
2683.60	67.48	85.39
2711.54	67.76	75.86
2739.77	69.10	64.99
2768.30	72.00	50.58
2797.12	75.19	14.52
2826.24	76.21	-26.06
2855.67	76.36	-64.81
2885.40	75.82	-105.05
2915.44	74.08	-144.83
2945.80	70.44	-174.50
2976.47	68.01	173.24
3007.45	66.61	165.77
3038.77	67.80	164.63
3070.41	71.07	153.14
3102.37	75.13	121.30
3134.67	77.46	80.36
3167.31	78.91	37.50
3200.29	79.68	-14.23
3233.61	77.41	-61.30
3267.27	74.07	-94.93
3301.29	72.16	-110.31
3335.66	72.30	-124.39
3370.39	74.66	-143.15
3405.48	77.44	179.11
3440.94	78.54	134.23
3476.76	78.64	88.47
3512.96	77.48	44.52
3549.54	75.98	4.88
3586.49	73.16	-25.90
3623.83	72.39	-40.98
3661.56	74.29	-63.31
3699.69	76.20	-99.75
3738.20	77.49	-143.36
3777.13	77.80	173.94
3816.45	78.21	128.90
3856.19	77.38	77.73
3896.33	75.67	39.25
3936.90	74.91	0.83
3977.89	73.98	-37.22
4019.31	73.13	-76.86
4061.15	71.50	-119.34
4103.44	69.85	-152.19
4146.16	68.16	177.42
4189.33	68.06	154.88
4232.94	69.52	125.22
4277.01	70.18	84.05
4321.55	71.53	46.07
4366.54	72.50	-3.89
4412.00	72.65	-56.27
4457.94	70.50	-113.20
4504.35	67.83	-146.59
4551.25	67.35	-179.28
4598.63	67.28	142.70
4646.51	67.09	103.06
4694.89	67.01	64.46
4743.77	67.47	19.84
4793.16	67.67	-26.55
4843.06	66.65	-81.55
4893.49	63.84	-119.70
4944.44	63.22	-152.40
4995.91	63.27	179.25
5047.93	64.84	131.04
5100.49	63.93	87.71
5153.59	65.14	55.36
5207.25	66.52	-10.65
5261.46	68.89	-125.92
5316.24	68.68	111.06
5371.59	68.90	-0.80
5427.52	70.84	-115.62
5484.03	70.93	114.59
5541.12	70.84	33.45
5598.82	68.28	-22.08
5657.11	68.45	-72.24
5716.01	68.35	-151.17
5775.52	67.49	117.85
5835.65	67.58	1.28
5896.41	65.56	-124.64
5957.80	66.89	44.24
6019.83	67.74	-176.25
6082.50	69.50	-27.87
6145.83	68.59	147.61
6209.82	70.13	-15.78
6274.47	74.55	-148.44
6339.80	75.77	110.12
6405.81	74.15	42.37
6472.50	75.42	-11.84
6539.89	78.42	-88.96
6607.98	77.22	-168.14
6676.78	75.34	134.84
6746.29	77.78	79.60
6816.53	80.01	2.15
6887.50	80.14	-78.73
6959.21	80.41	-146.72
7031.67	81.04	128.17
7104.88	79.83	46.46
7178.85	77.87	-46.80
7253.59	76.99	175.46
7329.11	76.50	-13.44
7405.42	76.31	110.33
7482.52	77.47	-148.35
7560.43	76.65	-118.67
7639.14	77.99	-67.05
7718.68	78.99	-10.98
7799.04	79.71	92.26
7880.24	80.30	-156.60
7962.29	78.28	-26.65
8045.19	79.12	156.72
8128.95	78.26	-10.78
8213.58	73.79	-157.64
8299.10	72.77	77.41
8385.50	72.42	-55.38
8472.81	73.51	151.61
8561.02	72.91	15.82
8650.16	73.68	-107.23
8740.22	76.11	113.09
8831.22	75.92	-27.21
8923.16	76.04	160.59
9016.07	77.03	-26.50
9109.94	77.26	77.29
9204.79	77.52	126.94
9300.62	79.76	164.83
9397.46	81.50	-122.78
9495.30	83.75	-20.79
9594.16	84.36	115.97
9694.05	86.90	-41.02
9794.98	87.44	-164.61
9896.96	88.61	89.94
